#
# There is insufficient memory for the Java Runtime Environment to continue.
# Native memory allocation (malloc) failed to allocate 1304656 bytes for Chunk::new
# Possible reasons:
#   The system is out of physical RAM or swap space
#   The process is running with CompressedOops enabled, and the Java Heap may be blocking the growth of the native heap
# Possible solutions:
#   Reduce memory load on the system
#   Increase physical memory or swap space
#   Check if swap backing store is full
#   Decrease Java heap size (-Xmx/-Xms)
#   Decrease number of Java threads
#   Decrease Java thread stack sizes (-Xss)
#   Set larger code cache with -XX:ReservedCodeCacheSize=
#   JVM is running with Unscaled Compressed Oops mode in which the Java heap is
#     placed in the first 4GB address space. The Java Heap base address is the
#     maximum limit for the native heap growth. Please use -XX:HeapBaseMinAddress
#     to set the Java Heap base and to place the Java Heap above 4GB virtual address.
# This output file may be truncated or incomplete.
#
#  Out of Memory Error (arena.cpp:184), pid=25436, tid=26140
#
# JRE version: OpenJDK Runtime Environment Corretto-20.0.2.10.1 (20.0.2.1+10) (build 20.0.2.1+10-FR)
# Java VM: OpenJDK 64-Bit Server VM Corretto-20.0.2.10.1 (20.0.2.1+10-FR, mixed mode, sharing, tiered, compressed oops, compressed class ptrs, g1 gc, windows-amd64)
# No core dump will be written. Minidumps are not enabled by default on client versions of Windows
#

---------------  S U M M A R Y ------------

Command Line: --add-opens=java.base/java.util=ALL-UNNAMED --add-opens=java.base/java.lang=ALL-UNNAMED --add-opens=java.base/java.lang.invoke=ALL-UNNAMED --add-opens=java.prefs/java.util.prefs=ALL-UNNAMED --add-opens=java.base/java.nio.charset=ALL-UNNAMED --add-opens=java.base/java.net=ALL-UNNAMED --add-opens=java.base/java.util.concurrent.atomic=ALL-UNNAMED -XX:MaxMetaspaceSize=384m -XX:+HeapDumpOnOutOfMemoryError -Xms256m -Xmx512m -Dfile.encoding=windows-1252 -Duser.country=CA -Duser.language=en -Duser.variant -javaagent:C:\Users\touby\.gradle\wrapper\dists\gradle-8.5-bin\5t9huq95ubn472n8rpzujfbqh\gradle-8.5\lib\agents\gradle-instrumentation-agent-8.5.jar org.gradle.launcher.daemon.bootstrap.GradleDaemon 8.5

Host: 11th Gen Intel(R) Core(TM) i5-1155G7 @ 2.50GHz, 8 cores, 7G,  Windows 11 , 64 bit Build 22621 (10.0.22621.2506)
Time: Fri Dec 15 09:56:16 2023 Eastern Standard Time elapsed time: 123.472751 seconds (0d 0h 2m 3s)

---------------  T H R E A D  ---------------

Current thread (0x000001f8c6d09f70):  JavaThread "C2 CompilerThread0" daemon [_thread_in_native, id=26140, stack(0x00000011ae100000,0x00000011ae200000)]


Current CompileTask:
C2: 123473 4796       4       javax.management.ObjectName::construct (1135 bytes)

Stack: [0x00000011ae100000,0x00000011ae200000]
Native frames: (J=compiled Java code, j=interpreted, Vv=VM code, C=native code)
V  [jvm.dll+0x6ba11a]
V  [jvm.dll+0x8968da]
V  [jvm.dll+0x898665]
V  [jvm.dll+0x898d53]
V  [jvm.dll+0x27f9ff]
V  [jvm.dll+0xc3771]
V  [jvm.dll+0xc3a95]
V  [jvm.dll+0x3b8f02]
V  [jvm.dll+0x383445]
V  [jvm.dll+0x3828aa]
V  [jvm.dll+0x249089]
V  [jvm.dll+0x24847f]
V  [jvm.dll+0x1cbc81]
V  [jvm.dll+0x257f49]
V  [jvm.dll+0x256610]
V  [jvm.dll+0x3f0155]
V  [jvm.dll+0x843859]
V  [jvm.dll+0x6b8d9b]
C  [ucrtbase.dll+0x29363]
C  [KERNEL32.DLL+0x1257d]
C  [ntdll.dll+0x5aa58]


---------------  P R O C E S S  ---------------

Threads class SMR info:
_java_thread_list=0x000001f8c7b14eb0, length=40, elements={
0x000001f891cbddf0, 0x000001f8ae7acdc0, 0x000001f8ae7add60, 0x000001f8c6d04090,
0x000001f8c6d06da0, 0x000001f8c6d087e0, 0x000001f8c6d09210, 0x000001f8c6d09f70,
0x000001f8c6d0fc80, 0x000001f8c6e22710, 0x000001f8c6fa1eb0, 0x000001f8c6ff2850,
0x000001f8c890c320, 0x000001f8c6d70ec0, 0x000001f8c7b3f670, 0x000001f8c7424c50,
0x000001f8c7426190, 0x000001f8c74266e0, 0x000001f8c7423c60, 0x000001f8c74251a0,
0x000001f8c7425c40, 0x000001f8c7426c30, 0x000001f8c74256f0, 0x000001f8c7423710,
0x000001f8c7424700, 0x000001f8c939b690, 0x000001f8c9396c30, 0x000001f8c93966e0,
0x000001f8c939a6a0, 0x000001f8c939d120, 0x000001f8c939abf0, 0x000001f8c9399c00,
0x000001f8c93996b0, 0x000001f8c939c680, 0x000001f8c9397180, 0x000001f8c9398170,
0x000001f8c939a150, 0x000001f8c939cbd0, 0x000001f8c939c130, 0x000001f8c939d670
}

Java Threads: ( => current thread )
  0x000001f891cbddf0 JavaThread "main" [_thread_blocked, id=24776, stack(0x00000011ad400000,0x00000011ad500000)]
  0x000001f8ae7acdc0 JavaThread "Reference Handler" daemon [_thread_blocked, id=9840, stack(0x00000011adb00000,0x00000011adc00000)]
  0x000001f8ae7add60 JavaThread "Finalizer" daemon [_thread_blocked, id=25648, stack(0x00000011adc00000,0x00000011add00000)]
  0x000001f8c6d04090 JavaThread "Signal Dispatcher" daemon [_thread_blocked, id=22380, stack(0x00000011add00000,0x00000011ade00000)]
  0x000001f8c6d06da0 JavaThread "Attach Listener" daemon [_thread_blocked, id=23380, stack(0x00000011ade00000,0x00000011adf00000)]
  0x000001f8c6d087e0 JavaThread "Service Thread" daemon [_thread_blocked, id=28304, stack(0x00000011adf00000,0x00000011ae000000)]
  0x000001f8c6d09210 JavaThread "Monitor Deflation Thread" daemon [_thread_blocked, id=23172, stack(0x00000011ae000000,0x00000011ae100000)]
=>0x000001f8c6d09f70 JavaThread "C2 CompilerThread0" daemon [_thread_in_native, id=26140, stack(0x00000011ae100000,0x00000011ae200000)]
  0x000001f8c6d0fc80 JavaThread "C1 CompilerThread0" daemon [_thread_blocked, id=23296, stack(0x00000011ae200000,0x00000011ae300000)]
  0x000001f8c6e22710 JavaThread "Common-Cleaner" daemon [_thread_blocked, id=30940, stack(0x00000011ae300000,0x00000011ae400000)]
  0x000001f8c6fa1eb0 JavaThread "Notification Thread" daemon [_thread_blocked, id=30572, stack(0x00000011ae400000,0x00000011ae500000)]
  0x000001f8c6ff2850 JavaThread "Daemon health stats" [_thread_blocked, id=5688, stack(0x00000011aeb00000,0x00000011aec00000)]
  0x000001f8c890c320 JavaThread "Incoming local TCP Connector on port 57977" [_thread_in_native, id=32184, stack(0x00000011aec00000,0x00000011aed00000)]
  0x000001f8c6d70ec0 JavaThread "Daemon periodic checks" [_thread_blocked, id=32192, stack(0x00000011aed00000,0x00000011aee00000)]
  0x000001f8c7b3f670 JavaThread "Daemon" [_thread_blocked, id=32656, stack(0x00000011aee00000,0x00000011aef00000)]
  0x000001f8c7424c50 JavaThread "Handler for socket connection from /127.0.0.1:57977 to /127.0.0.1:57984" [_thread_in_native, id=32620, stack(0x00000011aef00000,0x00000011af000000)]
  0x000001f8c7426190 JavaThread "Cancel handler" [_thread_blocked, id=32688, stack(0x00000011af200000,0x00000011af300000)]
  0x000001f8c74266e0 JavaThread "Daemon worker" [_thread_blocked, id=32676, stack(0x00000011af300000,0x00000011af400000)]
  0x000001f8c7423c60 JavaThread "Asynchronous log dispatcher for DefaultDaemonConnection: socket connection from /127.0.0.1:57977 to /127.0.0.1:57984" [_thread_blocked, id=32292, stack(0x00000011af400000,0x00000011af500000)]
  0x000001f8c74251a0 JavaThread "Stdin handler" [_thread_blocked, id=31764, stack(0x00000011af500000,0x00000011af600000)]
  0x000001f8c7425c40 JavaThread "Daemon client event forwarder" [_thread_blocked, id=26396, stack(0x00000011af600000,0x00000011af700000)]
  0x000001f8c7426c30 JavaThread "Cache worker for journal cache (C:\Users\touby\.gradle\caches\journal-1)" [_thread_blocked, id=25148, stack(0x00000011af700000,0x00000011af800000)]
  0x000001f8c74256f0 JavaThread "File lock request listener" [_thread_in_native, id=32224, stack(0x00000011af800000,0x00000011af900000)]
  0x000001f8c7423710 JavaThread "File lock release action executor" [_thread_blocked, id=26292, stack(0x00000011af900000,0x00000011afa00000)]
  0x000001f8c7424700 JavaThread "Cache worker for file hash cache (C:\Users\touby\.gradle\caches\8.5\fileHashes)" [_thread_blocked, id=28792, stack(0x00000011afa00000,0x00000011afb00000)]
  0x000001f8c939b690 JavaThread "File watcher server" daemon [_thread_in_native, id=1656, stack(0x00000011afc00000,0x00000011afd00000)]
  0x000001f8c9396c30 JavaThread "File watcher consumer" daemon [_thread_blocked, id=7588, stack(0x00000011afd00000,0x00000011afe00000)]
  0x000001f8c93966e0 JavaThread "Cache worker for checksums cache (C:\Users\touby\Desktop\GBC\Semester5\COMP3095 - Web Application Development Usin Java\Assignments\Assignment2\assignment_02_submission\GBC_SpringSocial-28\friendship-service\.gradle\8.5\checksums)" [_thread_blocked, id=13816, stack(0x00000011afe00000,0x00000011aff00000)]
  0x000001f8c939a6a0 JavaThread "Cache worker for file hash cache (C:\Users\touby\Desktop\GBC\Semester5\COMP3095 - Web Application Development Usin Java\Assignments\Assignment2\assignment_02_submission\GBC_SpringSocial-28\friendship-service\.gradle\8.5\fileHashes)" [_thread_blocked, id=27884, stack(0x00000011aff00000,0x00000011b0000000)]
  0x000001f8c939d120 JavaThread "Cache worker for cache directory md-supplier (C:\Users\touby\.gradle\caches\8.5\md-supplier)" [_thread_blocked, id=25932, stack(0x00000011b0000000,0x00000011b0100000)]
  0x000001f8c939abf0 JavaThread "Cache worker for cache directory md-rule (C:\Users\touby\.gradle\caches\8.5\md-rule)" [_thread_blocked, id=32780, stack(0x00000011b0100000,0x00000011b0200000)]
  0x000001f8c9399c00 JavaThread "Cache worker for file content cache (C:\Users\touby\.gradle\caches\8.5\fileContent)" [_thread_blocked, id=32860, stack(0x00000011b0200000,0x00000011b0300000)]
  0x000001f8c93996b0 JavaThread "Cache worker for execution history cache (C:\Users\touby\.gradle\caches\8.5\executionHistory)" [_thread_blocked, id=32900, stack(0x00000011b0300000,0x00000011b0400000)]
  0x000001f8c939c680 JavaThread "jar transforms" [_thread_blocked, id=32948, stack(0x00000011b0400000,0x00000011b0500000)]
  0x000001f8c9397180 JavaThread "jar transforms Thread 2" [_thread_blocked, id=33472, stack(0x00000011b0500000,0x00000011b0600000)]
  0x000001f8c9398170 JavaThread "jar transforms Thread 3" [_thread_blocked, id=24968, stack(0x00000011ad100000,0x00000011ad200000)]
  0x000001f8c939a150 JavaThread "jar transforms Thread 4" [_thread_blocked, id=34164, stack(0x00000011ad200000,0x00000011ad300000)]
  0x000001f8c939cbd0 JavaThread "Cache worker for kotlin-dsl (C:\Users\touby\.gradle\caches\8.5\kotlin-dsl)" [_thread_blocked, id=34544, stack(0x00000011ad300000,0x00000011ad400000)]
  0x000001f8c939c130 JavaThread "jar transforms Thread 5" [_thread_blocked, id=35300, stack(0x00000011b0800000,0x00000011b0900000)]
  0x000001f8c939d670 JavaThread "jar transforms Thread 6" [_thread_in_Java, id=35344, stack(0x00000011b0900000,0x00000011b0a00000)]

Other Threads:
  0x000001f8ae78ef80 VMThread "VM Thread" [stack: 0x00000011ada00000,0x00000011adb00000] [id=27204]
  0x000001f8c6f37e70 WatcherThread "VM Periodic Task Thread" [stack: 0x00000011ae500000,0x00000011ae600000] [id=28984]
  0x000001f891ce7bd0 WorkerThread "GC Thread#0" [stack: 0x00000011ad500000,0x00000011ad600000] [id=31380]
  0x000001f8c6da4d50 WorkerThread "GC Thread#1" [stack: 0x00000011ae600000,0x00000011ae700000] [id=32524]
  0x000001f8c6da5020 WorkerThread "GC Thread#2" [stack: 0x00000011ae700000,0x00000011ae800000] [id=32528]
  0x000001f8c6da52f0 WorkerThread "GC Thread#3" [stack: 0x00000011ae800000,0x00000011ae900000] [id=32532]
  0x000001f8c6f02f30 WorkerThread "GC Thread#4" [stack: 0x00000011ae900000,0x00000011aea00000] [id=32536]
  0x000001f8c7915780 WorkerThread "GC Thread#5" [stack: 0x00000011aea00000,0x00000011aeb00000] [id=32548]
  0x000001f8c79154b0 WorkerThread "GC Thread#6" [stack: 0x00000011af000000,0x00000011af100000] [id=32716]
  0x000001f8c7915a50 WorkerThread "GC Thread#7" [stack: 0x00000011af100000,0x00000011af200000] [id=32724]
  0x000001f891cecae0 ConcurrentGCThread "G1 Main Marker" [stack: 0x00000011ad600000,0x00000011ad700000] [id=22256]
  0x000001f891ced510 WorkerThread "G1 Conc#0" [stack: 0x00000011ad700000,0x00000011ad800000] [id=172]
  0x000001f8c8ca64d0 WorkerThread "G1 Conc#1" [stack: 0x00000011afb00000,0x00000011afc00000] [id=28112]
  0x000001f8ae64a180 ConcurrentGCThread "G1 Refine#0" [stack: 0x00000011ad800000,0x00000011ad900000] [id=28332]
  0x000001f8ae64aa30 ConcurrentGCThread "G1 Service" [stack: 0x00000011ad900000,0x00000011ada00000] [id=29452]

Threads with active compile tasks:
C2 CompilerThread0   123557 4796       4       javax.management.ObjectName::construct (1135 bytes)

VM state: not at safepoint (normal execution)

VM Mutex/Monitor currently owned by a thread: None

Heap address: 0x00000000e0000000, size: 512 MB, Compressed Oops mode: 32-bit

CDS archive(s) mapped at: [0x000001f8ae800000-0x000001f8af460000-0x000001f8af460000), size 12976128, SharedBaseAddress: 0x000001f8ae800000, ArchiveRelocationMode: 1.
Compressed class space mapped at: 0x000001f8af800000-0x000001f8c2c00000, reserved size: 322961408
Narrow klass base: 0x000001f8ae800000, Narrow klass shift: 0, Narrow klass range: 0x100000000

GC Precious Log:
 CardTable entry size: 512
 Card Set container configuration: InlinePtr #cards 5 size 8 Array Of Cards #cards 12 size 40 Howl #buckets 4 coarsen threshold 1843 Howl Bitmap #cards 512 size 80 coarsen threshold 460 Card regions per heap region 1 cards per card region 2048
 CPUs: 8 total, 8 available
 Memory: 7941M
 Large Page Support: Disabled
 NUMA Support: Disabled
 Compressed Oops: Enabled (32-bit)
 Heap Region Size: 1M
 Heap Min Capacity: 256M
 Heap Initial Capacity: 256M
 Heap Max Capacity: 512M
 Pre-touch: Disabled
 Parallel Workers: 8
 Concurrent Workers: 2
 Concurrent Refinement Workers: 8
 Periodic GC: Disabled

Heap:
 garbage-first heap   total 262144K, used 72259K [0x00000000e0000000, 0x0000000100000000)
  region size 1024K, 51 young (52224K), 13 survivors (13312K)
 Metaspace       used 38232K, committed 39552K, reserved 380928K
  class space    used 5279K, committed 5952K, reserved 315392K

Heap Regions: E=young(eden), S=young(survivor), O=old, HS=humongous(starts), HC=humongous(continues), CS=collection set, F=free, OA=open archive, CA=closed archive, TAMS=top-at-mark-start, PB=parsable bottom
|   0|0x00000000e0000000, 0x00000000e0100000, 0x00000000e0100000|100%|HS|  |TAMS 0x00000000e0000000| PB 0x00000000e0000000| Complete 
|   1|0x00000000e0100000, 0x00000000e0200000, 0x00000000e0200000|100%|HC|  |TAMS 0x00000000e0100000| PB 0x00000000e0100000| Complete 
|   2|0x00000000e0200000, 0x00000000e0300000, 0x00000000e0300000|100%|HC|  |TAMS 0x00000000e0200000| PB 0x00000000e0200000| Complete 
|   3|0x00000000e0300000, 0x00000000e0400000, 0x00000000e0400000|100%|HC|  |TAMS 0x00000000e0300000| PB 0x00000000e0300000| Complete 
|   4|0x00000000e0400000, 0x00000000e0500000, 0x00000000e0500000|100%| O|  |TAMS 0x00000000e0400000| PB 0x00000000e0400000| Untracked 
|   5|0x00000000e0500000, 0x00000000e0600000, 0x00000000e0600000|100%| O|  |TAMS 0x00000000e0500000| PB 0x00000000e0500000| Untracked 
|   6|0x00000000e0600000, 0x00000000e0700000, 0x00000000e0700000|100%| O|  |TAMS 0x00000000e0600000| PB 0x00000000e0600000| Untracked 
|   7|0x00000000e0700000, 0x00000000e0800000, 0x00000000e0800000|100%| O|  |TAMS 0x00000000e0700000| PB 0x00000000e0700000| Untracked 
|   8|0x00000000e0800000, 0x00000000e0900000, 0x00000000e0900000|100%| O|  |TAMS 0x00000000e0800000| PB 0x00000000e0800000| Untracked 
|   9|0x00000000e0900000, 0x00000000e0a00000, 0x00000000e0a00000|100%| O|  |TAMS 0x00000000e0900000| PB 0x00000000e0900000| Untracked 
|  10|0x00000000e0a00000, 0x00000000e0b00000, 0x00000000e0b00000|100%| O|  |TAMS 0x00000000e0a00000| PB 0x00000000e0a00000| Untracked 
|  11|0x00000000e0b00000, 0x00000000e0c00000, 0x00000000e0c00000|100%|HS|  |TAMS 0x00000000e0b00000| PB 0x00000000e0b00000| Complete 
|  12|0x00000000e0c00000, 0x00000000e0d00000, 0x00000000e0d00000|100%| O|  |TAMS 0x00000000e0c00000| PB 0x00000000e0c00000| Untracked 
|  13|0x00000000e0d00000, 0x00000000e0e00000, 0x00000000e0e00000|100%|HS|  |TAMS 0x00000000e0d00000| PB 0x00000000e0d00000| Complete 
|  14|0x00000000e0e00000, 0x00000000e0f00000, 0x00000000e0f00000|100%|HC|  |TAMS 0x00000000e0e00000| PB 0x00000000e0e00000| Complete 
|  15|0x00000000e0f00000, 0x00000000e1000000, 0x00000000e1000000|100%|HS|  |TAMS 0x00000000e0f00000| PB 0x00000000e0f00000| Complete 
|  16|0x00000000e1000000, 0x00000000e1000000, 0x00000000e1100000|  0%| F|  |TAMS 0x00000000e1000000| PB 0x00000000e1000000| Untracked 
|  17|0x00000000e1100000, 0x00000000e1200000, 0x00000000e1200000|100%| O|  |TAMS 0x00000000e1100000| PB 0x00000000e1100000| Untracked 
|  18|0x00000000e1200000, 0x00000000e1300000, 0x00000000e1300000|100%| O|  |TAMS 0x00000000e1200000| PB 0x00000000e1200000| Untracked 
|  19|0x00000000e1300000, 0x00000000e1400000, 0x00000000e1400000|100%| O|  |TAMS 0x00000000e1300000| PB 0x00000000e1300000| Untracked 
|  20|0x00000000e1400000, 0x00000000e1500000, 0x00000000e1500000|100%| O|  |TAMS 0x00000000e1400000| PB 0x00000000e1400000| Untracked 
|  21|0x00000000e1500000, 0x00000000e1600000, 0x00000000e1600000|100%| O|  |TAMS 0x00000000e1500000| PB 0x00000000e1500000| Untracked 
|  22|0x00000000e1600000, 0x00000000e16f0400, 0x00000000e1700000| 93%| O|  |TAMS 0x00000000e1600000| PB 0x00000000e1600000| Untracked 
|  23|0x00000000e1700000, 0x00000000e1700000, 0x00000000e1800000|  0%| F|  |TAMS 0x00000000e1700000| PB 0x00000000e1700000| Untracked 
|  24|0x00000000e1800000, 0x00000000e1800000, 0x00000000e1900000|  0%| F|  |TAMS 0x00000000e1800000| PB 0x00000000e1800000| Untracked 
|  25|0x00000000e1900000, 0x00000000e1900000, 0x00000000e1a00000|  0%| F|  |TAMS 0x00000000e1900000| PB 0x00000000e1900000| Untracked 
|  26|0x00000000e1a00000, 0x00000000e1a00000, 0x00000000e1b00000|  0%| F|  |TAMS 0x00000000e1a00000| PB 0x00000000e1a00000| Untracked 
|  27|0x00000000e1b00000, 0x00000000e1b00000, 0x00000000e1c00000|  0%| F|  |TAMS 0x00000000e1b00000| PB 0x00000000e1b00000| Untracked 
|  28|0x00000000e1c00000, 0x00000000e1c00000, 0x00000000e1d00000|  0%| F|  |TAMS 0x00000000e1c00000| PB 0x00000000e1c00000| Untracked 
|  29|0x00000000e1d00000, 0x00000000e1d00000, 0x00000000e1e00000|  0%| F|  |TAMS 0x00000000e1d00000| PB 0x00000000e1d00000| Untracked 
|  30|0x00000000e1e00000, 0x00000000e1e00000, 0x00000000e1f00000|  0%| F|  |TAMS 0x00000000e1e00000| PB 0x00000000e1e00000| Untracked 
|  31|0x00000000e1f00000, 0x00000000e1f00000, 0x00000000e2000000|  0%| F|  |TAMS 0x00000000e1f00000| PB 0x00000000e1f00000| Untracked 
|  32|0x00000000e2000000, 0x00000000e2000000, 0x00000000e2100000|  0%| F|  |TAMS 0x00000000e2000000| PB 0x00000000e2000000| Untracked 
|  33|0x00000000e2100000, 0x00000000e2100000, 0x00000000e2200000|  0%| F|  |TAMS 0x00000000e2100000| PB 0x00000000e2100000| Untracked 
|  34|0x00000000e2200000, 0x00000000e2200000, 0x00000000e2300000|  0%| F|  |TAMS 0x00000000e2200000| PB 0x00000000e2200000| Untracked 
|  35|0x00000000e2300000, 0x00000000e2300000, 0x00000000e2400000|  0%| F|  |TAMS 0x00000000e2300000| PB 0x00000000e2300000| Untracked 
|  36|0x00000000e2400000, 0x00000000e2400000, 0x00000000e2500000|  0%| F|  |TAMS 0x00000000e2400000| PB 0x00000000e2400000| Untracked 
|  37|0x00000000e2500000, 0x00000000e2500000, 0x00000000e2600000|  0%| F|  |TAMS 0x00000000e2500000| PB 0x00000000e2500000| Untracked 
|  38|0x00000000e2600000, 0x00000000e2600000, 0x00000000e2700000|  0%| F|  |TAMS 0x00000000e2600000| PB 0x00000000e2600000| Untracked 
|  39|0x00000000e2700000, 0x00000000e2700000, 0x00000000e2800000|  0%| F|  |TAMS 0x00000000e2700000| PB 0x00000000e2700000| Untracked 
|  40|0x00000000e2800000, 0x00000000e2800000, 0x00000000e2900000|  0%| F|  |TAMS 0x00000000e2800000| PB 0x00000000e2800000| Untracked 
|  41|0x00000000e2900000, 0x00000000e2900000, 0x00000000e2a00000|  0%| F|  |TAMS 0x00000000e2900000| PB 0x00000000e2900000| Untracked 
|  42|0x00000000e2a00000, 0x00000000e2a00000, 0x00000000e2b00000|  0%| F|  |TAMS 0x00000000e2a00000| PB 0x00000000e2a00000| Untracked 
|  43|0x00000000e2b00000, 0x00000000e2b00000, 0x00000000e2c00000|  0%| F|  |TAMS 0x00000000e2b00000| PB 0x00000000e2b00000| Untracked 
|  44|0x00000000e2c00000, 0x00000000e2c00000, 0x00000000e2d00000|  0%| F|  |TAMS 0x00000000e2c00000| PB 0x00000000e2c00000| Untracked 
|  45|0x00000000e2d00000, 0x00000000e2d00000, 0x00000000e2e00000|  0%| F|  |TAMS 0x00000000e2d00000| PB 0x00000000e2d00000| Untracked 
|  46|0x00000000e2e00000, 0x00000000e2e00000, 0x00000000e2f00000|  0%| F|  |TAMS 0x00000000e2e00000| PB 0x00000000e2e00000| Untracked 
|  47|0x00000000e2f00000, 0x00000000e2f00000, 0x00000000e3000000|  0%| F|  |TAMS 0x00000000e2f00000| PB 0x00000000e2f00000| Untracked 
|  48|0x00000000e3000000, 0x00000000e3000000, 0x00000000e3100000|  0%| F|  |TAMS 0x00000000e3000000| PB 0x00000000e3000000| Untracked 
|  49|0x00000000e3100000, 0x00000000e3100000, 0x00000000e3200000|  0%| F|  |TAMS 0x00000000e3100000| PB 0x00000000e3100000| Untracked 
|  50|0x00000000e3200000, 0x00000000e3200000, 0x00000000e3300000|  0%| F|  |TAMS 0x00000000e3200000| PB 0x00000000e3200000| Untracked 
|  51|0x00000000e3300000, 0x00000000e3300000, 0x00000000e3400000|  0%| F|  |TAMS 0x00000000e3300000| PB 0x00000000e3300000| Untracked 
|  52|0x00000000e3400000, 0x00000000e3400000, 0x00000000e3500000|  0%| F|  |TAMS 0x00000000e3400000| PB 0x00000000e3400000| Untracked 
|  53|0x00000000e3500000, 0x00000000e3500000, 0x00000000e3600000|  0%| F|  |TAMS 0x00000000e3500000| PB 0x00000000e3500000| Untracked 
|  54|0x00000000e3600000, 0x00000000e3600000, 0x00000000e3700000|  0%| F|  |TAMS 0x00000000e3600000| PB 0x00000000e3600000| Untracked 
|  55|0x00000000e3700000, 0x00000000e3700000, 0x00000000e3800000|  0%| F|  |TAMS 0x00000000e3700000| PB 0x00000000e3700000| Untracked 
|  56|0x00000000e3800000, 0x00000000e3800000, 0x00000000e3900000|  0%| F|  |TAMS 0x00000000e3800000| PB 0x00000000e3800000| Untracked 
|  57|0x00000000e3900000, 0x00000000e3900000, 0x00000000e3a00000|  0%| F|  |TAMS 0x00000000e3900000| PB 0x00000000e3900000| Untracked 
|  58|0x00000000e3a00000, 0x00000000e3a00000, 0x00000000e3b00000|  0%| F|  |TAMS 0x00000000e3a00000| PB 0x00000000e3a00000| Untracked 
|  59|0x00000000e3b00000, 0x00000000e3b00000, 0x00000000e3c00000|  0%| F|  |TAMS 0x00000000e3b00000| PB 0x00000000e3b00000| Untracked 
|  60|0x00000000e3c00000, 0x00000000e3c00000, 0x00000000e3d00000|  0%| F|  |TAMS 0x00000000e3c00000| PB 0x00000000e3c00000| Untracked 
|  61|0x00000000e3d00000, 0x00000000e3d00000, 0x00000000e3e00000|  0%| F|  |TAMS 0x00000000e3d00000| PB 0x00000000e3d00000| Untracked 
|  62|0x00000000e3e00000, 0x00000000e3e00000, 0x00000000e3f00000|  0%| F|  |TAMS 0x00000000e3e00000| PB 0x00000000e3e00000| Untracked 
|  63|0x00000000e3f00000, 0x00000000e3f00000, 0x00000000e4000000|  0%| F|  |TAMS 0x00000000e3f00000| PB 0x00000000e3f00000| Untracked 
|  64|0x00000000e4000000, 0x00000000e4000000, 0x00000000e4100000|  0%| F|  |TAMS 0x00000000e4000000| PB 0x00000000e4000000| Untracked 
|  65|0x00000000e4100000, 0x00000000e4100000, 0x00000000e4200000|  0%| F|  |TAMS 0x00000000e4100000| PB 0x00000000e4100000| Untracked 
|  66|0x00000000e4200000, 0x00000000e4200000, 0x00000000e4300000|  0%| F|  |TAMS 0x00000000e4200000| PB 0x00000000e4200000| Untracked 
|  67|0x00000000e4300000, 0x00000000e4300000, 0x00000000e4400000|  0%| F|  |TAMS 0x00000000e4300000| PB 0x00000000e4300000| Untracked 
|  68|0x00000000e4400000, 0x00000000e4400000, 0x00000000e4500000|  0%| F|  |TAMS 0x00000000e4400000| PB 0x00000000e4400000| Untracked 
|  69|0x00000000e4500000, 0x00000000e4500000, 0x00000000e4600000|  0%| F|  |TAMS 0x00000000e4500000| PB 0x00000000e4500000| Untracked 
|  70|0x00000000e4600000, 0x00000000e4600000, 0x00000000e4700000|  0%| F|  |TAMS 0x00000000e4600000| PB 0x00000000e4600000| Untracked 
|  71|0x00000000e4700000, 0x00000000e4700000, 0x00000000e4800000|  0%| F|  |TAMS 0x00000000e4700000| PB 0x00000000e4700000| Untracked 
|  72|0x00000000e4800000, 0x00000000e4800000, 0x00000000e4900000|  0%| F|  |TAMS 0x00000000e4800000| PB 0x00000000e4800000| Untracked 
|  73|0x00000000e4900000, 0x00000000e4900000, 0x00000000e4a00000|  0%| F|  |TAMS 0x00000000e4900000| PB 0x00000000e4900000| Untracked 
|  74|0x00000000e4a00000, 0x00000000e4a00000, 0x00000000e4b00000|  0%| F|  |TAMS 0x00000000e4a00000| PB 0x00000000e4a00000| Untracked 
|  75|0x00000000e4b00000, 0x00000000e4b00000, 0x00000000e4c00000|  0%| F|  |TAMS 0x00000000e4b00000| PB 0x00000000e4b00000| Untracked 
|  76|0x00000000e4c00000, 0x00000000e4c00000, 0x00000000e4d00000|  0%| F|  |TAMS 0x00000000e4c00000| PB 0x00000000e4c00000| Untracked 
|  77|0x00000000e4d00000, 0x00000000e4d00000, 0x00000000e4e00000|  0%| F|  |TAMS 0x00000000e4d00000| PB 0x00000000e4d00000| Untracked 
|  78|0x00000000e4e00000, 0x00000000e4e00000, 0x00000000e4f00000|  0%| F|  |TAMS 0x00000000e4e00000| PB 0x00000000e4e00000| Untracked 
|  79|0x00000000e4f00000, 0x00000000e4f00000, 0x00000000e5000000|  0%| F|  |TAMS 0x00000000e4f00000| PB 0x00000000e4f00000| Untracked 
|  80|0x00000000e5000000, 0x00000000e5000000, 0x00000000e5100000|  0%| F|  |TAMS 0x00000000e5000000| PB 0x00000000e5000000| Untracked 
|  81|0x00000000e5100000, 0x00000000e5100000, 0x00000000e5200000|  0%| F|  |TAMS 0x00000000e5100000| PB 0x00000000e5100000| Untracked 
|  82|0x00000000e5200000, 0x00000000e5200000, 0x00000000e5300000|  0%| F|  |TAMS 0x00000000e5200000| PB 0x00000000e5200000| Untracked 
|  83|0x00000000e5300000, 0x00000000e5300000, 0x00000000e5400000|  0%| F|  |TAMS 0x00000000e5300000| PB 0x00000000e5300000| Untracked 
|  84|0x00000000e5400000, 0x00000000e5400000, 0x00000000e5500000|  0%| F|  |TAMS 0x00000000e5400000| PB 0x00000000e5400000| Untracked 
|  85|0x00000000e5500000, 0x00000000e5500000, 0x00000000e5600000|  0%| F|  |TAMS 0x00000000e5500000| PB 0x00000000e5500000| Untracked 
|  86|0x00000000e5600000, 0x00000000e5600000, 0x00000000e5700000|  0%| F|  |TAMS 0x00000000e5600000| PB 0x00000000e5600000| Untracked 
|  87|0x00000000e5700000, 0x00000000e5700000, 0x00000000e5800000|  0%| F|  |TAMS 0x00000000e5700000| PB 0x00000000e5700000| Untracked 
|  88|0x00000000e5800000, 0x00000000e5800000, 0x00000000e5900000|  0%| F|  |TAMS 0x00000000e5800000| PB 0x00000000e5800000| Untracked 
|  89|0x00000000e5900000, 0x00000000e5900000, 0x00000000e5a00000|  0%| F|  |TAMS 0x00000000e5900000| PB 0x00000000e5900000| Untracked 
|  90|0x00000000e5a00000, 0x00000000e5a00000, 0x00000000e5b00000|  0%| F|  |TAMS 0x00000000e5a00000| PB 0x00000000e5a00000| Untracked 
|  91|0x00000000e5b00000, 0x00000000e5b00000, 0x00000000e5c00000|  0%| F|  |TAMS 0x00000000e5b00000| PB 0x00000000e5b00000| Untracked 
|  92|0x00000000e5c00000, 0x00000000e5c00000, 0x00000000e5d00000|  0%| F|  |TAMS 0x00000000e5c00000| PB 0x00000000e5c00000| Untracked 
|  93|0x00000000e5d00000, 0x00000000e5d00000, 0x00000000e5e00000|  0%| F|  |TAMS 0x00000000e5d00000| PB 0x00000000e5d00000| Untracked 
|  94|0x00000000e5e00000, 0x00000000e5e00000, 0x00000000e5f00000|  0%| F|  |TAMS 0x00000000e5e00000| PB 0x00000000e5e00000| Untracked 
|  95|0x00000000e5f00000, 0x00000000e5f00000, 0x00000000e6000000|  0%| F|  |TAMS 0x00000000e5f00000| PB 0x00000000e5f00000| Untracked 
|  96|0x00000000e6000000, 0x00000000e6000000, 0x00000000e6100000|  0%| F|  |TAMS 0x00000000e6000000| PB 0x00000000e6000000| Untracked 
|  97|0x00000000e6100000, 0x00000000e6100000, 0x00000000e6200000|  0%| F|  |TAMS 0x00000000e6100000| PB 0x00000000e6100000| Untracked 
|  98|0x00000000e6200000, 0x00000000e6200000, 0x00000000e6300000|  0%| F|  |TAMS 0x00000000e6200000| PB 0x00000000e6200000| Untracked 
|  99|0x00000000e6300000, 0x00000000e6300000, 0x00000000e6400000|  0%| F|  |TAMS 0x00000000e6300000| PB 0x00000000e6300000| Untracked 
| 100|0x00000000e6400000, 0x00000000e6400000, 0x00000000e6500000|  0%| F|  |TAMS 0x00000000e6400000| PB 0x00000000e6400000| Untracked 
| 101|0x00000000e6500000, 0x00000000e6500000, 0x00000000e6600000|  0%| F|  |TAMS 0x00000000e6500000| PB 0x00000000e6500000| Untracked 
| 102|0x00000000e6600000, 0x00000000e6600000, 0x00000000e6700000|  0%| F|  |TAMS 0x00000000e6600000| PB 0x00000000e6600000| Untracked 
| 103|0x00000000e6700000, 0x00000000e6700000, 0x00000000e6800000|  0%| F|  |TAMS 0x00000000e6700000| PB 0x00000000e6700000| Untracked 
| 104|0x00000000e6800000, 0x00000000e6800000, 0x00000000e6900000|  0%| F|  |TAMS 0x00000000e6800000| PB 0x00000000e6800000| Untracked 
| 105|0x00000000e6900000, 0x00000000e6900000, 0x00000000e6a00000|  0%| F|  |TAMS 0x00000000e6900000| PB 0x00000000e6900000| Untracked 
| 106|0x00000000e6a00000, 0x00000000e6a00000, 0x00000000e6b00000|  0%| F|  |TAMS 0x00000000e6a00000| PB 0x00000000e6a00000| Untracked 
| 107|0x00000000e6b00000, 0x00000000e6b00000, 0x00000000e6c00000|  0%| F|  |TAMS 0x00000000e6b00000| PB 0x00000000e6b00000| Untracked 
| 108|0x00000000e6c00000, 0x00000000e6c00000, 0x00000000e6d00000|  0%| F|  |TAMS 0x00000000e6c00000| PB 0x00000000e6c00000| Untracked 
| 109|0x00000000e6d00000, 0x00000000e6d00000, 0x00000000e6e00000|  0%| F|  |TAMS 0x00000000e6d00000| PB 0x00000000e6d00000| Untracked 
| 110|0x00000000e6e00000, 0x00000000e6e00000, 0x00000000e6f00000|  0%| F|  |TAMS 0x00000000e6e00000| PB 0x00000000e6e00000| Untracked 
| 111|0x00000000e6f00000, 0x00000000e6f00000, 0x00000000e7000000|  0%| F|  |TAMS 0x00000000e6f00000| PB 0x00000000e6f00000| Untracked 
| 112|0x00000000e7000000, 0x00000000e7000000, 0x00000000e7100000|  0%| F|  |TAMS 0x00000000e7000000| PB 0x00000000e7000000| Untracked 
| 113|0x00000000e7100000, 0x00000000e7100000, 0x00000000e7200000|  0%| F|  |TAMS 0x00000000e7100000| PB 0x00000000e7100000| Untracked 
| 114|0x00000000e7200000, 0x00000000e7200000, 0x00000000e7300000|  0%| F|  |TAMS 0x00000000e7200000| PB 0x00000000e7200000| Untracked 
| 115|0x00000000e7300000, 0x00000000e7300000, 0x00000000e7400000|  0%| F|  |TAMS 0x00000000e7300000| PB 0x00000000e7300000| Untracked 
| 116|0x00000000e7400000, 0x00000000e7400000, 0x00000000e7500000|  0%| F|  |TAMS 0x00000000e7400000| PB 0x00000000e7400000| Untracked 
| 117|0x00000000e7500000, 0x00000000e7500000, 0x00000000e7600000|  0%| F|  |TAMS 0x00000000e7500000| PB 0x00000000e7500000| Untracked 
| 118|0x00000000e7600000, 0x00000000e7600000, 0x00000000e7700000|  0%| F|  |TAMS 0x00000000e7600000| PB 0x00000000e7600000| Untracked 
| 119|0x00000000e7700000, 0x00000000e7700000, 0x00000000e7800000|  0%| F|  |TAMS 0x00000000e7700000| PB 0x00000000e7700000| Untracked 
| 120|0x00000000e7800000, 0x00000000e7800000, 0x00000000e7900000|  0%| F|  |TAMS 0x00000000e7800000| PB 0x00000000e7800000| Untracked 
| 121|0x00000000e7900000, 0x00000000e7900000, 0x00000000e7a00000|  0%| F|  |TAMS 0x00000000e7900000| PB 0x00000000e7900000| Untracked 
| 122|0x00000000e7a00000, 0x00000000e7a00000, 0x00000000e7b00000|  0%| F|  |TAMS 0x00000000e7a00000| PB 0x00000000e7a00000| Untracked 
| 123|0x00000000e7b00000, 0x00000000e7b00000, 0x00000000e7c00000|  0%| F|  |TAMS 0x00000000e7b00000| PB 0x00000000e7b00000| Untracked 
| 124|0x00000000e7c00000, 0x00000000e7ca09d8, 0x00000000e7d00000| 62%| S|CS|TAMS 0x00000000e7c00000| PB 0x00000000e7c00000| Complete 
| 125|0x00000000e7d00000, 0x00000000e7e00000, 0x00000000e7e00000|100%| S|CS|TAMS 0x00000000e7d00000| PB 0x00000000e7d00000| Complete 
| 126|0x00000000e7e00000, 0x00000000e7f00000, 0x00000000e7f00000|100%| S|CS|TAMS 0x00000000e7e00000| PB 0x00000000e7e00000| Complete 
| 127|0x00000000e7f00000, 0x00000000e8000000, 0x00000000e8000000|100%| S|CS|TAMS 0x00000000e7f00000| PB 0x00000000e7f00000| Complete 
| 128|0x00000000e8000000, 0x00000000e8100000, 0x00000000e8100000|100%| S|CS|TAMS 0x00000000e8000000| PB 0x00000000e8000000| Complete 
| 129|0x00000000e8100000, 0x00000000e8200000, 0x00000000e8200000|100%| S|CS|TAMS 0x00000000e8100000| PB 0x00000000e8100000| Complete 
| 130|0x00000000e8200000, 0x00000000e8300000, 0x00000000e8300000|100%| S|CS|TAMS 0x00000000e8200000| PB 0x00000000e8200000| Complete 
| 131|0x00000000e8300000, 0x00000000e8400000, 0x00000000e8400000|100%| S|CS|TAMS 0x00000000e8300000| PB 0x00000000e8300000| Complete 
| 132|0x00000000e8400000, 0x00000000e8500000, 0x00000000e8500000|100%| S|CS|TAMS 0x00000000e8400000| PB 0x00000000e8400000| Complete 
| 133|0x00000000e8500000, 0x00000000e8600000, 0x00000000e8600000|100%| S|CS|TAMS 0x00000000e8500000| PB 0x00000000e8500000| Complete 
| 134|0x00000000e8600000, 0x00000000e8700000, 0x00000000e8700000|100%| S|CS|TAMS 0x00000000e8600000| PB 0x00000000e8600000| Complete 
| 135|0x00000000e8700000, 0x00000000e8800000, 0x00000000e8800000|100%| S|CS|TAMS 0x00000000e8700000| PB 0x00000000e8700000| Complete 
| 136|0x00000000e8800000, 0x00000000e8900000, 0x00000000e8900000|100%| S|CS|TAMS 0x00000000e8800000| PB 0x00000000e8800000| Complete 
| 137|0x00000000e8900000, 0x00000000e8900000, 0x00000000e8a00000|  0%| F|  |TAMS 0x00000000e8900000| PB 0x00000000e8900000| Untracked 
| 138|0x00000000e8a00000, 0x00000000e8a00000, 0x00000000e8b00000|  0%| F|  |TAMS 0x00000000e8a00000| PB 0x00000000e8a00000| Untracked 
| 139|0x00000000e8b00000, 0x00000000e8b00000, 0x00000000e8c00000|  0%| F|  |TAMS 0x00000000e8b00000| PB 0x00000000e8b00000| Untracked 
| 140|0x00000000e8c00000, 0x00000000e8c00000, 0x00000000e8d00000|  0%| F|  |TAMS 0x00000000e8c00000| PB 0x00000000e8c00000| Untracked 
| 141|0x00000000e8d00000, 0x00000000e8d00000, 0x00000000e8e00000|  0%| F|  |TAMS 0x00000000e8d00000| PB 0x00000000e8d00000| Untracked 
| 142|0x00000000e8e00000, 0x00000000e8e00000, 0x00000000e8f00000|  0%| F|  |TAMS 0x00000000e8e00000| PB 0x00000000e8e00000| Untracked 
| 143|0x00000000e8f00000, 0x00000000e8f00000, 0x00000000e9000000|  0%| F|  |TAMS 0x00000000e8f00000| PB 0x00000000e8f00000| Untracked 
| 144|0x00000000e9000000, 0x00000000e9000000, 0x00000000e9100000|  0%| F|  |TAMS 0x00000000e9000000| PB 0x00000000e9000000| Untracked 
| 145|0x00000000e9100000, 0x00000000e9100000, 0x00000000e9200000|  0%| F|  |TAMS 0x00000000e9100000| PB 0x00000000e9100000| Untracked 
| 146|0x00000000e9200000, 0x00000000e9200000, 0x00000000e9300000|  0%| F|  |TAMS 0x00000000e9200000| PB 0x00000000e9200000| Untracked 
| 147|0x00000000e9300000, 0x00000000e9300000, 0x00000000e9400000|  0%| F|  |TAMS 0x00000000e9300000| PB 0x00000000e9300000| Untracked 
| 148|0x00000000e9400000, 0x00000000e9400000, 0x00000000e9500000|  0%| F|  |TAMS 0x00000000e9400000| PB 0x00000000e9400000| Untracked 
| 149|0x00000000e9500000, 0x00000000e9500000, 0x00000000e9600000|  0%| F|  |TAMS 0x00000000e9500000| PB 0x00000000e9500000| Untracked 
| 150|0x00000000e9600000, 0x00000000e9600000, 0x00000000e9700000|  0%| F|  |TAMS 0x00000000e9600000| PB 0x00000000e9600000| Untracked 
| 151|0x00000000e9700000, 0x00000000e9700000, 0x00000000e9800000|  0%| F|  |TAMS 0x00000000e9700000| PB 0x00000000e9700000| Untracked 
| 152|0x00000000e9800000, 0x00000000e9800000, 0x00000000e9900000|  0%| F|  |TAMS 0x00000000e9800000| PB 0x00000000e9800000| Untracked 
| 153|0x00000000e9900000, 0x00000000e9900000, 0x00000000e9a00000|  0%| F|  |TAMS 0x00000000e9900000| PB 0x00000000e9900000| Untracked 
| 154|0x00000000e9a00000, 0x00000000e9a00000, 0x00000000e9b00000|  0%| F|  |TAMS 0x00000000e9a00000| PB 0x00000000e9a00000| Untracked 
| 155|0x00000000e9b00000, 0x00000000e9b00000, 0x00000000e9c00000|  0%| F|  |TAMS 0x00000000e9b00000| PB 0x00000000e9b00000| Untracked 
| 156|0x00000000e9c00000, 0x00000000e9c00000, 0x00000000e9d00000|  0%| F|  |TAMS 0x00000000e9c00000| PB 0x00000000e9c00000| Untracked 
| 157|0x00000000e9d00000, 0x00000000e9d00000, 0x00000000e9e00000|  0%| F|  |TAMS 0x00000000e9d00000| PB 0x00000000e9d00000| Untracked 
| 158|0x00000000e9e00000, 0x00000000e9e00000, 0x00000000e9f00000|  0%| F|  |TAMS 0x00000000e9e00000| PB 0x00000000e9e00000| Untracked 
| 159|0x00000000e9f00000, 0x00000000e9f00000, 0x00000000ea000000|  0%| F|  |TAMS 0x00000000e9f00000| PB 0x00000000e9f00000| Untracked 
| 160|0x00000000ea000000, 0x00000000ea000000, 0x00000000ea100000|  0%| F|  |TAMS 0x00000000ea000000| PB 0x00000000ea000000| Untracked 
| 161|0x00000000ea100000, 0x00000000ea100000, 0x00000000ea200000|  0%| F|  |TAMS 0x00000000ea100000| PB 0x00000000ea100000| Untracked 
| 162|0x00000000ea200000, 0x00000000ea200000, 0x00000000ea300000|  0%| F|  |TAMS 0x00000000ea200000| PB 0x00000000ea200000| Untracked 
| 163|0x00000000ea300000, 0x00000000ea300000, 0x00000000ea400000|  0%| F|  |TAMS 0x00000000ea300000| PB 0x00000000ea300000| Untracked 
| 164|0x00000000ea400000, 0x00000000ea400000, 0x00000000ea500000|  0%| F|  |TAMS 0x00000000ea400000| PB 0x00000000ea400000| Untracked 
| 165|0x00000000ea500000, 0x00000000ea500000, 0x00000000ea600000|  0%| F|  |TAMS 0x00000000ea500000| PB 0x00000000ea500000| Untracked 
| 166|0x00000000ea600000, 0x00000000ea600000, 0x00000000ea700000|  0%| F|  |TAMS 0x00000000ea600000| PB 0x00000000ea600000| Untracked 
| 167|0x00000000ea700000, 0x00000000ea700000, 0x00000000ea800000|  0%| F|  |TAMS 0x00000000ea700000| PB 0x00000000ea700000| Untracked 
| 168|0x00000000ea800000, 0x00000000ea800000, 0x00000000ea900000|  0%| F|  |TAMS 0x00000000ea800000| PB 0x00000000ea800000| Untracked 
| 169|0x00000000ea900000, 0x00000000ea900000, 0x00000000eaa00000|  0%| F|  |TAMS 0x00000000ea900000| PB 0x00000000ea900000| Untracked 
| 170|0x00000000eaa00000, 0x00000000eaa00000, 0x00000000eab00000|  0%| F|  |TAMS 0x00000000eaa00000| PB 0x00000000eaa00000| Untracked 
| 171|0x00000000eab00000, 0x00000000eab00000, 0x00000000eac00000|  0%| F|  |TAMS 0x00000000eab00000| PB 0x00000000eab00000| Untracked 
| 172|0x00000000eac00000, 0x00000000eac00000, 0x00000000ead00000|  0%| F|  |TAMS 0x00000000eac00000| PB 0x00000000eac00000| Untracked 
| 173|0x00000000ead00000, 0x00000000ead00000, 0x00000000eae00000|  0%| F|  |TAMS 0x00000000ead00000| PB 0x00000000ead00000| Untracked 
| 174|0x00000000eae00000, 0x00000000eae00000, 0x00000000eaf00000|  0%| F|  |TAMS 0x00000000eae00000| PB 0x00000000eae00000| Untracked 
| 175|0x00000000eaf00000, 0x00000000eaf00000, 0x00000000eb000000|  0%| F|  |TAMS 0x00000000eaf00000| PB 0x00000000eaf00000| Untracked 
| 176|0x00000000eb000000, 0x00000000eb000000, 0x00000000eb100000|  0%| F|  |TAMS 0x00000000eb000000| PB 0x00000000eb000000| Untracked 
| 177|0x00000000eb100000, 0x00000000eb100000, 0x00000000eb200000|  0%| F|  |TAMS 0x00000000eb100000| PB 0x00000000eb100000| Untracked 
| 178|0x00000000eb200000, 0x00000000eb200000, 0x00000000eb300000|  0%| F|  |TAMS 0x00000000eb200000| PB 0x00000000eb200000| Untracked 
| 179|0x00000000eb300000, 0x00000000eb300000, 0x00000000eb400000|  0%| F|  |TAMS 0x00000000eb300000| PB 0x00000000eb300000| Untracked 
| 180|0x00000000eb400000, 0x00000000eb400000, 0x00000000eb500000|  0%| F|  |TAMS 0x00000000eb400000| PB 0x00000000eb400000| Untracked 
| 181|0x00000000eb500000, 0x00000000eb500000, 0x00000000eb600000|  0%| F|  |TAMS 0x00000000eb500000| PB 0x00000000eb500000| Untracked 
| 182|0x00000000eb600000, 0x00000000eb600000, 0x00000000eb700000|  0%| F|  |TAMS 0x00000000eb600000| PB 0x00000000eb600000| Untracked 
| 183|0x00000000eb700000, 0x00000000eb700000, 0x00000000eb800000|  0%| F|  |TAMS 0x00000000eb700000| PB 0x00000000eb700000| Untracked 
| 184|0x00000000eb800000, 0x00000000eb800000, 0x00000000eb900000|  0%| F|  |TAMS 0x00000000eb800000| PB 0x00000000eb800000| Untracked 
| 185|0x00000000eb900000, 0x00000000eb900000, 0x00000000eba00000|  0%| F|  |TAMS 0x00000000eb900000| PB 0x00000000eb900000| Untracked 
| 186|0x00000000eba00000, 0x00000000eba00000, 0x00000000ebb00000|  0%| F|  |TAMS 0x00000000eba00000| PB 0x00000000eba00000| Untracked 
| 187|0x00000000ebb00000, 0x00000000ebb00000, 0x00000000ebc00000|  0%| F|  |TAMS 0x00000000ebb00000| PB 0x00000000ebb00000| Untracked 
| 188|0x00000000ebc00000, 0x00000000ebc00000, 0x00000000ebd00000|  0%| F|  |TAMS 0x00000000ebc00000| PB 0x00000000ebc00000| Untracked 
| 189|0x00000000ebd00000, 0x00000000ebd00000, 0x00000000ebe00000|  0%| F|  |TAMS 0x00000000ebd00000| PB 0x00000000ebd00000| Untracked 
| 190|0x00000000ebe00000, 0x00000000ebe00000, 0x00000000ebf00000|  0%| F|  |TAMS 0x00000000ebe00000| PB 0x00000000ebe00000| Untracked 
| 191|0x00000000ebf00000, 0x00000000ebf00000, 0x00000000ec000000|  0%| F|  |TAMS 0x00000000ebf00000| PB 0x00000000ebf00000| Untracked 
| 192|0x00000000ec000000, 0x00000000ec000000, 0x00000000ec100000|  0%| F|  |TAMS 0x00000000ec000000| PB 0x00000000ec000000| Untracked 
| 193|0x00000000ec100000, 0x00000000ec100000, 0x00000000ec200000|  0%| F|  |TAMS 0x00000000ec100000| PB 0x00000000ec100000| Untracked 
| 194|0x00000000ec200000, 0x00000000ec200000, 0x00000000ec300000|  0%| F|  |TAMS 0x00000000ec200000| PB 0x00000000ec200000| Untracked 
| 195|0x00000000ec300000, 0x00000000ec300000, 0x00000000ec400000|  0%| F|  |TAMS 0x00000000ec300000| PB 0x00000000ec300000| Untracked 
| 196|0x00000000ec400000, 0x00000000ec400000, 0x00000000ec500000|  0%| F|  |TAMS 0x00000000ec400000| PB 0x00000000ec400000| Untracked 
| 197|0x00000000ec500000, 0x00000000ec500000, 0x00000000ec600000|  0%| F|  |TAMS 0x00000000ec500000| PB 0x00000000ec500000| Untracked 
| 198|0x00000000ec600000, 0x00000000ec600000, 0x00000000ec700000|  0%| F|  |TAMS 0x00000000ec600000| PB 0x00000000ec600000| Untracked 
| 199|0x00000000ec700000, 0x00000000ec700000, 0x00000000ec800000|  0%| F|  |TAMS 0x00000000ec700000| PB 0x00000000ec700000| Untracked 
| 200|0x00000000ec800000, 0x00000000ec800000, 0x00000000ec900000|  0%| F|  |TAMS 0x00000000ec800000| PB 0x00000000ec800000| Untracked 
| 201|0x00000000ec900000, 0x00000000ec900000, 0x00000000eca00000|  0%| F|  |TAMS 0x00000000ec900000| PB 0x00000000ec900000| Untracked 
| 202|0x00000000eca00000, 0x00000000eca00000, 0x00000000ecb00000|  0%| F|  |TAMS 0x00000000eca00000| PB 0x00000000eca00000| Untracked 
| 203|0x00000000ecb00000, 0x00000000ecb00000, 0x00000000ecc00000|  0%| F|  |TAMS 0x00000000ecb00000| PB 0x00000000ecb00000| Untracked 
| 204|0x00000000ecc00000, 0x00000000ecc00000, 0x00000000ecd00000|  0%| F|  |TAMS 0x00000000ecc00000| PB 0x00000000ecc00000| Untracked 
| 205|0x00000000ecd00000, 0x00000000ecd00000, 0x00000000ece00000|  0%| F|  |TAMS 0x00000000ecd00000| PB 0x00000000ecd00000| Untracked 
| 206|0x00000000ece00000, 0x00000000ece00000, 0x00000000ecf00000|  0%| F|  |TAMS 0x00000000ece00000| PB 0x00000000ece00000| Untracked 
| 207|0x00000000ecf00000, 0x00000000ecf00000, 0x00000000ed000000|  0%| F|  |TAMS 0x00000000ecf00000| PB 0x00000000ecf00000| Untracked 
| 208|0x00000000ed000000, 0x00000000ed000000, 0x00000000ed100000|  0%| F|  |TAMS 0x00000000ed000000| PB 0x00000000ed000000| Untracked 
| 209|0x00000000ed100000, 0x00000000ed100000, 0x00000000ed200000|  0%| F|  |TAMS 0x00000000ed100000| PB 0x00000000ed100000| Untracked 
| 210|0x00000000ed200000, 0x00000000ed200000, 0x00000000ed300000|  0%| F|  |TAMS 0x00000000ed200000| PB 0x00000000ed200000| Untracked 
| 211|0x00000000ed300000, 0x00000000ed300000, 0x00000000ed400000|  0%| F|  |TAMS 0x00000000ed300000| PB 0x00000000ed300000| Untracked 
| 212|0x00000000ed400000, 0x00000000ed400000, 0x00000000ed500000|  0%| F|  |TAMS 0x00000000ed400000| PB 0x00000000ed400000| Untracked 
| 213|0x00000000ed500000, 0x00000000ed500000, 0x00000000ed600000|  0%| F|  |TAMS 0x00000000ed500000| PB 0x00000000ed500000| Untracked 
| 214|0x00000000ed600000, 0x00000000ed600000, 0x00000000ed700000|  0%| F|  |TAMS 0x00000000ed600000| PB 0x00000000ed600000| Untracked 
| 215|0x00000000ed700000, 0x00000000ed700000, 0x00000000ed800000|  0%| F|  |TAMS 0x00000000ed700000| PB 0x00000000ed700000| Untracked 
| 216|0x00000000ed800000, 0x00000000ed800000, 0x00000000ed900000|  0%| F|  |TAMS 0x00000000ed800000| PB 0x00000000ed800000| Untracked 
| 217|0x00000000ed900000, 0x00000000ed900000, 0x00000000eda00000|  0%| F|  |TAMS 0x00000000ed900000| PB 0x00000000ed900000| Untracked 
| 218|0x00000000eda00000, 0x00000000eda37a48, 0x00000000edb00000| 21%| E|  |TAMS 0x00000000eda00000| PB 0x00000000eda00000| Complete 
| 219|0x00000000edb00000, 0x00000000edc00000, 0x00000000edc00000|100%| E|CS|TAMS 0x00000000edb00000| PB 0x00000000edb00000| Complete 
| 220|0x00000000edc00000, 0x00000000edd00000, 0x00000000edd00000|100%| E|CS|TAMS 0x00000000edc00000| PB 0x00000000edc00000| Complete 
| 221|0x00000000edd00000, 0x00000000ede00000, 0x00000000ede00000|100%| E|CS|TAMS 0x00000000edd00000| PB 0x00000000edd00000| Complete 
| 222|0x00000000ede00000, 0x00000000edf00000, 0x00000000edf00000|100%| E|CS|TAMS 0x00000000ede00000| PB 0x00000000ede00000| Complete 
| 223|0x00000000edf00000, 0x00000000ee000000, 0x00000000ee000000|100%| E|CS|TAMS 0x00000000edf00000| PB 0x00000000edf00000| Complete 
| 224|0x00000000ee000000, 0x00000000ee100000, 0x00000000ee100000|100%| E|CS|TAMS 0x00000000ee000000| PB 0x00000000ee000000| Complete 
| 225|0x00000000ee100000, 0x00000000ee200000, 0x00000000ee200000|100%| E|CS|TAMS 0x00000000ee100000| PB 0x00000000ee100000| Complete 
| 226|0x00000000ee200000, 0x00000000ee300000, 0x00000000ee300000|100%| E|CS|TAMS 0x00000000ee200000| PB 0x00000000ee200000| Complete 
| 227|0x00000000ee300000, 0x00000000ee400000, 0x00000000ee400000|100%| E|  |TAMS 0x00000000ee300000| PB 0x00000000ee300000| Complete 
| 228|0x00000000ee400000, 0x00000000ee500000, 0x00000000ee500000|100%| E|CS|TAMS 0x00000000ee400000| PB 0x00000000ee400000| Complete 
| 229|0x00000000ee500000, 0x00000000ee600000, 0x00000000ee600000|100%| E|CS|TAMS 0x00000000ee500000| PB 0x00000000ee500000| Complete 
| 230|0x00000000ee600000, 0x00000000ee700000, 0x00000000ee700000|100%| E|CS|TAMS 0x00000000ee600000| PB 0x00000000ee600000| Complete 
| 231|0x00000000ee700000, 0x00000000ee800000, 0x00000000ee800000|100%| E|CS|TAMS 0x00000000ee700000| PB 0x00000000ee700000| Complete 
| 232|0x00000000ee800000, 0x00000000ee900000, 0x00000000ee900000|100%| E|CS|TAMS 0x00000000ee800000| PB 0x00000000ee800000| Complete 
| 233|0x00000000ee900000, 0x00000000eea00000, 0x00000000eea00000|100%| E|CS|TAMS 0x00000000ee900000| PB 0x00000000ee900000| Complete 
| 234|0x00000000eea00000, 0x00000000eeb00000, 0x00000000eeb00000|100%| E|CS|TAMS 0x00000000eea00000| PB 0x00000000eea00000| Complete 
| 235|0x00000000eeb00000, 0x00000000eec00000, 0x00000000eec00000|100%| E|CS|TAMS 0x00000000eeb00000| PB 0x00000000eeb00000| Complete 
| 236|0x00000000eec00000, 0x00000000eed00000, 0x00000000eed00000|100%| E|CS|TAMS 0x00000000eec00000| PB 0x00000000eec00000| Complete 
| 237|0x00000000eed00000, 0x00000000eee00000, 0x00000000eee00000|100%| E|CS|TAMS 0x00000000eed00000| PB 0x00000000eed00000| Complete 
| 238|0x00000000eee00000, 0x00000000eef00000, 0x00000000eef00000|100%| E|CS|TAMS 0x00000000eee00000| PB 0x00000000eee00000| Complete 
| 239|0x00000000eef00000, 0x00000000ef000000, 0x00000000ef000000|100%| E|CS|TAMS 0x00000000eef00000| PB 0x00000000eef00000| Complete 
| 240|0x00000000ef000000, 0x00000000ef100000, 0x00000000ef100000|100%| E|CS|TAMS 0x00000000ef000000| PB 0x00000000ef000000| Complete 
| 241|0x00000000ef100000, 0x00000000ef200000, 0x00000000ef200000|100%| E|CS|TAMS 0x00000000ef100000| PB 0x00000000ef100000| Complete 
| 242|0x00000000ef200000, 0x00000000ef300000, 0x00000000ef300000|100%| E|CS|TAMS 0x00000000ef200000| PB 0x00000000ef200000| Complete 
| 243|0x00000000ef300000, 0x00000000ef400000, 0x00000000ef400000|100%| E|CS|TAMS 0x00000000ef300000| PB 0x00000000ef300000| Complete 
| 244|0x00000000ef400000, 0x00000000ef500000, 0x00000000ef500000|100%| E|CS|TAMS 0x00000000ef400000| PB 0x00000000ef400000| Complete 
| 245|0x00000000ef500000, 0x00000000ef600000, 0x00000000ef600000|100%| E|CS|TAMS 0x00000000ef500000| PB 0x00000000ef500000| Complete 
| 246|0x00000000ef600000, 0x00000000ef700000, 0x00000000ef700000|100%| E|CS|TAMS 0x00000000ef600000| PB 0x00000000ef600000| Complete 
| 247|0x00000000ef700000, 0x00000000ef800000, 0x00000000ef800000|100%| E|CS|TAMS 0x00000000ef700000| PB 0x00000000ef700000| Complete 
| 248|0x00000000ef800000, 0x00000000ef900000, 0x00000000ef900000|100%| E|CS|TAMS 0x00000000ef800000| PB 0x00000000ef800000| Complete 
| 249|0x00000000ef900000, 0x00000000efa00000, 0x00000000efa00000|100%| E|CS|TAMS 0x00000000ef900000| PB 0x00000000ef900000| Complete 
| 250|0x00000000efa00000, 0x00000000efb00000, 0x00000000efb00000|100%| E|CS|TAMS 0x00000000efa00000| PB 0x00000000efa00000| Complete 
| 251|0x00000000efb00000, 0x00000000efc00000, 0x00000000efc00000|100%| E|CS|TAMS 0x00000000efb00000| PB 0x00000000efb00000| Complete 
| 252|0x00000000efc00000, 0x00000000efd00000, 0x00000000efd00000|100%| E|CS|TAMS 0x00000000efc00000| PB 0x00000000efc00000| Complete 
| 253|0x00000000efd00000, 0x00000000efe00000, 0x00000000efe00000|100%| E|CS|TAMS 0x00000000efd00000| PB 0x00000000efd00000| Complete 
| 254|0x00000000efe00000, 0x00000000eff00000, 0x00000000eff00000|100%| E|CS|TAMS 0x00000000efe00000| PB 0x00000000efe00000| Complete 
| 255|0x00000000eff00000, 0x00000000f0000000, 0x00000000f0000000|100%| E|CS|TAMS 0x00000000eff00000| PB 0x00000000eff00000| Complete 

Card table byte_map: [0x000001f8ab2f0000,0x000001f8ab3f0000] _byte_map_base: 0x000001f8aabf0000

Marking Bits: (CMBitMap*) 0x000001f891ce8200
 Bits: [0x000001f8ab4f0000, 0x000001f8abcf0000)

Polling page: 0x000001f891d40000

Metaspace:

Usage:
  Non-class:     32.18 MB used.
      Class:      5.16 MB used.
       Both:     37.34 MB used.

Virtual space:
  Non-class space:       64.00 MB reserved,      32.81 MB ( 51%) committed,  1 nodes.
      Class space:      308.00 MB reserved,       5.81 MB (  2%) committed,  1 nodes.
             Both:      372.00 MB reserved,      38.62 MB ( 10%) committed. 

Chunk freelists:
   Non-Class:  2.59 MB
       Class:  2.16 MB
        Both:  4.75 MB

MaxMetaspaceSize: 384.00 MB
CompressedClassSpaceSize: 308.00 MB
Initial GC threshold: 21.00 MB
Current GC threshold: 59.38 MB
CDS: on
MetaspaceReclaimPolicy: balanced
 - commit_granule_bytes: 65536.
 - commit_granule_words: 8192.
 - virtual_space_node_default_size: 8388608.
 - enlarge_chunks_in_place: 1.
 - new_chunks_are_fully_committed: 0.
 - uncommit_free_chunks: 1.
 - use_allocation_guard: 0.


Internal statistics:

num_allocs_failed_limit: 9.
num_arena_births: 2264.
num_arena_deaths: 0.
num_vsnodes_births: 2.
num_vsnodes_deaths: 0.
num_space_committed: 618.
num_space_uncommitted: 0.
num_chunks_returned_to_freelist: 9.
num_chunks_taken_from_freelist: 3835.
num_chunk_merges: 9.
num_chunk_splits: 2558.
num_chunks_enlarged: 1672.
num_inconsistent_stats: 0.

CodeHeap 'non-profiled nmethods': size=120000Kb used=2235Kb max_used=2256Kb free=117764Kb
 bounds [0x000001f8a3260000, 0x000001f8a34d0000, 0x000001f8aa790000]
CodeHeap 'profiled nmethods': size=120000Kb used=8220Kb max_used=8662Kb free=111779Kb
 bounds [0x000001f89b790000, 0x000001f89c010000, 0x000001f8a2cc0000]
CodeHeap 'non-nmethods': size=5760Kb used=2929Kb max_used=2945Kb free=2830Kb
 bounds [0x000001f8a2cc0000, 0x000001f8a2fb0000, 0x000001f8a3260000]
 total_blobs=5139 nmethods=4320 adapters=729
 compilation: enabled
              stopped_count=0, restarted_count=0
 full_count=0

Compilation events (20 events):
Event: 117.987 Thread 0x000001f8c6d0fc80 nmethod 4786 0x000001f89b7f5090 code [0x000001f89b7f5220, 0x000001f89b7f54c0]
Event: 117.988 Thread 0x000001f8c6d0fc80 4787       3       org.gradle.launcher.daemon.server.expiry.DaemonExpirationStatus::values (10 bytes)
Event: 117.995 Thread 0x000001f8c6d0fc80 nmethod 4787 0x000001f89b7f4b90 code [0x000001f89b7f4d20, 0x000001f89b7f4fc0]
Event: 117.995 Thread 0x000001f8c6d0fc80 4788       3       org.gradle.launcher.daemon.registry.DaemonStopEvent::<init> (26 bytes)
Event: 118.024 Thread 0x000001f8c6d0fc80 nmethod 4788 0x000001f89b7f4610 code [0x000001f89b7f47a0, 0x000001f89b7f4a78]
Event: 118.025 Thread 0x000001f8c6d0fc80 4789       3       org.gradle.launcher.daemon.registry.DaemonStopEvent$Serializer::read (73 bytes)
Event: 118.032 Thread 0x000001f8c6d0fc80 nmethod 4789 0x000001f89b7f3490 code [0x000001f89b7f36e0, 0x000001f89b7f4278]
Event: 118.107 Thread 0x000001f8c6d0fc80 4790   !   3       org.gradle.cache.internal.DefaultFileLockManager$DefaultFileLock::readInformationRegion (73 bytes)
Event: 118.171 Thread 0x000001f8c6d0fc80 nmethod 4790 0x000001f89b809d90 code [0x000001f89b80a060, 0x000001f89b80af18]
Event: 118.373 Thread 0x000001f8c6d09f70 4791       4       java.util.concurrent.ConcurrentLinkedQueue::poll (84 bytes)
Event: 118.449 Thread 0x000001f8c6d09f70 nmethod 4791 0x000001f8a32ed890 code [0x000001f8a32eda00, 0x000001f8a32edf78]
Event: 118.528 Thread 0x000001f8c6d0fc80 4792   !   3       org.gradle.cache.internal.locklistener.DefaultFileLockContentionHandler::maybePingOwner (149 bytes)
Event: 118.539 Thread 0x000001f8c6d0fc80 nmethod 4792 0x000001f89b821210 code [0x000001f89b821540, 0x000001f89b822cd0]
Event: 118.684 Thread 0x000001f8c6d09f70 4793       4       java.util.concurrent.locks.AbstractQueuedSynchronizer$Node::getAndUnsetStatus (14 bytes)
Event: 118.694 Thread 0x000001f8c6d09f70 nmethod 4793 0x000001f8a32ed590 code [0x000001f8a32ed700, 0x000001f8a32ed7c8]
Event: 121.601 Thread 0x000001f8c6d09f70 4794       4       java.util.Spliterator::getExactSizeIfKnown (25 bytes)
Event: 121.605 Thread 0x000001f8c6d09f70 nmethod 4794 0x000001f8a32ed210 code [0x000001f8a32ed380, 0x000001f8a32ed458]
Event: 123.064 Thread 0x000001f8c6d0fc80 4795       1       org.gradle.cache.internal.locklistener.DefaultFileLockContentionHandler$ContendedAction::access$600 (5 bytes)
Event: 123.069 Thread 0x000001f8c6d0fc80 nmethod 4795 0x000001f8a32ecf10 code [0x000001f8a32ed080, 0x000001f8a32ed130]
Event: 123.077 Thread 0x000001f8c6d09f70 4796       4       javax.management.ObjectName::construct (1135 bytes)

GC Heap History (10 events):
Event: 16.247 GC heap before
{Heap before GC invocations=0 (full 0):
 garbage-first heap   total 262144K, used 26624K [0x00000000e0000000, 0x0000000100000000)
  region size 1024K, 23 young (23552K), 0 survivors (0K)
 Metaspace       used 3134K, committed 3264K, reserved 380928K
  class space    used 396K, committed 448K, reserved 315392K
}
Event: 16.447 GC heap after
{Heap after GC invocations=1 (full 0):
 garbage-first heap   total 262144K, used 10325K [0x00000000e0000000, 0x0000000100000000)
  region size 1024K, 3 young (3072K), 3 survivors (3072K)
 Metaspace       used 3134K, committed 3264K, reserved 380928K
  class space    used 396K, committed 448K, reserved 315392K
}
Event: 21.253 GC heap before
{Heap before GC invocations=1 (full 0):
 garbage-first heap   total 262144K, used 33877K [0x00000000e0000000, 0x0000000100000000)
  region size 1024K, 26 young (26624K), 3 survivors (3072K)
 Metaspace       used 4058K, committed 4224K, reserved 380928K
  class space    used 492K, committed 576K, reserved 315392K
}
Event: 21.262 GC heap after
{Heap after GC invocations=2 (full 0):
 garbage-first heap   total 262144K, used 11190K [0x00000000e0000000, 0x0000000100000000)
  region size 1024K, 1 young (1024K), 1 survivors (1024K)
 Metaspace       used 4058K, committed 4224K, reserved 380928K
  class space    used 492K, committed 576K, reserved 315392K
}
Event: 31.135 GC heap before
{Heap before GC invocations=2 (full 0):
 garbage-first heap   total 262144K, used 52150K [0x00000000e0000000, 0x0000000100000000)
  region size 1024K, 41 young (41984K), 1 survivors (1024K)
 Metaspace       used 9878K, committed 10240K, reserved 380928K
  class space    used 1303K, committed 1472K, reserved 315392K
}
Event: 31.152 GC heap after
{Heap after GC invocations=3 (full 0):
 garbage-first heap   total 262144K, used 17950K [0x00000000e0000000, 0x0000000100000000)
  region size 1024K, 6 young (6144K), 6 survivors (6144K)
 Metaspace       used 9878K, committed 10240K, reserved 380928K
  class space    used 1303K, committed 1472K, reserved 315392K
}
Event: 42.147 GC heap before
{Heap before GC invocations=3 (full 0):
 garbage-first heap   total 262144K, used 89630K [0x00000000e0000000, 0x0000000100000000)
  region size 1024K, 77 young (78848K), 6 survivors (6144K)
 Metaspace       used 20771K, committed 21504K, reserved 380928K
  class space    used 3031K, committed 3392K, reserved 315392K
}
Event: 42.162 GC heap after
{Heap after GC invocations=4 (full 0):
 garbage-first heap   total 262144K, used 23223K [0x00000000e0000000, 0x0000000100000000)
  region size 1024K, 12 young (12288K), 12 survivors (12288K)
 Metaspace       used 20771K, committed 21504K, reserved 380928K
  class space    used 3031K, committed 3392K, reserved 315392K
}
Event: 57.603 GC heap before
{Heap before GC invocations=5 (full 0):
 garbage-first heap   total 262144K, used 135863K [0x00000000e0000000, 0x0000000100000000)
  region size 1024K, 119 young (121856K), 12 survivors (12288K)
 Metaspace       used 34744K, committed 35968K, reserved 380928K
  class space    used 4915K, committed 5568K, reserved 315392K
}
Event: 57.638 GC heap after
{Heap after GC invocations=6 (full 0):
 garbage-first heap   total 262144K, used 33347K [0x00000000e0000000, 0x0000000100000000)
  region size 1024K, 13 young (13312K), 13 survivors (13312K)
 Metaspace       used 34744K, committed 35968K, reserved 380928K
  class space    used 4915K, committed 5568K, reserved 315392K
}

Dll operation events (15 events):
Event: 0.181 Loaded shared library C:\Users\touby\.jdks\corretto-20.0.2.1\bin\java.dll
Event: 0.412 Loaded shared library C:\Users\touby\.jdks\corretto-20.0.2.1\bin\jsvml.dll
Event: 1.201 Loaded shared library C:\Users\touby\.jdks\corretto-20.0.2.1\bin\zip.dll
Event: 1.267 Loaded shared library C:\Users\touby\.jdks\corretto-20.0.2.1\bin\instrument.dll
Event: 1.323 Loaded shared library C:\Users\touby\.jdks\corretto-20.0.2.1\bin\net.dll
Event: 1.345 Loaded shared library C:\Users\touby\.jdks\corretto-20.0.2.1\bin\nio.dll
Event: 1.396 Loaded shared library C:\Users\touby\.jdks\corretto-20.0.2.1\bin\zip.dll
Event: 8.858 Loaded shared library C:\Users\touby\.jdks\corretto-20.0.2.1\bin\jimage.dll
Event: 11.464 Loaded shared library C:\Users\touby\.jdks\corretto-20.0.2.1\bin\verify.dll
Event: 14.855 Loaded shared library C:\Users\touby\.gradle\native\c067742578af261105cb4f569cf0c3c89f3d7b1fecec35dd04571415982c5e48\windows-amd64\native-platform.dll
Event: 14.938 Loaded shared library C:\Users\touby\.gradle\native\38dada09dfb8b06ba9b0570ebf7e218e3eb74d4ef43ca46872605cf95ebc2f47\windows-amd64\native-platform-file-events.dll
Event: 25.385 Loaded shared library C:\Users\touby\.jdks\corretto-20.0.2.1\bin\management.dll
Event: 25.395 Loaded shared library C:\Users\touby\.jdks\corretto-20.0.2.1\bin\management_ext.dll
Event: 26.746 Loaded shared library C:\Users\touby\.jdks\corretto-20.0.2.1\bin\extnet.dll
Event: 29.648 Loaded shared library C:\Users\touby\.jdks\corretto-20.0.2.1\bin\sunmscapi.dll

Deoptimization events (20 events):
Event: 76.008 Thread 0x000001f8c74266e0 Uncommon trap: trap_request=0xffffff45 fr.pc=0x000001f8a32bfad8 relative=0x00000000000002b8
Event: 76.008 Thread 0x000001f8c74266e0 Uncommon trap: reason=unstable_if action=reinterpret pc=0x000001f8a32bfad8 method=java.net.URI.match(CJJ)Z @ 19 c2
Event: 76.008 Thread 0x000001f8c74266e0 DEOPT PACKING pc=0x000001f8a32bfad8 sp=0x00000011af3fa350
Event: 76.008 Thread 0x000001f8c74266e0 DEOPT UNPACKING pc=0x000001f8a2cdd2a2 sp=0x00000011af3fa240 mode 2
Event: 76.417 Thread 0x000001f8c74266e0 Uncommon trap: trap_request=0xffffff45 fr.pc=0x000001f8a3451fe0 relative=0x0000000000000220
Event: 76.421 Thread 0x000001f8c74266e0 Uncommon trap: reason=unstable_if action=reinterpret pc=0x000001f8a3451fe0 method=java.util.HashMap.putVal(ILjava/lang/Object;Ljava/lang/Object;ZZ)Ljava/lang/Object; @ 162 c2
Event: 76.425 Thread 0x000001f8c74266e0 DEOPT PACKING pc=0x000001f8a3451fe0 sp=0x00000011af3fa130
Event: 76.428 Thread 0x000001f8c74266e0 DEOPT UNPACKING pc=0x000001f8a2cdd2a2 sp=0x00000011af3fa040 mode 2
Event: 77.424 Thread 0x000001f8c74266e0 Uncommon trap: trap_request=0xffffffde fr.pc=0x000001f8a34835e8 relative=0x0000000000000068
Event: 77.427 Thread 0x000001f8c74266e0 Uncommon trap: reason=class_check action=maybe_recompile pc=0x000001f8a34835e8 method=java.util.stream.StreamOpFlag.fromCharacteristics(Ljava/util/Spliterator;)I @ 14 c2
Event: 77.428 Thread 0x000001f8c74266e0 DEOPT PACKING pc=0x000001f8a34835e8 sp=0x00000011af3f9f50
Event: 77.432 Thread 0x000001f8c74266e0 DEOPT UNPACKING pc=0x000001f8a2cdd2a2 sp=0x00000011af3f9ee8 mode 2
Event: 82.973 Thread 0x000001f8c74266e0 DEOPT PACKING pc=0x000001f89b85a9b1 sp=0x00000011af3f8da0
Event: 82.973 Thread 0x000001f8c74266e0 DEOPT UNPACKING pc=0x000001f8a2d2e462 sp=0x00000011af3f82a0 mode 0
Event: 83.133 Thread 0x000001f8c74266e0 DEOPT PACKING pc=0x000001f89b883c01 sp=0x00000011af3f8f90
Event: 83.133 Thread 0x000001f8c74266e0 DEOPT UNPACKING pc=0x000001f8a2d2e462 sp=0x00000011af3f8480 mode 0
Event: 88.566 Thread 0x000001f8c74266e0 Uncommon trap: trap_request=0xffffff76 fr.pc=0x000001f8a333a370 relative=0x0000000000000270
Event: 88.566 Thread 0x000001f8c74266e0 Uncommon trap: reason=predicate action=maybe_recompile pc=0x000001f8a333a370 method=java.util.LinkedHashMap.keysToArray([Ljava/lang/Object;)[Ljava/lang/Object; @ 12 c2
Event: 88.566 Thread 0x000001f8c74266e0 DEOPT PACKING pc=0x000001f8a333a370 sp=0x00000011af3f63d0
Event: 88.566 Thread 0x000001f8c74266e0 DEOPT UNPACKING pc=0x000001f8a2cdd2a2 sp=0x00000011af3f6388 mode 2

Classes loaded (20 events):
Event: 57.855 Loading class com/sun/beans/finder/FinderUtils
Event: 57.855 Loading class com/sun/beans/finder/FinderUtils done
Event: 75.086 Loading class java/security/CodeSigner
Event: 75.096 Loading class java/security/CodeSigner done
Event: 77.202 Loading class java/util/BitSet$1BitSetSpliterator
Event: 77.424 Loading class java/util/BitSet$1BitSetSpliterator done
Event: 78.013 Loading class jdk/internal/reflect/MethodHandleIntegerFieldAccessorImpl
Event: 78.088 Loading class jdk/internal/reflect/MethodHandleIntegerFieldAccessorImpl done
Event: 78.472 Loading class sun/nio/fs/WindowsException
Event: 78.506 Loading class sun/nio/fs/WindowsException done
Event: 88.073 Loading class java/util/stream/ReferencePipeline$4
Event: 88.099 Loading class java/util/stream/ReferencePipeline$4 done
Event: 88.099 Loading class java/util/function/IntBinaryOperator
Event: 88.104 Loading class java/util/function/IntBinaryOperator done
Event: 88.105 Loading class java/util/stream/ReduceOps$6
Event: 88.107 Loading class java/util/stream/ReduceOps$6 done
Event: 88.107 Loading class java/util/stream/ReduceOps$5ReducingSink
Event: 88.108 Loading class java/util/stream/ReduceOps$5ReducingSink done
Event: 88.108 Loading class java/util/stream/ReferencePipeline$4$1
Event: 88.108 Loading class java/util/stream/ReferencePipeline$4$1 done

Classes unloaded (0 events):
No events

Classes redefined (0 events):
No events

Internal exceptions (20 events):
Event: 75.730 Thread 0x000001f8c74266e0 Exception <a 'java/lang/ClassNotFoundException'{0x00000000ef740538}: org/gradle/execution/taskgraph/DefaultTaskExecutionGraphCustomizer> (0x00000000ef740538) 
thrown [s\src\hotspot\share\classfile\systemDictionary.cpp, line 305]
Event: 76.653 Thread 0x000001f8c74266e0 Exception <a 'java/lang/NoSuchMethodError'{0x00000000ef668c58}: 'java.lang.Object java.lang.invoke.DirectMethodHandle$Holder.newInvokeSpecial(java.lang.Object, java.lang.Object, java.lang.Object, java.lang.Object, java.lang.Object, java.lang.Object, java.lang.Object, java.lang.Object, java.lang.Object)'> (0x00000000ef668c58) 
thrown [s\src\hotspot\share\interpreter\linkResolver.cpp, line 773]
Event: 77.549 Thread 0x000001f8c74266e0 Exception <a 'java/lang/NoSuchMethodError'{0x00000000ef6ed080}: 'java.lang.Object java.lang.invoke.DirectMethodHandle$Holder.newInvokeSpecial(java.lang.Object, java.lang.Object, int, int)'> (0x00000000ef6ed080) 
thrown [s\src\hotspot\share\interpreter\linkResolver.cpp, line 773]
Event: 77.553 Thread 0x000001f8c74266e0 Exception <a 'java/lang/NoSuchMethodError'{0x00000000ef6f1c98}: 'java.lang.Object java.lang.invoke.DirectMethodHandle$Holder.invokeSpecial(java.lang.Object, java.lang.Object, java.lang.Object, int, int)'> (0x00000000ef6f1c98) 
thrown [s\src\hotspot\share\interpreter\linkResolver.cpp, line 773]
Event: 78.116 Thread 0x000001f8c74266e0 Exception <a 'java/lang/NoSuchMethodError'{0x00000000ef5275f8}: 'void java.lang.invoke.DirectMethodHandle$Holder.invokeSpecial(java.lang.Object, java.lang.Object, int)'> (0x00000000ef5275f8) 
thrown [s\src\hotspot\share\interpreter\linkResolver.cpp, line 773]
Event: 78.128 Thread 0x000001f8c74266e0 Exception <a 'java/lang/NoSuchMethodError'{0x00000000ef52b820}: 'void java.lang.invoke.Invokers$Holder.invokeExact_MT(java.lang.Object, int, java.lang.Object)'> (0x00000000ef52b820) 
thrown [s\src\hotspot\share\interpreter\linkResolver.cpp, line 773]
Event: 78.163 Thread 0x000001f8c74266e0 Exception <a 'java/lang/IncompatibleClassChangeError'{0x00000000ef5360a8}: Found class java.lang.Object, but interface was expected> (0x00000000ef5360a8) 
thrown [s\src\hotspot\share\interpreter\linkResolver.cpp, line 840]
Event: 78.506 Thread 0x000001f8c74266e0 Exception <a 'sun/nio/fs/WindowsException'{0x00000000ef560fc8}> (0x00000000ef560fc8) 
thrown [s\src\hotspot\share\prims\jni.cpp, line 519]
Event: 78.508 Thread 0x000001f8c74266e0 Exception <a 'sun/nio/fs/WindowsException'{0x00000000ef5624c0}> (0x00000000ef5624c0) 
thrown [s\src\hotspot\share\prims\jni.cpp, line 519]
Event: 78.509 Thread 0x000001f8c74266e0 Exception <a 'sun/nio/fs/WindowsException'{0x00000000ef563990}> (0x00000000ef563990) 
thrown [s\src\hotspot\share\prims\jni.cpp, line 519]
Event: 78.510 Thread 0x000001f8c74266e0 Exception <a 'sun/nio/fs/WindowsException'{0x00000000ef564e70}> (0x00000000ef564e70) 
thrown [s\src\hotspot\share\prims\jni.cpp, line 519]
Event: 79.509 Thread 0x000001f8c74266e0 Exception <a 'java/lang/NoSuchMethodError'{0x00000000ef4fbf30}: 'java.lang.Object java.lang.invoke.Invokers$Holder.invoker(java.lang.Object, java.lang.Object, java.lang.Object, java.lang.Object, java.lang.Object, java.lang.Object)'> (0x00000000ef4fbf30) 
thrown [s\src\hotspot\share\interpreter\linkResolver.cpp, line 773]
Event: 80.459 Thread 0x000001f8c74266e0 Exception <a 'java/lang/NoSuchMethodError'{0x00000000ef20bff8}: 'java.lang.Object java.lang.invoke.DirectMethodHandle$Holder.invokeSpecial(java.lang.Object, java.lang.Object, java.lang.Object, java.lang.Object, java.lang.Object, java.lang.Object, java.lang.Object, java.lang.Object, java.lang.Object, java.lang.Object, java.lang.Object, java.lang.Object, java.lang.Object, java.lang.Object, java.lang.Object, java.lang.Object, java.lang.Object, java.lang.Object, java.lang.Object, java.lang.Object, java.lang.Ob
Event: 80.461 Thread 0x000001f8c74266e0 Exception <a 'java/lang/NoSuchMethodError'{0x00000000ef211a78}: 'java.lang.Object java.lang.invoke.DelegatingMethodHandle$Holder.reinvoke_L(java.lang.Object, java.lang.Object, java.lang.Object, java.lang.Object, java.lang.Object, java.lang.Object, java.lang.Object, java.lang.Object, java.lang.Object, java.lang.Object, java.lang.Object, java.lang.Object, java.lang.Object, java.lang.Object, java.lang.Object, java.lang.Object, java.lang.Object, java.lang.Object, java.lang.Object, java.lang.Object, java.lang.O
Event: 80.641 Thread 0x000001f8c74266e0 Exception <a 'java/lang/NoSuchMethodError'{0x00000000ef21ca90}: 'java.lang.Object java.lang.invoke.Invokers$Holder.invoker(java.lang.Object, java.lang.Object, java.lang.Object, java.lang.Object, java.lang.Object, java.lang.Object, java.lang.Object, java.lang.Object, java.lang.Object, java.lang.Object, java.lang.Object, java.lang.Object, java.lang.Object, java.lang.Object, java.lang.Object, java.lang.Object, java.lang.Object, java.lang.Object, java.lang.Object, java.lang.Object, java.lang.Object, java.lang.
Event: 80.706 Thread 0x000001f8c74266e0 Exception <a 'java/lang/NoSuchMethodError'{0x00000000ef222ce0}: 'java.lang.Object java.lang.invoke.DelegatingMethodHandle$Holder.delegate(java.lang.Object, java.lang.Object, java.lang.Object, java.lang.Object, java.lang.Object, java.lang.Object, java.lang.Object, java.lang.Object, java.lang.Object, java.lang.Object, java.lang.Object, java.lang.Object, java.lang.Object, java.lang.Object, java.lang.Object, java.lang.Object, java.lang.Object, java.lang.Object, java.lang.Object, java.lang.Object, java.lang.Obj
Event: 86.317 Thread 0x000001f8c74266e0 Exception <a 'java/lang/IncompatibleClassChangeError'{0x00000000ee107810}: Found class java.lang.Object, but interface was expected> (0x00000000ee107810) 
thrown [s\src\hotspot\share\interpreter\linkResolver.cpp, line 840]
Event: 88.219 Thread 0x000001f8c74266e0 Exception <a 'java/lang/IncompatibleClassChangeError'{0x00000000edff53d8}: Found class java.lang.Object, but interface was expected> (0x00000000edff53d8) 
thrown [s\src\hotspot\share\interpreter\linkResolver.cpp, line 840]
Event: 88.273 Thread 0x000001f8c74266e0 Exception <a 'java/lang/NoSuchMethodError'{0x00000000ede42cd8}: 'void java.lang.invoke.DirectMethodHandle$Holder.invokeStatic(java.lang.Object, java.lang.Object, java.lang.Object, java.lang.Object, java.lang.Object, java.lang.Object)'> (0x00000000ede42cd8) 
thrown [s\src\hotspot\share\interpreter\linkResolver.cpp, line 773]
Event: 88.562 Thread 0x000001f8c74266e0 Exception <a 'java/lang/NoSuchMethodError'{0x00000000edd76880}: 'int java.lang.invoke.DirectMethodHandle$Holder.invokeStaticInit(java.lang.Object, java.lang.Object, java.lang.Object, java.lang.Object, java.lang.Object)'> (0x00000000edd76880) 
thrown [s\src\hotspot\share\interpreter\linkResolver.cpp, line 773]

VM Operations (20 events):
Event: 81.712 Executing VM operation: Cleanup
Event: 81.728 Executing VM operation: Cleanup done
Event: 82.738 Executing VM operation: Cleanup
Event: 82.739 Executing VM operation: Cleanup done
Event: 83.749 Executing VM operation: Cleanup
Event: 83.752 Executing VM operation: Cleanup done
Event: 84.762 Executing VM operation: Cleanup
Event: 84.778 Executing VM operation: Cleanup done
Event: 85.791 Executing VM operation: Cleanup
Event: 85.979 Executing VM operation: Cleanup done
Event: 86.457 Executing VM operation: HandshakeAllThreads
Event: 86.463 Executing VM operation: HandshakeAllThreads done
Event: 87.470 Executing VM operation: Cleanup
Event: 87.486 Executing VM operation: Cleanup done
Event: 88.490 Executing VM operation: Cleanup
Event: 88.512 Executing VM operation: Cleanup done
Event: 109.716 Executing VM operation: Cleanup
Event: 109.732 Executing VM operation: Cleanup done
Event: 117.798 Executing VM operation: Cleanup
Event: 117.799 Executing VM operation: Cleanup done

Events (20 events):
Event: 57.734 Thread 0x000001f8ae78ef80 flushing nmethod 0x000001f8a32c4990
Event: 57.734 Thread 0x000001f8ae78ef80 flushing nmethod 0x000001f8a32c2510
Event: 57.734 Thread 0x000001f8ae78ef80 flushing nmethod 0x000001f8a32c2210
Event: 57.734 Thread 0x000001f8ae78ef80 flushing nmethod 0x000001f8a32c1510
Event: 57.734 Thread 0x000001f8ae78ef80 flushing nmethod 0x000001f8a327c890
Event: 57.734 Thread 0x000001f8ae78ef80 flushing nmethod 0x000001f8a32bdf10
Event: 57.734 Thread 0x000001f8ae78ef80 flushing nmethod 0x000001f8a3295a10
Event: 57.734 Thread 0x000001f8ae78ef80 flushing nmethod 0x000001f8a3293290
Event: 57.734 Thread 0x000001f8ae78ef80 flushing nmethod 0x000001f8a3292690
Event: 57.734 Thread 0x000001f8ae78ef80 flushing nmethod 0x000001f8a3290690
Event: 57.734 Thread 0x000001f8ae78ef80 flushing nmethod 0x000001f8a32aed90
Event: 57.734 Thread 0x000001f8ae78ef80 flushing nmethod 0x000001f8a32a8e10
Event: 57.734 Thread 0x000001f8ae78ef80 flushing nmethod 0x000001f8a3285d90
Event: 57.734 Thread 0x000001f8ae78ef80 flushing nmethod 0x000001f8a3282910
Event: 57.734 Thread 0x000001f8ae78ef80 flushing nmethod 0x000001f8a3269190
Event: 64.030 Thread 0x000001f8c9398170 Thread added: 0x000001f8c9398170
Event: 71.236 Thread 0x000001f8c939a150 Thread added: 0x000001f8c939a150
Event: 80.192 Thread 0x000001f8c939cbd0 Thread added: 0x000001f8c939cbd0
Event: 117.536 Thread 0x000001f8c939c130 Thread added: 0x000001f8c939c130
Event: 123.073 Thread 0x000001f8c939d670 Thread added: 0x000001f8c939d670


Dynamic libraries:
0x00007ff62ffe0000 - 0x00007ff62ffee000 	C:\Users\touby\.jdks\corretto-20.0.2.1\bin\java.exe
0x00007ffe08770000 - 0x00007ffe08987000 	C:\WINDOWS\SYSTEM32\ntdll.dll
0x00007ffe06af0000 - 0x00007ffe06bb4000 	C:\WINDOWS\System32\KERNEL32.DLL
0x00007ffe05ea0000 - 0x00007ffe06246000 	C:\WINDOWS\System32\KERNELBASE.dll
0x00007ffe063a0000 - 0x00007ffe064b1000 	C:\WINDOWS\System32\ucrtbase.dll
0x00007ffde0c90000 - 0x00007ffde0ca7000 	C:\Users\touby\.jdks\corretto-20.0.2.1\bin\jli.dll
0x00007ffde0930000 - 0x00007ffde094b000 	C:\Users\touby\.jdks\corretto-20.0.2.1\bin\VCRUNTIME140.dll
0x00007ffe071d0000 - 0x00007ffe0737e000 	C:\WINDOWS\System32\USER32.dll
0x00007ffe062f0000 - 0x00007ffe06316000 	C:\WINDOWS\System32\win32u.dll
0x00007ffe06980000 - 0x00007ffe069a9000 	C:\WINDOWS\System32\GDI32.dll
0x00007ffe05d80000 - 0x00007ffe05e98000 	C:\WINDOWS\System32\gdi32full.dll
0x00007ffe06250000 - 0x00007ffe062ea000 	C:\WINDOWS\System32\msvcp_win.dll
0x00007ffde5cd0000 - 0x00007ffde5f63000 	C:\WINDOWS\WinSxS\amd64_microsoft.windows.common-controls_6595b64144ccf1df_6.0.22621.2506_none_270c5ae97388e100\COMCTL32.dll
0x00007ffe06540000 - 0x00007ffe065e7000 	C:\WINDOWS\System32\msvcrt.dll
0x00007ffe065f0000 - 0x00007ffe06621000 	C:\WINDOWS\System32\IMM32.DLL
0x00007ffe00620000 - 0x00007ffe0062c000 	C:\Users\touby\.jdks\corretto-20.0.2.1\bin\vcruntime140_1.dll
0x00007ffddbbd0000 - 0x00007ffddbc5e000 	C:\Users\touby\.jdks\corretto-20.0.2.1\bin\msvcp140.dll
0x00007ffda1d70000 - 0x00007ffda2a74000 	C:\Users\touby\.jdks\corretto-20.0.2.1\bin\server\jvm.dll
0x00007ffe07110000 - 0x00007ffe071c1000 	C:\WINDOWS\System32\ADVAPI32.dll
0x00007ffe08380000 - 0x00007ffe08425000 	C:\WINDOWS\System32\sechost.dll
0x00007ffe08530000 - 0x00007ffe08647000 	C:\WINDOWS\System32\RPCRT4.dll
0x00007ffde3e70000 - 0x00007ffde3e79000 	C:\WINDOWS\SYSTEM32\WSOCK32.dll
0x00007ffe067f0000 - 0x00007ffe06861000 	C:\WINDOWS\System32\WS2_32.dll
0x00007ffdfc5b0000 - 0x00007ffdfc5e4000 	C:\WINDOWS\SYSTEM32\WINMM.dll
0x00007ffdf99b0000 - 0x00007ffdf99ba000 	C:\WINDOWS\SYSTEM32\VERSION.dll
0x00007ffe04aa0000 - 0x00007ffe04ab8000 	C:\WINDOWS\SYSTEM32\kernel.appcore.dll
0x00007ffdf9c20000 - 0x00007ffdf9c2a000 	C:\Users\touby\.jdks\corretto-20.0.2.1\bin\jimage.dll
0x00007ffe02e30000 - 0x00007ffe03063000 	C:\WINDOWS\SYSTEM32\DBGHELP.DLL
0x00007ffe06d80000 - 0x00007ffe07109000 	C:\WINDOWS\System32\combase.dll
0x00007ffe08650000 - 0x00007ffe08727000 	C:\WINDOWS\System32\OLEAUT32.dll
0x00007ffdd9410000 - 0x00007ffdd9442000 	C:\WINDOWS\SYSTEM32\dbgcore.DLL
0x00007ffe06320000 - 0x00007ffe0639a000 	C:\WINDOWS\System32\bcryptPrimitives.dll
0x00007ffdec2a0000 - 0x00007ffdec2ae000 	C:\Users\touby\.jdks\corretto-20.0.2.1\bin\instrument.dll
0x00007ffde0720000 - 0x00007ffde0746000 	C:\Users\touby\.jdks\corretto-20.0.2.1\bin\java.dll
0x00007ffdb9a30000 - 0x00007ffdb9b07000 	C:\Users\touby\.jdks\corretto-20.0.2.1\bin\jsvml.dll
0x00007ffe07850000 - 0x00007ffe080aa000 	C:\WINDOWS\System32\SHELL32.dll
0x00007ffe039b0000 - 0x00007ffe042a6000 	C:\WINDOWS\SYSTEM32\windows.storage.dll
0x00007ffe03870000 - 0x00007ffe039ae000 	C:\WINDOWS\SYSTEM32\wintypes.dll
0x00007ffe08430000 - 0x00007ffe08523000 	C:\WINDOWS\System32\SHCORE.dll
0x00007ffe064d0000 - 0x00007ffe0652e000 	C:\WINDOWS\System32\shlwapi.dll
0x00007ffe05a10000 - 0x00007ffe05a36000 	C:\WINDOWS\SYSTEM32\profapi.dll
0x00007ffde02e0000 - 0x00007ffde02f8000 	C:\Users\touby\.jdks\corretto-20.0.2.1\bin\zip.dll
0x00007ffddbee0000 - 0x00007ffddbef3000 	C:\Users\touby\.jdks\corretto-20.0.2.1\bin\net.dll
0x00007ffdff350000 - 0x00007ffdff487000 	C:\WINDOWS\SYSTEM32\WINHTTP.dll
0x00007ffe04f10000 - 0x00007ffe04f79000 	C:\WINDOWS\system32\mswsock.dll
0x00007ffddbaa0000 - 0x00007ffddbab6000 	C:\Users\touby\.jdks\corretto-20.0.2.1\bin\nio.dll
0x00007ffdec1d0000 - 0x00007ffdec1e0000 	C:\Users\touby\.jdks\corretto-20.0.2.1\bin\verify.dll
0x00007ffdec210000 - 0x00007ffdec237000 	C:\Users\touby\.gradle\native\c067742578af261105cb4f569cf0c3c89f3d7b1fecec35dd04571415982c5e48\windows-amd64\native-platform.dll
0x00007ffdb98e0000 - 0x00007ffdb9a24000 	C:\Users\touby\.gradle\native\38dada09dfb8b06ba9b0570ebf7e218e3eb74d4ef43ca46872605cf95ebc2f47\windows-amd64\native-platform-file-events.dll
0x00007ffdec100000 - 0x00007ffdec10a000 	C:\Users\touby\.jdks\corretto-20.0.2.1\bin\management.dll
0x00007ffde4440000 - 0x00007ffde444b000 	C:\Users\touby\.jdks\corretto-20.0.2.1\bin\management_ext.dll
0x00007ffe06530000 - 0x00007ffe06538000 	C:\WINDOWS\System32\PSAPI.DLL
0x00007ffe051b0000 - 0x00007ffe051cb000 	C:\WINDOWS\SYSTEM32\CRYPTSP.dll
0x00007ffe04a00000 - 0x00007ffe04a35000 	C:\WINDOWS\system32\rsaenh.dll
0x00007ffe04fc0000 - 0x00007ffe04fec000 	C:\WINDOWS\SYSTEM32\USERENV.dll
0x00007ffe05380000 - 0x00007ffe053a8000 	C:\WINDOWS\SYSTEM32\bcrypt.dll
0x00007ffe05120000 - 0x00007ffe0512c000 	C:\WINDOWS\SYSTEM32\CRYPTBASE.dll
0x00007ffe04510000 - 0x00007ffe0453d000 	C:\WINDOWS\SYSTEM32\IPHLPAPI.DLL
0x00007ffe06870000 - 0x00007ffe06879000 	C:\WINDOWS\System32\NSI.dll
0x00007ffdfe210000 - 0x00007ffdfe229000 	C:\WINDOWS\SYSTEM32\dhcpcsvc6.DLL
0x00007ffdfe0e0000 - 0x00007ffdfe0ff000 	C:\WINDOWS\SYSTEM32\dhcpcsvc.DLL
0x00007ffe04580000 - 0x00007ffe04679000 	C:\WINDOWS\SYSTEM32\DNSAPI.dll
0x00007ffde40b0000 - 0x00007ffde40b7000 	C:\Users\touby\.jdks\corretto-20.0.2.1\bin\extnet.dll
0x00007ffde3fd0000 - 0x00007ffde3fde000 	C:\Users\touby\.jdks\corretto-20.0.2.1\bin\sunmscapi.dll
0x00007ffe05c10000 - 0x00007ffe05d76000 	C:\WINDOWS\System32\CRYPT32.dll
0x00007ffe05350000 - 0x00007ffe0537d000 	C:\WINDOWS\SYSTEM32\ncrypt.dll
0x00007ffe05310000 - 0x00007ffe05347000 	C:\WINDOWS\SYSTEM32\NTASN1.dll
0x00007ffe00500000 - 0x00007ffe00508000 	C:\WINDOWS\system32\wshunix.dll

dbghelp: loaded successfully - version: 4.0.5 - missing functions: none
symbol engine: initialized successfully - sym options: 0x614 - pdb path: .;C:\Users\touby\.jdks\corretto-20.0.2.1\bin;C:\WINDOWS\SYSTEM32;C:\WINDOWS\WinSxS\amd64_microsoft.windows.common-controls_6595b64144ccf1df_6.0.22621.2506_none_270c5ae97388e100;C:\Users\touby\.jdks\corretto-20.0.2.1\bin\server;C:\Users\touby\.gradle\native\c067742578af261105cb4f569cf0c3c89f3d7b1fecec35dd04571415982c5e48\windows-amd64;C:\Users\touby\.gradle\native\38dada09dfb8b06ba9b0570ebf7e218e3eb74d4ef43ca46872605cf95ebc2f47\windows-amd64

VM Arguments:
jvm_args: --add-opens=java.base/java.util=ALL-UNNAMED --add-opens=java.base/java.lang=ALL-UNNAMED --add-opens=java.base/java.lang.invoke=ALL-UNNAMED --add-opens=java.prefs/java.util.prefs=ALL-UNNAMED --add-opens=java.base/java.nio.charset=ALL-UNNAMED --add-opens=java.base/java.net=ALL-UNNAMED --add-opens=java.base/java.util.concurrent.atomic=ALL-UNNAMED -XX:MaxMetaspaceSize=384m -XX:+HeapDumpOnOutOfMemoryError -Xms256m -Xmx512m -Dfile.encoding=windows-1252 -Duser.country=CA -Duser.language=en -Duser.variant -javaagent:C:\Users\touby\.gradle\wrapper\dists\gradle-8.5-bin\5t9huq95ubn472n8rpzujfbqh\gradle-8.5\lib\agents\gradle-instrumentation-agent-8.5.jar 
java_command: org.gradle.launcher.daemon.bootstrap.GradleDaemon 8.5
java_class_path (initial): C:\Users\touby\.gradle\wrapper\dists\gradle-8.5-bin\5t9huq95ubn472n8rpzujfbqh\gradle-8.5\lib\gradle-launcher-8.5.jar
Launcher Type: SUN_STANDARD

[Global flags]
     intx CICompilerCount                          = 4                                         {product} {ergonomic}
   size_t CompressedClassSpaceSize                 = 322961408                                 {product} {ergonomic}
     uint ConcGCThreads                            = 2                                         {product} {ergonomic}
     uint G1ConcRefinementThreads                  = 8                                         {product} {ergonomic}
   size_t G1HeapRegionSize                         = 1048576                                   {product} {ergonomic}
    uintx GCDrainStackTargetSize                   = 64                                        {product} {ergonomic}
     bool HeapDumpOnOutOfMemoryError               = true                                   {manageable} {command line}
   size_t InitialHeapSize                          = 268435456                                 {product} {command line}
   size_t MarkStackSize                            = 4194304                                   {product} {ergonomic}
   size_t MaxHeapSize                              = 536870912                                 {product} {command line}
   size_t MaxMetaspaceSize                         = 402653184                                 {product} {command line}
   size_t MaxNewSize                               = 321912832                                 {product} {ergonomic}
   size_t MinHeapDeltaBytes                        = 1048576                                   {product} {ergonomic}
   size_t MinHeapSize                              = 268435456                                 {product} {command line}
    uintx NonNMethodCodeHeapSize                   = 5839372                                {pd product} {ergonomic}
    uintx NonProfiledCodeHeapSize                  = 122909434                              {pd product} {ergonomic}
    uintx ProfiledCodeHeapSize                     = 122909434                              {pd product} {ergonomic}
    uintx ReservedCodeCacheSize                    = 251658240                              {pd product} {ergonomic}
     bool SegmentedCodeCache                       = true                                      {product} {ergonomic}
   size_t SoftMaxHeapSize                          = 536870912                              {manageable} {ergonomic}
     bool UseCompressedClassPointers               = true                           {product lp64_product} {ergonomic}
     bool UseCompressedOops                        = true                           {product lp64_product} {ergonomic}
     bool UseG1GC                                  = true                                      {product} {ergonomic}
     bool UseLargePagesIndividualAllocation        = false                                  {pd product} {ergonomic}

Logging:
Log output configuration:
 #0: stdout all=warning uptime,level,tags foldmultilines=false
 #1: stderr all=off uptime,level,tags foldmultilines=false

Environment Variables:
PATH=C:\Program Files (x86)\Common Files\Oracle\Java\javapath;C:\WINDOWS\system32;C:\WINDOWS;C:\WINDOWS\System32\Wbem;C:\WINDOWS\System32\WindowsPowerShell\v1.0\;C:\WINDOWS\System32\OpenSSH\;C:\Program Files\Git\cmd;C:\xampp\php;C:\ProgramData\ComposerSetup\bin;C:\Program Files\nodejs\;C:\Program Files\Microsoft SQL Server\150\Tools\Binn\;C:\Program Files\Microsoft SQL Server\Client SDK\ODBC\170\Tools\Binn\;C:\Program Files\dotnet\;C:\Program Files\Docker\Docker\resources\bin;C:\Users\touby\AppData\Local\Microsoft\WindowsApps;;C:\Users\touby\AppData\Local\Programs\Microsoft VS Code\bin;C:\Program Files\JetBrains\PhpStorm 2023.2.4\bin;;C:\Users\touby\AppData\Roaming\Composer\vendor\bin;C:\Users\touby\AppData\Roaming\npm;C:\Program Files (x86)\Brackets\;C:\Users\touby\.dotnet\tools
USERNAME=touby
OS=Windows_NT
PROCESSOR_IDENTIFIER=Intel64 Family 6 Model 140 Stepping 2, GenuineIntel
TMP=C:\Users\touby\AppData\Local\Temp
TEMP=C:\Users\touby\AppData\Local\Temp




---------------  S Y S T E M  ---------------

OS:
 Windows 11 , 64 bit Build 22621 (10.0.22621.2506)
OS uptime: 0 days 9:26 hours
Hyper-V role detected

CPU: total 8 (initial active 8) (4 cores per cpu, 2 threads per core) family 6 model 140 stepping 2 microcode 0x2c, cx8, cmov, fxsr, ht, mmx, 3dnowpref, sse, sse2, sse3, ssse3, sse4.1, sse4.2, popcnt, lzcnt, tsc, tscinvbit, avx, avx2, aes, erms, clmul, bmi1, bmi2, adx, avx512f, avx512dq, avx512cd, avx512bw, avx512vl, sha, fma, vzeroupper, avx512_vpopcntdq, avx512_vpclmulqdq, avx512_vaes, avx512_vnni, clflush, clflushopt, clwb, avx512_vbmi2, avx512_vbmi, hv, rdtscp, rdpid, fsrm, gfni, avx512_bitalg, f16c, cet_ibt, cet_ss, avx512_ifma

Memory: 4k page, system-wide physical 7941M (16M free)
TotalPageFile size 32517M (AvailPageFile size 3M)
current process WorkingSet (physical memory assigned to process): 28M, peak: 211M
current process commit charge ("private bytes"): 432M, peak: 433M

vm_info: OpenJDK 64-Bit Server VM (20.0.2.1+10-FR) for windows-amd64 JRE (20.0.2.1+10-FR), built on 2023-08-19T09:18:31Z by "Administrator" with unknown MS VC++:1937

END.
