#
# There is insufficient memory for the Java Runtime Environment to continue.
# Native memory allocation (malloc) failed to allocate 1017776 bytes for Chunk::new
# Possible reasons:
#   The system is out of physical RAM or swap space
#   The process is running with CompressedOops enabled, and the Java Heap may be blocking the growth of the native heap
# Possible solutions:
#   Reduce memory load on the system
#   Increase physical memory or swap space
#   Check if swap backing store is full
#   Decrease Java heap size (-Xmx/-Xms)
#   Decrease number of Java threads
#   Decrease Java thread stack sizes (-Xss)
#   Set larger code cache with -XX:ReservedCodeCacheSize=
#   JVM is running with Unscaled Compressed Oops mode in which the Java heap is
#     placed in the first 4GB address space. The Java Heap base address is the
#     maximum limit for the native heap growth. Please use -XX:HeapBaseMinAddress
#     to set the Java Heap base and to place the Java Heap above 4GB virtual address.
# This output file may be truncated or incomplete.
#
#  Out of Memory Error (arena.cpp:184), pid=27148, tid=32068
#
# JRE version: OpenJDK Runtime Environment Corretto-20.0.2.10.1 (20.0.2.1+10) (build 20.0.2.1+10-FR)
# Java VM: OpenJDK 64-Bit Server VM Corretto-20.0.2.10.1 (20.0.2.1+10-FR, mixed mode, sharing, tiered, compressed oops, compressed class ptrs, g1 gc, windows-amd64)
# No core dump will be written. Minidumps are not enabled by default on client versions of Windows
#

---------------  S U M M A R Y ------------

Command Line: --add-opens=java.base/java.util=ALL-UNNAMED --add-opens=java.base/java.lang=ALL-UNNAMED --add-opens=java.base/java.lang.invoke=ALL-UNNAMED --add-opens=java.prefs/java.util.prefs=ALL-UNNAMED --add-opens=java.base/java.nio.charset=ALL-UNNAMED --add-opens=java.base/java.net=ALL-UNNAMED --add-opens=java.base/java.util.concurrent.atomic=ALL-UNNAMED -XX:MaxMetaspaceSize=384m -XX:+HeapDumpOnOutOfMemoryError -Xms256m -Xmx512m -Dfile.encoding=windows-1252 -Duser.country=CA -Duser.language=en -Duser.variant -javaagent:C:\Users\touby\.gradle\wrapper\dists\gradle-8.5-bin\5t9huq95ubn472n8rpzujfbqh\gradle-8.5\lib\agents\gradle-instrumentation-agent-8.5.jar org.gradle.launcher.daemon.bootstrap.GradleDaemon 8.5

Host: 11th Gen Intel(R) Core(TM) i5-1155G7 @ 2.50GHz, 8 cores, 7G,  Windows 11 , 64 bit Build 22621 (10.0.22621.2506)
Time: Fri Dec 15 09:56:18 2023 Eastern Standard Time elapsed time: 122.826778 seconds (0d 0h 2m 2s)

---------------  T H R E A D  ---------------

Current thread (0x000002bba04c51d0):  JavaThread "C2 CompilerThread0" daemon [_thread_in_native, id=32068, stack(0x000000cd10600000,0x000000cd10700000)]


Current CompileTask:
C2: 122827 3817       4       javax.management.ObjectName::construct (1135 bytes)

Stack: [0x000000cd10600000,0x000000cd10700000]
Native frames: (J=compiled Java code, j=interpreted, Vv=VM code, C=native code)
V  [jvm.dll+0x6ba11a]
V  [jvm.dll+0x8968da]
V  [jvm.dll+0x898665]
V  [jvm.dll+0x898d53]
V  [jvm.dll+0x27f9ff]
V  [jvm.dll+0xc3771]
V  [jvm.dll+0xc3a95]
V  [jvm.dll+0x3b8f02]
V  [jvm.dll+0x383445]
V  [jvm.dll+0x3828aa]
V  [jvm.dll+0x249089]
V  [jvm.dll+0x24847f]
V  [jvm.dll+0x1cbc81]
V  [jvm.dll+0x257f49]
V  [jvm.dll+0x256610]
V  [jvm.dll+0x3f0155]
V  [jvm.dll+0x843859]
V  [jvm.dll+0x6b8d9b]
C  [ucrtbase.dll+0x29363]
C  [KERNEL32.DLL+0x1257d]
C  [ntdll.dll+0x5aa58]


---------------  P R O C E S S  ---------------

Threads class SMR info:
_java_thread_list=0x000002bbb9a64ed0, length=34, elements={
0x000002bb858ec3b0, 0x000002bba04b51d0, 0x000002bba04b6170, 0x000002bba04bbde0,
0x000002bba04bebe0, 0x000002bba04c14b0, 0x000002bba04c29f0, 0x000002bba04c51d0,
0x000002bba04c5de0, 0x000002bbb8cfef90, 0x000002bbb8e16310, 0x000002bbb971de70,
0x000002bbb95efdb0, 0x000002bbb98a4200, 0x000002bbb8cb2960, 0x000002bbb8c67a60,
0x000002bbb8c67510, 0x000002bbb8c67fb0, 0x000002bbb8c64a90, 0x000002bbb8c64fe0,
0x000002bbb8c65530, 0x000002bbb8c66520, 0x000002bbb8c65a80, 0x000002bbb8c65fd0,
0x000002bbb8c66a70, 0x000002bbb8c66fc0, 0x000002bbbc3fcdd0, 0x000002bbbc3f78d0,
0x000002bbbc3fc880, 0x000002bbbc3f98b0, 0x000002bbbc3f9e00, 0x000002bbbc3f5e40,
0x000002bbbc3f88c0, 0x000002bbbc3f7380
}

Java Threads: ( => current thread )
  0x000002bb858ec3b0 JavaThread "main" [_thread_blocked, id=31840, stack(0x000000cd0f900000,0x000000cd0fa00000)]
  0x000002bba04b51d0 JavaThread "Reference Handler" daemon [_thread_blocked, id=32044, stack(0x000000cd10000000,0x000000cd10100000)]
  0x000002bba04b6170 JavaThread "Finalizer" daemon [_thread_blocked, id=32048, stack(0x000000cd10100000,0x000000cd10200000)]
  0x000002bba04bbde0 JavaThread "Signal Dispatcher" daemon [_thread_blocked, id=32052, stack(0x000000cd10200000,0x000000cd10300000)]
  0x000002bba04bebe0 JavaThread "Attach Listener" daemon [_thread_blocked, id=32056, stack(0x000000cd10300000,0x000000cd10400000)]
  0x000002bba04c14b0 JavaThread "Service Thread" daemon [_thread_blocked, id=32060, stack(0x000000cd10400000,0x000000cd10500000)]
  0x000002bba04c29f0 JavaThread "Monitor Deflation Thread" daemon [_thread_blocked, id=32064, stack(0x000000cd10500000,0x000000cd10600000)]
=>0x000002bba04c51d0 JavaThread "C2 CompilerThread0" daemon [_thread_in_native, id=32068, stack(0x000000cd10600000,0x000000cd10700000)]
  0x000002bba04c5de0 JavaThread "C1 CompilerThread0" daemon [_thread_blocked, id=32072, stack(0x000000cd10700000,0x000000cd10800000)]
  0x000002bbb8cfef90 JavaThread "Common-Cleaner" daemon [_thread_blocked, id=32076, stack(0x000000cd10800000,0x000000cd10900000)]
  0x000002bbb8e16310 JavaThread "Notification Thread" daemon [_thread_blocked, id=32136, stack(0x000000cd10900000,0x000000cd10a00000)]
  0x000002bbb971de70 JavaThread "Daemon health stats" [_thread_blocked, id=24136, stack(0x000000cd11000000,0x000000cd11100000)]
  0x000002bbb95efdb0 JavaThread "Incoming local TCP Connector on port 57974" [_thread_in_native, id=32236, stack(0x000000cd11100000,0x000000cd11200000)]
  0x000002bbb98a4200 JavaThread "Daemon periodic checks" [_thread_blocked, id=32188, stack(0x000000cd11200000,0x000000cd11300000)]
  0x000002bbb8cb2960 JavaThread "Daemon" [_thread_blocked, id=31760, stack(0x000000cd11300000,0x000000cd11400000)]
  0x000002bbb8c67a60 JavaThread "Handler for socket connection from /127.0.0.1:57974 to /127.0.0.1:57985" [_thread_in_native, id=31788, stack(0x000000cd11400000,0x000000cd11500000)]
  0x000002bbb8c67510 JavaThread "Cancel handler" [_thread_blocked, id=27016, stack(0x000000cd11500000,0x000000cd11600000)]
  0x000002bbb8c67fb0 JavaThread "Daemon worker" [_thread_in_vm, id=23792, stack(0x000000cd11600000,0x000000cd11700000)]
  0x000002bbb8c64a90 JavaThread "Asynchronous log dispatcher for DefaultDaemonConnection: socket connection from /127.0.0.1:57974 to /127.0.0.1:57985" [_thread_blocked, id=22728, stack(0x000000cd11700000,0x000000cd11800000)]
  0x000002bbb8c64fe0 JavaThread "Stdin handler" [_thread_blocked, id=31816, stack(0x000000cd11800000,0x000000cd11900000)]
  0x000002bbb8c65530 JavaThread "Daemon client event forwarder" [_thread_blocked, id=30768, stack(0x000000cd11900000,0x000000cd11a00000)]
  0x000002bbb8c66520 JavaThread "Cache worker for journal cache (C:\Users\touby\.gradle\caches\journal-1)" [_thread_blocked, id=31520, stack(0x000000cd11a00000,0x000000cd11b00000)]
  0x000002bbb8c65a80 JavaThread "File lock request listener" [_thread_in_native, id=30636, stack(0x000000cd11b00000,0x000000cd11c00000)]
  0x000002bbb8c65fd0 JavaThread "File lock release action executor" [_thread_blocked, id=30552, stack(0x000000cd11c00000,0x000000cd11d00000)]
  0x000002bbb8c66a70 JavaThread "Cache worker for file hash cache (C:\Users\touby\.gradle\caches\8.5\fileHashes)" [_thread_blocked, id=27216, stack(0x000000cd11d00000,0x000000cd11e00000)]
  0x000002bbb8c66fc0 JavaThread "File watcher server" daemon [_thread_in_native, id=31932, stack(0x000000cd12100000,0x000000cd12200000)]
  0x000002bbbc3fcdd0 JavaThread "File watcher consumer" daemon [_thread_blocked, id=9156, stack(0x000000cd12200000,0x000000cd12300000)]
  0x000002bbbc3f78d0 JavaThread "Cache worker for checksums cache (C:\Users\touby\Desktop\GBC\Semester5\COMP3095 - Web Application Development Usin Java\Assignments\Assignment2\assignment_02_submission\GBC_SpringSocial-28\friendship-service\.gradle\8.5\checksums)" [_thread_blocked, id=5012, stack(0x000000cd12300000,0x000000cd12400000)]
  0x000002bbbc3fc880 JavaThread "Cache worker for file hash cache (C:\Users\touby\Desktop\GBC\Semester5\COMP3095 - Web Application Development Usin Java\Assignments\Assignment2\assignment_02_submission\GBC_SpringSocial-28\friendship-service\.gradle\8.5\fileHashes)" [_thread_blocked, id=32840, stack(0x000000cd12400000,0x000000cd12500000)]
  0x000002bbbc3f98b0 JavaThread "Cache worker for cache directory md-supplier (C:\Users\touby\.gradle\caches\8.5\md-supplier)" [_thread_blocked, id=32864, stack(0x000000cd12500000,0x000000cd12600000)]
  0x000002bbbc3f9e00 JavaThread "Cache worker for cache directory md-rule (C:\Users\touby\.gradle\caches\8.5\md-rule)" [_thread_blocked, id=32880, stack(0x000000cd12600000,0x000000cd12700000)]
  0x000002bbbc3f5e40 JavaThread "Cache worker for file content cache (C:\Users\touby\.gradle\caches\8.5\fileContent)" [_thread_blocked, id=32924, stack(0x000000cd12700000,0x000000cd12800000)]
  0x000002bbbc3f88c0 JavaThread "Cache worker for execution history cache (C:\Users\touby\.gradle\caches\8.5\executionHistory)" [_thread_blocked, id=32944, stack(0x000000cd12800000,0x000000cd12900000)]
  0x000002bbbc3f7380 JavaThread "jar transforms" [_thread_blocked, id=34060, stack(0x000000cd0f600000,0x000000cd0f700000)]

Other Threads:
  0x000002bba0495380 VMThread "VM Thread" [stack: 0x000000cd0ff00000,0x000000cd10000000] [id=31988]
  0x000002bbb8ec4c50 WatcherThread "VM Periodic Task Thread" [stack: 0x000000cd10a00000,0x000000cd10b00000] [id=32140]
  0x000002bb8591dfe0 WorkerThread "GC Thread#0" [stack: 0x000000cd0fa00000,0x000000cd0fb00000] [id=31912]
  0x000002bbb90d5600 WorkerThread "GC Thread#1" [stack: 0x000000cd10b00000,0x000000cd10c00000] [id=32484]
  0x000002bbb90d58d0 WorkerThread "GC Thread#2" [stack: 0x000000cd10c00000,0x000000cd10d00000] [id=32488]
  0x000002bbb90d5ba0 WorkerThread "GC Thread#3" [stack: 0x000000cd10d00000,0x000000cd10e00000] [id=32492]
  0x000002bbb8faf540 WorkerThread "GC Thread#4" [stack: 0x000000cd10e00000,0x000000cd10f00000] [id=32496]
  0x000002bbb8faecd0 WorkerThread "GC Thread#5" [stack: 0x000000cd10f00000,0x000000cd11000000] [id=32500]
  0x000002bbbb634b00 WorkerThread "GC Thread#6" [stack: 0x000000cd11e00000,0x000000cd11f00000] [id=11084]
  0x000002bbbb6350a0 WorkerThread "GC Thread#7" [stack: 0x000000cd11f00000,0x000000cd12000000] [id=27784]
  0x000002bb85922ef0 ConcurrentGCThread "G1 Main Marker" [stack: 0x000000cd0fb00000,0x000000cd0fc00000] [id=31916]
  0x000002bb85923920 WorkerThread "G1 Conc#0" [stack: 0x000000cd0fc00000,0x000000cd0fd00000] [id=31920]
  0x000002bbbb634290 WorkerThread "G1 Conc#1" [stack: 0x000000cd12000000,0x000000cd12100000] [id=27800]
  0x000002bb859aeac0 ConcurrentGCThread "G1 Refine#0" [stack: 0x000000cd0fd00000,0x000000cd0fe00000] [id=31924]
  0x000002bba0350790 ConcurrentGCThread "G1 Service" [stack: 0x000000cd0fe00000,0x000000cd0ff00000] [id=31928]

Threads with active compile tasks:
C2 CompilerThread0   123019 3817       4       javax.management.ObjectName::construct (1135 bytes)

VM state: not at safepoint (normal execution)

VM Mutex/Monitor currently owned by a thread: None

Heap address: 0x00000000e0000000, size: 512 MB, Compressed Oops mode: 32-bit

CDS archive(s) mapped at: [0x000002bba0800000-0x000002bba1460000-0x000002bba1460000), size 12976128, SharedBaseAddress: 0x000002bba0800000, ArchiveRelocationMode: 1.
Compressed class space mapped at: 0x000002bba1800000-0x000002bbb4c00000, reserved size: 322961408
Narrow klass base: 0x000002bba0800000, Narrow klass shift: 0, Narrow klass range: 0x100000000

GC Precious Log:
 CardTable entry size: 512
 Card Set container configuration: InlinePtr #cards 5 size 8 Array Of Cards #cards 12 size 40 Howl #buckets 4 coarsen threshold 1843 Howl Bitmap #cards 512 size 80 coarsen threshold 460 Card regions per heap region 1 cards per card region 2048
 CPUs: 8 total, 8 available
 Memory: 7941M
 Large Page Support: Disabled
 NUMA Support: Disabled
 Compressed Oops: Enabled (32-bit)
 Heap Region Size: 1M
 Heap Min Capacity: 256M
 Heap Initial Capacity: 256M
 Heap Max Capacity: 512M
 Pre-touch: Disabled
 Parallel Workers: 8
 Concurrent Workers: 2
 Concurrent Refinement Workers: 8
 Periodic GC: Disabled

Heap:
 garbage-first heap   total 262144K, used 85702K [0x00000000e0000000, 0x0000000100000000)
  region size 1024K, 76 young (77824K), 13 survivors (13312K)
 Metaspace       used 28396K, committed 29568K, reserved 380928K
  class space    used 4259K, committed 4800K, reserved 315392K

Heap Regions: E=young(eden), S=young(survivor), O=old, HS=humongous(starts), HC=humongous(continues), CS=collection set, F=free, OA=open archive, CA=closed archive, TAMS=top-at-mark-start, PB=parsable bottom
|   0|0x00000000e0000000, 0x00000000e0100000, 0x00000000e0100000|100%|HS|  |TAMS 0x00000000e0000000| PB 0x00000000e0000000| Complete 
|   1|0x00000000e0100000, 0x00000000e0200000, 0x00000000e0200000|100%|HC|  |TAMS 0x00000000e0100000| PB 0x00000000e0100000| Complete 
|   2|0x00000000e0200000, 0x00000000e0300000, 0x00000000e0300000|100%|HC|  |TAMS 0x00000000e0200000| PB 0x00000000e0200000| Complete 
|   3|0x00000000e0300000, 0x00000000e0400000, 0x00000000e0400000|100%|HC|  |TAMS 0x00000000e0300000| PB 0x00000000e0300000| Complete 
|   4|0x00000000e0400000, 0x00000000e0500000, 0x00000000e0500000|100%| O|  |TAMS 0x00000000e0400000| PB 0x00000000e0400000| Complete 
|   5|0x00000000e0500000, 0x00000000e0600000, 0x00000000e0600000|100%| O|  |TAMS 0x00000000e0500000| PB 0x00000000e0500000| Untracked 
|   6|0x00000000e0600000, 0x00000000e0700000, 0x00000000e0700000|100%| O|  |TAMS 0x00000000e0600000| PB 0x00000000e0600000| Untracked 
|   7|0x00000000e0700000, 0x00000000e0800000, 0x00000000e0800000|100%| O|  |TAMS 0x00000000e0700000| PB 0x00000000e0700000| Untracked 
|   8|0x00000000e0800000, 0x00000000e0900000, 0x00000000e0900000|100%| O|  |TAMS 0x00000000e0800000| PB 0x00000000e0800000| Untracked 
|   9|0x00000000e0900000, 0x00000000e0a00000, 0x00000000e0a00000|100%| O|  |TAMS 0x00000000e0900000| PB 0x00000000e0900000| Untracked 
|  10|0x00000000e0a00000, 0x00000000e0a56e00, 0x00000000e0b00000| 33%| O|  |TAMS 0x00000000e0a00000| PB 0x00000000e0a00000| Untracked 
|  11|0x00000000e0b00000, 0x00000000e0b00000, 0x00000000e0c00000|  0%| F|  |TAMS 0x00000000e0b00000| PB 0x00000000e0b00000| Untracked 
|  12|0x00000000e0c00000, 0x00000000e0c00000, 0x00000000e0d00000|  0%| F|  |TAMS 0x00000000e0c00000| PB 0x00000000e0c00000| Untracked 
|  13|0x00000000e0d00000, 0x00000000e0d00000, 0x00000000e0e00000|  0%| F|  |TAMS 0x00000000e0d00000| PB 0x00000000e0d00000| Untracked 
|  14|0x00000000e0e00000, 0x00000000e0e00000, 0x00000000e0f00000|  0%| F|  |TAMS 0x00000000e0e00000| PB 0x00000000e0e00000| Untracked 
|  15|0x00000000e0f00000, 0x00000000e0f00000, 0x00000000e1000000|  0%| F|  |TAMS 0x00000000e0f00000| PB 0x00000000e0f00000| Untracked 
|  16|0x00000000e1000000, 0x00000000e1000000, 0x00000000e1100000|  0%| F|  |TAMS 0x00000000e1000000| PB 0x00000000e1000000| Untracked 
|  17|0x00000000e1100000, 0x00000000e1100000, 0x00000000e1200000|  0%| F|  |TAMS 0x00000000e1100000| PB 0x00000000e1100000| Untracked 
|  18|0x00000000e1200000, 0x00000000e1200000, 0x00000000e1300000|  0%| F|  |TAMS 0x00000000e1200000| PB 0x00000000e1200000| Untracked 
|  19|0x00000000e1300000, 0x00000000e1300000, 0x00000000e1400000|  0%| F|  |TAMS 0x00000000e1300000| PB 0x00000000e1300000| Untracked 
|  20|0x00000000e1400000, 0x00000000e1400000, 0x00000000e1500000|  0%| F|  |TAMS 0x00000000e1400000| PB 0x00000000e1400000| Untracked 
|  21|0x00000000e1500000, 0x00000000e1500000, 0x00000000e1600000|  0%| F|  |TAMS 0x00000000e1500000| PB 0x00000000e1500000| Untracked 
|  22|0x00000000e1600000, 0x00000000e1600000, 0x00000000e1700000|  0%| F|  |TAMS 0x00000000e1600000| PB 0x00000000e1600000| Untracked 
|  23|0x00000000e1700000, 0x00000000e1700000, 0x00000000e1800000|  0%| F|  |TAMS 0x00000000e1700000| PB 0x00000000e1700000| Untracked 
|  24|0x00000000e1800000, 0x00000000e1800000, 0x00000000e1900000|  0%| F|  |TAMS 0x00000000e1800000| PB 0x00000000e1800000| Untracked 
|  25|0x00000000e1900000, 0x00000000e1900000, 0x00000000e1a00000|  0%| F|  |TAMS 0x00000000e1900000| PB 0x00000000e1900000| Untracked 
|  26|0x00000000e1a00000, 0x00000000e1a00000, 0x00000000e1b00000|  0%| F|  |TAMS 0x00000000e1a00000| PB 0x00000000e1a00000| Untracked 
|  27|0x00000000e1b00000, 0x00000000e1b00000, 0x00000000e1c00000|  0%| F|  |TAMS 0x00000000e1b00000| PB 0x00000000e1b00000| Untracked 
|  28|0x00000000e1c00000, 0x00000000e1c00000, 0x00000000e1d00000|  0%| F|  |TAMS 0x00000000e1c00000| PB 0x00000000e1c00000| Untracked 
|  29|0x00000000e1d00000, 0x00000000e1d00000, 0x00000000e1e00000|  0%| F|  |TAMS 0x00000000e1d00000| PB 0x00000000e1d00000| Untracked 
|  30|0x00000000e1e00000, 0x00000000e1e00000, 0x00000000e1f00000|  0%| F|  |TAMS 0x00000000e1e00000| PB 0x00000000e1e00000| Untracked 
|  31|0x00000000e1f00000, 0x00000000e1f00000, 0x00000000e2000000|  0%| F|  |TAMS 0x00000000e1f00000| PB 0x00000000e1f00000| Untracked 
|  32|0x00000000e2000000, 0x00000000e2000000, 0x00000000e2100000|  0%| F|  |TAMS 0x00000000e2000000| PB 0x00000000e2000000| Untracked 
|  33|0x00000000e2100000, 0x00000000e2100000, 0x00000000e2200000|  0%| F|  |TAMS 0x00000000e2100000| PB 0x00000000e2100000| Untracked 
|  34|0x00000000e2200000, 0x00000000e2200000, 0x00000000e2300000|  0%| F|  |TAMS 0x00000000e2200000| PB 0x00000000e2200000| Untracked 
|  35|0x00000000e2300000, 0x00000000e2300000, 0x00000000e2400000|  0%| F|  |TAMS 0x00000000e2300000| PB 0x00000000e2300000| Untracked 
|  36|0x00000000e2400000, 0x00000000e2400000, 0x00000000e2500000|  0%| F|  |TAMS 0x00000000e2400000| PB 0x00000000e2400000| Untracked 
|  37|0x00000000e2500000, 0x00000000e2500000, 0x00000000e2600000|  0%| F|  |TAMS 0x00000000e2500000| PB 0x00000000e2500000| Untracked 
|  38|0x00000000e2600000, 0x00000000e2600000, 0x00000000e2700000|  0%| F|  |TAMS 0x00000000e2600000| PB 0x00000000e2600000| Untracked 
|  39|0x00000000e2700000, 0x00000000e2700000, 0x00000000e2800000|  0%| F|  |TAMS 0x00000000e2700000| PB 0x00000000e2700000| Untracked 
|  40|0x00000000e2800000, 0x00000000e2800000, 0x00000000e2900000|  0%| F|  |TAMS 0x00000000e2800000| PB 0x00000000e2800000| Untracked 
|  41|0x00000000e2900000, 0x00000000e2900000, 0x00000000e2a00000|  0%| F|  |TAMS 0x00000000e2900000| PB 0x00000000e2900000| Untracked 
|  42|0x00000000e2a00000, 0x00000000e2a00000, 0x00000000e2b00000|  0%| F|  |TAMS 0x00000000e2a00000| PB 0x00000000e2a00000| Untracked 
|  43|0x00000000e2b00000, 0x00000000e2b00000, 0x00000000e2c00000|  0%| F|  |TAMS 0x00000000e2b00000| PB 0x00000000e2b00000| Untracked 
|  44|0x00000000e2c00000, 0x00000000e2c00000, 0x00000000e2d00000|  0%| F|  |TAMS 0x00000000e2c00000| PB 0x00000000e2c00000| Untracked 
|  45|0x00000000e2d00000, 0x00000000e2d00000, 0x00000000e2e00000|  0%| F|  |TAMS 0x00000000e2d00000| PB 0x00000000e2d00000| Untracked 
|  46|0x00000000e2e00000, 0x00000000e2e00000, 0x00000000e2f00000|  0%| F|  |TAMS 0x00000000e2e00000| PB 0x00000000e2e00000| Untracked 
|  47|0x00000000e2f00000, 0x00000000e2f00000, 0x00000000e3000000|  0%| F|  |TAMS 0x00000000e2f00000| PB 0x00000000e2f00000| Untracked 
|  48|0x00000000e3000000, 0x00000000e3000000, 0x00000000e3100000|  0%| F|  |TAMS 0x00000000e3000000| PB 0x00000000e3000000| Untracked 
|  49|0x00000000e3100000, 0x00000000e3100000, 0x00000000e3200000|  0%| F|  |TAMS 0x00000000e3100000| PB 0x00000000e3100000| Untracked 
|  50|0x00000000e3200000, 0x00000000e3200000, 0x00000000e3300000|  0%| F|  |TAMS 0x00000000e3200000| PB 0x00000000e3200000| Untracked 
|  51|0x00000000e3300000, 0x00000000e3300000, 0x00000000e3400000|  0%| F|  |TAMS 0x00000000e3300000| PB 0x00000000e3300000| Untracked 
|  52|0x00000000e3400000, 0x00000000e3400000, 0x00000000e3500000|  0%| F|  |TAMS 0x00000000e3400000| PB 0x00000000e3400000| Untracked 
|  53|0x00000000e3500000, 0x00000000e3500000, 0x00000000e3600000|  0%| F|  |TAMS 0x00000000e3500000| PB 0x00000000e3500000| Untracked 
|  54|0x00000000e3600000, 0x00000000e3600000, 0x00000000e3700000|  0%| F|  |TAMS 0x00000000e3600000| PB 0x00000000e3600000| Untracked 
|  55|0x00000000e3700000, 0x00000000e3700000, 0x00000000e3800000|  0%| F|  |TAMS 0x00000000e3700000| PB 0x00000000e3700000| Untracked 
|  56|0x00000000e3800000, 0x00000000e3800000, 0x00000000e3900000|  0%| F|  |TAMS 0x00000000e3800000| PB 0x00000000e3800000| Untracked 
|  57|0x00000000e3900000, 0x00000000e3900000, 0x00000000e3a00000|  0%| F|  |TAMS 0x00000000e3900000| PB 0x00000000e3900000| Untracked 
|  58|0x00000000e3a00000, 0x00000000e3a00000, 0x00000000e3b00000|  0%| F|  |TAMS 0x00000000e3a00000| PB 0x00000000e3a00000| Untracked 
|  59|0x00000000e3b00000, 0x00000000e3b00000, 0x00000000e3c00000|  0%| F|  |TAMS 0x00000000e3b00000| PB 0x00000000e3b00000| Untracked 
|  60|0x00000000e3c00000, 0x00000000e3c00000, 0x00000000e3d00000|  0%| F|  |TAMS 0x00000000e3c00000| PB 0x00000000e3c00000| Untracked 
|  61|0x00000000e3d00000, 0x00000000e3d00000, 0x00000000e3e00000|  0%| F|  |TAMS 0x00000000e3d00000| PB 0x00000000e3d00000| Untracked 
|  62|0x00000000e3e00000, 0x00000000e3e00000, 0x00000000e3f00000|  0%| F|  |TAMS 0x00000000e3e00000| PB 0x00000000e3e00000| Untracked 
|  63|0x00000000e3f00000, 0x00000000e3f00000, 0x00000000e4000000|  0%| F|  |TAMS 0x00000000e3f00000| PB 0x00000000e3f00000| Untracked 
|  64|0x00000000e4000000, 0x00000000e4000000, 0x00000000e4100000|  0%| F|  |TAMS 0x00000000e4000000| PB 0x00000000e4000000| Untracked 
|  65|0x00000000e4100000, 0x00000000e4100000, 0x00000000e4200000|  0%| F|  |TAMS 0x00000000e4100000| PB 0x00000000e4100000| Untracked 
|  66|0x00000000e4200000, 0x00000000e4200000, 0x00000000e4300000|  0%| F|  |TAMS 0x00000000e4200000| PB 0x00000000e4200000| Untracked 
|  67|0x00000000e4300000, 0x00000000e4300000, 0x00000000e4400000|  0%| F|  |TAMS 0x00000000e4300000| PB 0x00000000e4300000| Untracked 
|  68|0x00000000e4400000, 0x00000000e4400000, 0x00000000e4500000|  0%| F|  |TAMS 0x00000000e4400000| PB 0x00000000e4400000| Untracked 
|  69|0x00000000e4500000, 0x00000000e4500000, 0x00000000e4600000|  0%| F|  |TAMS 0x00000000e4500000| PB 0x00000000e4500000| Untracked 
|  70|0x00000000e4600000, 0x00000000e4600000, 0x00000000e4700000|  0%| F|  |TAMS 0x00000000e4600000| PB 0x00000000e4600000| Untracked 
|  71|0x00000000e4700000, 0x00000000e4700000, 0x00000000e4800000|  0%| F|  |TAMS 0x00000000e4700000| PB 0x00000000e4700000| Untracked 
|  72|0x00000000e4800000, 0x00000000e4800000, 0x00000000e4900000|  0%| F|  |TAMS 0x00000000e4800000| PB 0x00000000e4800000| Untracked 
|  73|0x00000000e4900000, 0x00000000e4900000, 0x00000000e4a00000|  0%| F|  |TAMS 0x00000000e4900000| PB 0x00000000e4900000| Untracked 
|  74|0x00000000e4a00000, 0x00000000e4a00000, 0x00000000e4b00000|  0%| F|  |TAMS 0x00000000e4a00000| PB 0x00000000e4a00000| Untracked 
|  75|0x00000000e4b00000, 0x00000000e4b00000, 0x00000000e4c00000|  0%| F|  |TAMS 0x00000000e4b00000| PB 0x00000000e4b00000| Untracked 
|  76|0x00000000e4c00000, 0x00000000e4c00000, 0x00000000e4d00000|  0%| F|  |TAMS 0x00000000e4c00000| PB 0x00000000e4c00000| Untracked 
|  77|0x00000000e4d00000, 0x00000000e4d00000, 0x00000000e4e00000|  0%| F|  |TAMS 0x00000000e4d00000| PB 0x00000000e4d00000| Untracked 
|  78|0x00000000e4e00000, 0x00000000e4e00000, 0x00000000e4f00000|  0%| F|  |TAMS 0x00000000e4e00000| PB 0x00000000e4e00000| Untracked 
|  79|0x00000000e4f00000, 0x00000000e4f00000, 0x00000000e5000000|  0%| F|  |TAMS 0x00000000e4f00000| PB 0x00000000e4f00000| Untracked 
|  80|0x00000000e5000000, 0x00000000e5000000, 0x00000000e5100000|  0%| F|  |TAMS 0x00000000e5000000| PB 0x00000000e5000000| Untracked 
|  81|0x00000000e5100000, 0x00000000e5100000, 0x00000000e5200000|  0%| F|  |TAMS 0x00000000e5100000| PB 0x00000000e5100000| Untracked 
|  82|0x00000000e5200000, 0x00000000e5200000, 0x00000000e5300000|  0%| F|  |TAMS 0x00000000e5200000| PB 0x00000000e5200000| Untracked 
|  83|0x00000000e5300000, 0x00000000e5300000, 0x00000000e5400000|  0%| F|  |TAMS 0x00000000e5300000| PB 0x00000000e5300000| Untracked 
|  84|0x00000000e5400000, 0x00000000e5400000, 0x00000000e5500000|  0%| F|  |TAMS 0x00000000e5400000| PB 0x00000000e5400000| Untracked 
|  85|0x00000000e5500000, 0x00000000e5500000, 0x00000000e5600000|  0%| F|  |TAMS 0x00000000e5500000| PB 0x00000000e5500000| Untracked 
|  86|0x00000000e5600000, 0x00000000e5600000, 0x00000000e5700000|  0%| F|  |TAMS 0x00000000e5600000| PB 0x00000000e5600000| Untracked 
|  87|0x00000000e5700000, 0x00000000e5700000, 0x00000000e5800000|  0%| F|  |TAMS 0x00000000e5700000| PB 0x00000000e5700000| Untracked 
|  88|0x00000000e5800000, 0x00000000e5800000, 0x00000000e5900000|  0%| F|  |TAMS 0x00000000e5800000| PB 0x00000000e5800000| Untracked 
|  89|0x00000000e5900000, 0x00000000e5900000, 0x00000000e5a00000|  0%| F|  |TAMS 0x00000000e5900000| PB 0x00000000e5900000| Untracked 
|  90|0x00000000e5a00000, 0x00000000e5a00000, 0x00000000e5b00000|  0%| F|  |TAMS 0x00000000e5a00000| PB 0x00000000e5a00000| Untracked 
|  91|0x00000000e5b00000, 0x00000000e5b00000, 0x00000000e5c00000|  0%| F|  |TAMS 0x00000000e5b00000| PB 0x00000000e5b00000| Untracked 
|  92|0x00000000e5c00000, 0x00000000e5c00000, 0x00000000e5d00000|  0%| F|  |TAMS 0x00000000e5c00000| PB 0x00000000e5c00000| Untracked 
|  93|0x00000000e5d00000, 0x00000000e5d00000, 0x00000000e5e00000|  0%| F|  |TAMS 0x00000000e5d00000| PB 0x00000000e5d00000| Untracked 
|  94|0x00000000e5e00000, 0x00000000e5e00000, 0x00000000e5f00000|  0%| F|  |TAMS 0x00000000e5e00000| PB 0x00000000e5e00000| Untracked 
|  95|0x00000000e5f00000, 0x00000000e5f00000, 0x00000000e6000000|  0%| F|  |TAMS 0x00000000e5f00000| PB 0x00000000e5f00000| Untracked 
|  96|0x00000000e6000000, 0x00000000e6000000, 0x00000000e6100000|  0%| F|  |TAMS 0x00000000e6000000| PB 0x00000000e6000000| Untracked 
|  97|0x00000000e6100000, 0x00000000e6100000, 0x00000000e6200000|  0%| F|  |TAMS 0x00000000e6100000| PB 0x00000000e6100000| Untracked 
|  98|0x00000000e6200000, 0x00000000e6200000, 0x00000000e6300000|  0%| F|  |TAMS 0x00000000e6200000| PB 0x00000000e6200000| Untracked 
|  99|0x00000000e6300000, 0x00000000e6300000, 0x00000000e6400000|  0%| F|  |TAMS 0x00000000e6300000| PB 0x00000000e6300000| Untracked 
| 100|0x00000000e6400000, 0x00000000e6400000, 0x00000000e6500000|  0%| F|  |TAMS 0x00000000e6400000| PB 0x00000000e6400000| Untracked 
| 101|0x00000000e6500000, 0x00000000e6500000, 0x00000000e6600000|  0%| F|  |TAMS 0x00000000e6500000| PB 0x00000000e6500000| Untracked 
| 102|0x00000000e6600000, 0x00000000e6600000, 0x00000000e6700000|  0%| F|  |TAMS 0x00000000e6600000| PB 0x00000000e6600000| Untracked 
| 103|0x00000000e6700000, 0x00000000e6700000, 0x00000000e6800000|  0%| F|  |TAMS 0x00000000e6700000| PB 0x00000000e6700000| Untracked 
| 104|0x00000000e6800000, 0x00000000e6800000, 0x00000000e6900000|  0%| F|  |TAMS 0x00000000e6800000| PB 0x00000000e6800000| Untracked 
| 105|0x00000000e6900000, 0x00000000e6900000, 0x00000000e6a00000|  0%| F|  |TAMS 0x00000000e6900000| PB 0x00000000e6900000| Untracked 
| 106|0x00000000e6a00000, 0x00000000e6a00000, 0x00000000e6b00000|  0%| F|  |TAMS 0x00000000e6a00000| PB 0x00000000e6a00000| Untracked 
| 107|0x00000000e6b00000, 0x00000000e6b00000, 0x00000000e6c00000|  0%| F|  |TAMS 0x00000000e6b00000| PB 0x00000000e6b00000| Untracked 
| 108|0x00000000e6c00000, 0x00000000e6c00000, 0x00000000e6d00000|  0%| F|  |TAMS 0x00000000e6c00000| PB 0x00000000e6c00000| Untracked 
| 109|0x00000000e6d00000, 0x00000000e6d00000, 0x00000000e6e00000|  0%| F|  |TAMS 0x00000000e6d00000| PB 0x00000000e6d00000| Untracked 
| 110|0x00000000e6e00000, 0x00000000e6e00000, 0x00000000e6f00000|  0%| F|  |TAMS 0x00000000e6e00000| PB 0x00000000e6e00000| Untracked 
| 111|0x00000000e6f00000, 0x00000000e6f00000, 0x00000000e7000000|  0%| F|  |TAMS 0x00000000e6f00000| PB 0x00000000e6f00000| Untracked 
| 112|0x00000000e7000000, 0x00000000e7000000, 0x00000000e7100000|  0%| F|  |TAMS 0x00000000e7000000| PB 0x00000000e7000000| Untracked 
| 113|0x00000000e7100000, 0x00000000e7100000, 0x00000000e7200000|  0%| F|  |TAMS 0x00000000e7100000| PB 0x00000000e7100000| Untracked 
| 114|0x00000000e7200000, 0x00000000e7200000, 0x00000000e7300000|  0%| F|  |TAMS 0x00000000e7200000| PB 0x00000000e7200000| Untracked 
| 115|0x00000000e7300000, 0x00000000e7300000, 0x00000000e7400000|  0%| F|  |TAMS 0x00000000e7300000| PB 0x00000000e7300000| Untracked 
| 116|0x00000000e7400000, 0x00000000e7400000, 0x00000000e7500000|  0%| F|  |TAMS 0x00000000e7400000| PB 0x00000000e7400000| Untracked 
| 117|0x00000000e7500000, 0x00000000e7500000, 0x00000000e7600000|  0%| F|  |TAMS 0x00000000e7500000| PB 0x00000000e7500000| Untracked 
| 118|0x00000000e7600000, 0x00000000e7600000, 0x00000000e7700000|  0%| F|  |TAMS 0x00000000e7600000| PB 0x00000000e7600000| Untracked 
| 119|0x00000000e7700000, 0x00000000e7700000, 0x00000000e7800000|  0%| F|  |TAMS 0x00000000e7700000| PB 0x00000000e7700000| Untracked 
| 120|0x00000000e7800000, 0x00000000e7800000, 0x00000000e7900000|  0%| F|  |TAMS 0x00000000e7800000| PB 0x00000000e7800000| Untracked 
| 121|0x00000000e7900000, 0x00000000e7900000, 0x00000000e7a00000|  0%| F|  |TAMS 0x00000000e7900000| PB 0x00000000e7900000| Untracked 
| 122|0x00000000e7a00000, 0x00000000e7a00000, 0x00000000e7b00000|  0%| F|  |TAMS 0x00000000e7a00000| PB 0x00000000e7a00000| Untracked 
| 123|0x00000000e7b00000, 0x00000000e7b00000, 0x00000000e7c00000|  0%| F|  |TAMS 0x00000000e7b00000| PB 0x00000000e7b00000| Untracked 
| 124|0x00000000e7c00000, 0x00000000e7c00000, 0x00000000e7d00000|  0%| F|  |TAMS 0x00000000e7c00000| PB 0x00000000e7c00000| Untracked 
| 125|0x00000000e7d00000, 0x00000000e7d00000, 0x00000000e7e00000|  0%| F|  |TAMS 0x00000000e7d00000| PB 0x00000000e7d00000| Untracked 
| 126|0x00000000e7e00000, 0x00000000e7e00000, 0x00000000e7f00000|  0%| F|  |TAMS 0x00000000e7e00000| PB 0x00000000e7e00000| Untracked 
| 127|0x00000000e7f00000, 0x00000000e7f00000, 0x00000000e8000000|  0%| F|  |TAMS 0x00000000e7f00000| PB 0x00000000e7f00000| Untracked 
| 128|0x00000000e8000000, 0x00000000e8000000, 0x00000000e8100000|  0%| F|  |TAMS 0x00000000e8000000| PB 0x00000000e8000000| Untracked 
| 129|0x00000000e8100000, 0x00000000e8100000, 0x00000000e8200000|  0%| F|  |TAMS 0x00000000e8100000| PB 0x00000000e8100000| Untracked 
| 130|0x00000000e8200000, 0x00000000e8200000, 0x00000000e8300000|  0%| F|  |TAMS 0x00000000e8200000| PB 0x00000000e8200000| Untracked 
| 131|0x00000000e8300000, 0x00000000e8300000, 0x00000000e8400000|  0%| F|  |TAMS 0x00000000e8300000| PB 0x00000000e8300000| Untracked 
| 132|0x00000000e8400000, 0x00000000e8400000, 0x00000000e8500000|  0%| F|  |TAMS 0x00000000e8400000| PB 0x00000000e8400000| Untracked 
| 133|0x00000000e8500000, 0x00000000e855ab40, 0x00000000e8600000| 35%| S|CS|TAMS 0x00000000e8500000| PB 0x00000000e8500000| Complete 
| 134|0x00000000e8600000, 0x00000000e8700000, 0x00000000e8700000|100%| S|CS|TAMS 0x00000000e8600000| PB 0x00000000e8600000| Complete 
| 135|0x00000000e8700000, 0x00000000e8800000, 0x00000000e8800000|100%| S|CS|TAMS 0x00000000e8700000| PB 0x00000000e8700000| Complete 
| 136|0x00000000e8800000, 0x00000000e8900000, 0x00000000e8900000|100%| S|CS|TAMS 0x00000000e8800000| PB 0x00000000e8800000| Complete 
| 137|0x00000000e8900000, 0x00000000e8a00000, 0x00000000e8a00000|100%| S|CS|TAMS 0x00000000e8900000| PB 0x00000000e8900000| Complete 
| 138|0x00000000e8a00000, 0x00000000e8b00000, 0x00000000e8b00000|100%| S|CS|TAMS 0x00000000e8a00000| PB 0x00000000e8a00000| Complete 
| 139|0x00000000e8b00000, 0x00000000e8c00000, 0x00000000e8c00000|100%| S|CS|TAMS 0x00000000e8b00000| PB 0x00000000e8b00000| Complete 
| 140|0x00000000e8c00000, 0x00000000e8d00000, 0x00000000e8d00000|100%| S|CS|TAMS 0x00000000e8c00000| PB 0x00000000e8c00000| Complete 
| 141|0x00000000e8d00000, 0x00000000e8e00000, 0x00000000e8e00000|100%| S|CS|TAMS 0x00000000e8d00000| PB 0x00000000e8d00000| Complete 
| 142|0x00000000e8e00000, 0x00000000e8f00000, 0x00000000e8f00000|100%| S|CS|TAMS 0x00000000e8e00000| PB 0x00000000e8e00000| Complete 
| 143|0x00000000e8f00000, 0x00000000e9000000, 0x00000000e9000000|100%| S|CS|TAMS 0x00000000e8f00000| PB 0x00000000e8f00000| Complete 
| 144|0x00000000e9000000, 0x00000000e9100000, 0x00000000e9100000|100%| S|CS|TAMS 0x00000000e9000000| PB 0x00000000e9000000| Complete 
| 145|0x00000000e9100000, 0x00000000e9200000, 0x00000000e9200000|100%| S|CS|TAMS 0x00000000e9100000| PB 0x00000000e9100000| Complete 
| 146|0x00000000e9200000, 0x00000000e9200000, 0x00000000e9300000|  0%| F|  |TAMS 0x00000000e9200000| PB 0x00000000e9200000| Untracked 
| 147|0x00000000e9300000, 0x00000000e9300000, 0x00000000e9400000|  0%| F|  |TAMS 0x00000000e9300000| PB 0x00000000e9300000| Untracked 
| 148|0x00000000e9400000, 0x00000000e9400000, 0x00000000e9500000|  0%| F|  |TAMS 0x00000000e9400000| PB 0x00000000e9400000| Untracked 
| 149|0x00000000e9500000, 0x00000000e9500000, 0x00000000e9600000|  0%| F|  |TAMS 0x00000000e9500000| PB 0x00000000e9500000| Untracked 
| 150|0x00000000e9600000, 0x00000000e9600000, 0x00000000e9700000|  0%| F|  |TAMS 0x00000000e9600000| PB 0x00000000e9600000| Untracked 
| 151|0x00000000e9700000, 0x00000000e9700000, 0x00000000e9800000|  0%| F|  |TAMS 0x00000000e9700000| PB 0x00000000e9700000| Untracked 
| 152|0x00000000e9800000, 0x00000000e9800000, 0x00000000e9900000|  0%| F|  |TAMS 0x00000000e9800000| PB 0x00000000e9800000| Untracked 
| 153|0x00000000e9900000, 0x00000000e9900000, 0x00000000e9a00000|  0%| F|  |TAMS 0x00000000e9900000| PB 0x00000000e9900000| Untracked 
| 154|0x00000000e9a00000, 0x00000000e9a00000, 0x00000000e9b00000|  0%| F|  |TAMS 0x00000000e9a00000| PB 0x00000000e9a00000| Untracked 
| 155|0x00000000e9b00000, 0x00000000e9b00000, 0x00000000e9c00000|  0%| F|  |TAMS 0x00000000e9b00000| PB 0x00000000e9b00000| Untracked 
| 156|0x00000000e9c00000, 0x00000000e9c00000, 0x00000000e9d00000|  0%| F|  |TAMS 0x00000000e9c00000| PB 0x00000000e9c00000| Untracked 
| 157|0x00000000e9d00000, 0x00000000e9d00000, 0x00000000e9e00000|  0%| F|  |TAMS 0x00000000e9d00000| PB 0x00000000e9d00000| Untracked 
| 158|0x00000000e9e00000, 0x00000000e9e00000, 0x00000000e9f00000|  0%| F|  |TAMS 0x00000000e9e00000| PB 0x00000000e9e00000| Untracked 
| 159|0x00000000e9f00000, 0x00000000e9f00000, 0x00000000ea000000|  0%| F|  |TAMS 0x00000000e9f00000| PB 0x00000000e9f00000| Untracked 
| 160|0x00000000ea000000, 0x00000000ea000000, 0x00000000ea100000|  0%| F|  |TAMS 0x00000000ea000000| PB 0x00000000ea000000| Untracked 
| 161|0x00000000ea100000, 0x00000000ea100000, 0x00000000ea200000|  0%| F|  |TAMS 0x00000000ea100000| PB 0x00000000ea100000| Untracked 
| 162|0x00000000ea200000, 0x00000000ea200000, 0x00000000ea300000|  0%| F|  |TAMS 0x00000000ea200000| PB 0x00000000ea200000| Untracked 
| 163|0x00000000ea300000, 0x00000000ea300000, 0x00000000ea400000|  0%| F|  |TAMS 0x00000000ea300000| PB 0x00000000ea300000| Untracked 
| 164|0x00000000ea400000, 0x00000000ea400000, 0x00000000ea500000|  0%| F|  |TAMS 0x00000000ea400000| PB 0x00000000ea400000| Untracked 
| 165|0x00000000ea500000, 0x00000000ea500000, 0x00000000ea600000|  0%| F|  |TAMS 0x00000000ea500000| PB 0x00000000ea500000| Untracked 
| 166|0x00000000ea600000, 0x00000000ea600000, 0x00000000ea700000|  0%| F|  |TAMS 0x00000000ea600000| PB 0x00000000ea600000| Untracked 
| 167|0x00000000ea700000, 0x00000000ea700000, 0x00000000ea800000|  0%| F|  |TAMS 0x00000000ea700000| PB 0x00000000ea700000| Untracked 
| 168|0x00000000ea800000, 0x00000000ea800000, 0x00000000ea900000|  0%| F|  |TAMS 0x00000000ea800000| PB 0x00000000ea800000| Untracked 
| 169|0x00000000ea900000, 0x00000000ea900000, 0x00000000eaa00000|  0%| F|  |TAMS 0x00000000ea900000| PB 0x00000000ea900000| Untracked 
| 170|0x00000000eaa00000, 0x00000000eaa00000, 0x00000000eab00000|  0%| F|  |TAMS 0x00000000eaa00000| PB 0x00000000eaa00000| Untracked 
| 171|0x00000000eab00000, 0x00000000eab00000, 0x00000000eac00000|  0%| F|  |TAMS 0x00000000eab00000| PB 0x00000000eab00000| Untracked 
| 172|0x00000000eac00000, 0x00000000eac00000, 0x00000000ead00000|  0%| F|  |TAMS 0x00000000eac00000| PB 0x00000000eac00000| Untracked 
| 173|0x00000000ead00000, 0x00000000ead00000, 0x00000000eae00000|  0%| F|  |TAMS 0x00000000ead00000| PB 0x00000000ead00000| Untracked 
| 174|0x00000000eae00000, 0x00000000eae00000, 0x00000000eaf00000|  0%| F|  |TAMS 0x00000000eae00000| PB 0x00000000eae00000| Untracked 
| 175|0x00000000eaf00000, 0x00000000eaf00000, 0x00000000eb000000|  0%| F|  |TAMS 0x00000000eaf00000| PB 0x00000000eaf00000| Untracked 
| 176|0x00000000eb000000, 0x00000000eb000000, 0x00000000eb100000|  0%| F|  |TAMS 0x00000000eb000000| PB 0x00000000eb000000| Untracked 
| 177|0x00000000eb100000, 0x00000000eb100000, 0x00000000eb200000|  0%| F|  |TAMS 0x00000000eb100000| PB 0x00000000eb100000| Untracked 
| 178|0x00000000eb200000, 0x00000000eb200000, 0x00000000eb300000|  0%| F|  |TAMS 0x00000000eb200000| PB 0x00000000eb200000| Untracked 
| 179|0x00000000eb300000, 0x00000000eb300000, 0x00000000eb400000|  0%| F|  |TAMS 0x00000000eb300000| PB 0x00000000eb300000| Untracked 
| 180|0x00000000eb400000, 0x00000000eb400000, 0x00000000eb500000|  0%| F|  |TAMS 0x00000000eb400000| PB 0x00000000eb400000| Untracked 
| 181|0x00000000eb500000, 0x00000000eb500000, 0x00000000eb600000|  0%| F|  |TAMS 0x00000000eb500000| PB 0x00000000eb500000| Untracked 
| 182|0x00000000eb600000, 0x00000000eb600000, 0x00000000eb700000|  0%| F|  |TAMS 0x00000000eb600000| PB 0x00000000eb600000| Untracked 
| 183|0x00000000eb700000, 0x00000000eb700000, 0x00000000eb800000|  0%| F|  |TAMS 0x00000000eb700000| PB 0x00000000eb700000| Untracked 
| 184|0x00000000eb800000, 0x00000000eb800000, 0x00000000eb900000|  0%| F|  |TAMS 0x00000000eb800000| PB 0x00000000eb800000| Untracked 
| 185|0x00000000eb900000, 0x00000000eb900000, 0x00000000eba00000|  0%| F|  |TAMS 0x00000000eb900000| PB 0x00000000eb900000| Untracked 
| 186|0x00000000eba00000, 0x00000000eba00000, 0x00000000ebb00000|  0%| F|  |TAMS 0x00000000eba00000| PB 0x00000000eba00000| Untracked 
| 187|0x00000000ebb00000, 0x00000000ebb00000, 0x00000000ebc00000|  0%| F|  |TAMS 0x00000000ebb00000| PB 0x00000000ebb00000| Untracked 
| 188|0x00000000ebc00000, 0x00000000ebc00000, 0x00000000ebd00000|  0%| F|  |TAMS 0x00000000ebc00000| PB 0x00000000ebc00000| Untracked 
| 189|0x00000000ebd00000, 0x00000000ebd00000, 0x00000000ebe00000|  0%| F|  |TAMS 0x00000000ebd00000| PB 0x00000000ebd00000| Untracked 
| 190|0x00000000ebe00000, 0x00000000ebe00000, 0x00000000ebf00000|  0%| F|  |TAMS 0x00000000ebe00000| PB 0x00000000ebe00000| Untracked 
| 191|0x00000000ebf00000, 0x00000000ebf00000, 0x00000000ec000000|  0%| F|  |TAMS 0x00000000ebf00000| PB 0x00000000ebf00000| Untracked 
| 192|0x00000000ec000000, 0x00000000ec000000, 0x00000000ec100000|  0%| F|  |TAMS 0x00000000ec000000| PB 0x00000000ec000000| Untracked 
| 193|0x00000000ec100000, 0x00000000ec1bb780, 0x00000000ec200000| 73%| E|  |TAMS 0x00000000ec100000| PB 0x00000000ec100000| Complete 
| 194|0x00000000ec200000, 0x00000000ec300000, 0x00000000ec300000|100%| E|CS|TAMS 0x00000000ec200000| PB 0x00000000ec200000| Complete 
| 195|0x00000000ec300000, 0x00000000ec400000, 0x00000000ec400000|100%| E|CS|TAMS 0x00000000ec300000| PB 0x00000000ec300000| Complete 
| 196|0x00000000ec400000, 0x00000000ec500000, 0x00000000ec500000|100%| E|CS|TAMS 0x00000000ec400000| PB 0x00000000ec400000| Complete 
| 197|0x00000000ec500000, 0x00000000ec600000, 0x00000000ec600000|100%| E|CS|TAMS 0x00000000ec500000| PB 0x00000000ec500000| Complete 
| 198|0x00000000ec600000, 0x00000000ec700000, 0x00000000ec700000|100%| E|CS|TAMS 0x00000000ec600000| PB 0x00000000ec600000| Complete 
| 199|0x00000000ec700000, 0x00000000ec800000, 0x00000000ec800000|100%| E|CS|TAMS 0x00000000ec700000| PB 0x00000000ec700000| Complete 
| 200|0x00000000ec800000, 0x00000000ec900000, 0x00000000ec900000|100%| E|CS|TAMS 0x00000000ec800000| PB 0x00000000ec800000| Complete 
| 201|0x00000000ec900000, 0x00000000eca00000, 0x00000000eca00000|100%| E|CS|TAMS 0x00000000ec900000| PB 0x00000000ec900000| Complete 
| 202|0x00000000eca00000, 0x00000000ecb00000, 0x00000000ecb00000|100%| E|CS|TAMS 0x00000000eca00000| PB 0x00000000eca00000| Complete 
| 203|0x00000000ecb00000, 0x00000000ecc00000, 0x00000000ecc00000|100%| E|CS|TAMS 0x00000000ecb00000| PB 0x00000000ecb00000| Complete 
| 204|0x00000000ecc00000, 0x00000000ecd00000, 0x00000000ecd00000|100%| E|CS|TAMS 0x00000000ecc00000| PB 0x00000000ecc00000| Complete 
| 205|0x00000000ecd00000, 0x00000000ece00000, 0x00000000ece00000|100%| E|CS|TAMS 0x00000000ecd00000| PB 0x00000000ecd00000| Complete 
| 206|0x00000000ece00000, 0x00000000ecf00000, 0x00000000ecf00000|100%| E|CS|TAMS 0x00000000ece00000| PB 0x00000000ece00000| Complete 
| 207|0x00000000ecf00000, 0x00000000ed000000, 0x00000000ed000000|100%| E|CS|TAMS 0x00000000ecf00000| PB 0x00000000ecf00000| Complete 
| 208|0x00000000ed000000, 0x00000000ed100000, 0x00000000ed100000|100%| E|CS|TAMS 0x00000000ed000000| PB 0x00000000ed000000| Complete 
| 209|0x00000000ed100000, 0x00000000ed200000, 0x00000000ed200000|100%| E|CS|TAMS 0x00000000ed100000| PB 0x00000000ed100000| Complete 
| 210|0x00000000ed200000, 0x00000000ed300000, 0x00000000ed300000|100%| E|CS|TAMS 0x00000000ed200000| PB 0x00000000ed200000| Complete 
| 211|0x00000000ed300000, 0x00000000ed400000, 0x00000000ed400000|100%| E|CS|TAMS 0x00000000ed300000| PB 0x00000000ed300000| Complete 
| 212|0x00000000ed400000, 0x00000000ed500000, 0x00000000ed500000|100%| E|CS|TAMS 0x00000000ed400000| PB 0x00000000ed400000| Complete 
| 213|0x00000000ed500000, 0x00000000ed600000, 0x00000000ed600000|100%| E|CS|TAMS 0x00000000ed500000| PB 0x00000000ed500000| Complete 
| 214|0x00000000ed600000, 0x00000000ed700000, 0x00000000ed700000|100%| E|CS|TAMS 0x00000000ed600000| PB 0x00000000ed600000| Complete 
| 215|0x00000000ed700000, 0x00000000ed800000, 0x00000000ed800000|100%| E|CS|TAMS 0x00000000ed700000| PB 0x00000000ed700000| Complete 
| 216|0x00000000ed800000, 0x00000000ed900000, 0x00000000ed900000|100%| E|CS|TAMS 0x00000000ed800000| PB 0x00000000ed800000| Complete 
| 217|0x00000000ed900000, 0x00000000eda00000, 0x00000000eda00000|100%| E|CS|TAMS 0x00000000ed900000| PB 0x00000000ed900000| Complete 
| 218|0x00000000eda00000, 0x00000000edb00000, 0x00000000edb00000|100%| E|CS|TAMS 0x00000000eda00000| PB 0x00000000eda00000| Complete 
| 219|0x00000000edb00000, 0x00000000edc00000, 0x00000000edc00000|100%| E|CS|TAMS 0x00000000edb00000| PB 0x00000000edb00000| Complete 
| 220|0x00000000edc00000, 0x00000000edd00000, 0x00000000edd00000|100%| E|CS|TAMS 0x00000000edc00000| PB 0x00000000edc00000| Complete 
| 221|0x00000000edd00000, 0x00000000ede00000, 0x00000000ede00000|100%| E|CS|TAMS 0x00000000edd00000| PB 0x00000000edd00000| Complete 
| 222|0x00000000ede00000, 0x00000000edf00000, 0x00000000edf00000|100%| E|CS|TAMS 0x00000000ede00000| PB 0x00000000ede00000| Complete 
| 223|0x00000000edf00000, 0x00000000ee000000, 0x00000000ee000000|100%| E|CS|TAMS 0x00000000edf00000| PB 0x00000000edf00000| Complete 
| 224|0x00000000ee000000, 0x00000000ee100000, 0x00000000ee100000|100%| E|CS|TAMS 0x00000000ee000000| PB 0x00000000ee000000| Complete 
| 225|0x00000000ee100000, 0x00000000ee200000, 0x00000000ee200000|100%| E|CS|TAMS 0x00000000ee100000| PB 0x00000000ee100000| Complete 
| 226|0x00000000ee200000, 0x00000000ee300000, 0x00000000ee300000|100%| E|CS|TAMS 0x00000000ee200000| PB 0x00000000ee200000| Complete 
| 227|0x00000000ee300000, 0x00000000ee400000, 0x00000000ee400000|100%| E|CS|TAMS 0x00000000ee300000| PB 0x00000000ee300000| Complete 
| 228|0x00000000ee400000, 0x00000000ee500000, 0x00000000ee500000|100%| E|CS|TAMS 0x00000000ee400000| PB 0x00000000ee400000| Complete 
| 229|0x00000000ee500000, 0x00000000ee600000, 0x00000000ee600000|100%| E|CS|TAMS 0x00000000ee500000| PB 0x00000000ee500000| Complete 
| 230|0x00000000ee600000, 0x00000000ee700000, 0x00000000ee700000|100%| E|CS|TAMS 0x00000000ee600000| PB 0x00000000ee600000| Complete 
| 231|0x00000000ee700000, 0x00000000ee800000, 0x00000000ee800000|100%| E|CS|TAMS 0x00000000ee700000| PB 0x00000000ee700000| Complete 
| 232|0x00000000ee800000, 0x00000000ee900000, 0x00000000ee900000|100%| E|CS|TAMS 0x00000000ee800000| PB 0x00000000ee800000| Complete 
| 233|0x00000000ee900000, 0x00000000eea00000, 0x00000000eea00000|100%| E|CS|TAMS 0x00000000ee900000| PB 0x00000000ee900000| Complete 
| 234|0x00000000eea00000, 0x00000000eeb00000, 0x00000000eeb00000|100%| E|CS|TAMS 0x00000000eea00000| PB 0x00000000eea00000| Complete 
| 235|0x00000000eeb00000, 0x00000000eec00000, 0x00000000eec00000|100%| E|CS|TAMS 0x00000000eeb00000| PB 0x00000000eeb00000| Complete 
| 236|0x00000000eec00000, 0x00000000eed00000, 0x00000000eed00000|100%| E|CS|TAMS 0x00000000eec00000| PB 0x00000000eec00000| Complete 
| 237|0x00000000eed00000, 0x00000000eee00000, 0x00000000eee00000|100%| E|CS|TAMS 0x00000000eed00000| PB 0x00000000eed00000| Complete 
| 238|0x00000000eee00000, 0x00000000eef00000, 0x00000000eef00000|100%| E|CS|TAMS 0x00000000eee00000| PB 0x00000000eee00000| Complete 
| 239|0x00000000eef00000, 0x00000000ef000000, 0x00000000ef000000|100%| E|CS|TAMS 0x00000000eef00000| PB 0x00000000eef00000| Complete 
| 240|0x00000000ef000000, 0x00000000ef100000, 0x00000000ef100000|100%| E|CS|TAMS 0x00000000ef000000| PB 0x00000000ef000000| Complete 
| 241|0x00000000ef100000, 0x00000000ef200000, 0x00000000ef200000|100%| E|CS|TAMS 0x00000000ef100000| PB 0x00000000ef100000| Complete 
| 242|0x00000000ef200000, 0x00000000ef300000, 0x00000000ef300000|100%| E|CS|TAMS 0x00000000ef200000| PB 0x00000000ef200000| Complete 
| 243|0x00000000ef300000, 0x00000000ef400000, 0x00000000ef400000|100%| E|CS|TAMS 0x00000000ef300000| PB 0x00000000ef300000| Complete 
| 244|0x00000000ef400000, 0x00000000ef500000, 0x00000000ef500000|100%| E|CS|TAMS 0x00000000ef400000| PB 0x00000000ef400000| Complete 
| 245|0x00000000ef500000, 0x00000000ef600000, 0x00000000ef600000|100%| E|CS|TAMS 0x00000000ef500000| PB 0x00000000ef500000| Complete 
| 246|0x00000000ef600000, 0x00000000ef700000, 0x00000000ef700000|100%| E|CS|TAMS 0x00000000ef600000| PB 0x00000000ef600000| Complete 
| 247|0x00000000ef700000, 0x00000000ef800000, 0x00000000ef800000|100%| E|CS|TAMS 0x00000000ef700000| PB 0x00000000ef700000| Complete 
| 248|0x00000000ef800000, 0x00000000ef900000, 0x00000000ef900000|100%| E|CS|TAMS 0x00000000ef800000| PB 0x00000000ef800000| Complete 
| 249|0x00000000ef900000, 0x00000000efa00000, 0x00000000efa00000|100%| E|CS|TAMS 0x00000000ef900000| PB 0x00000000ef900000| Complete 
| 250|0x00000000efa00000, 0x00000000efb00000, 0x00000000efb00000|100%| E|CS|TAMS 0x00000000efa00000| PB 0x00000000efa00000| Complete 
| 251|0x00000000efb00000, 0x00000000efc00000, 0x00000000efc00000|100%| E|CS|TAMS 0x00000000efb00000| PB 0x00000000efb00000| Complete 
| 252|0x00000000efc00000, 0x00000000efd00000, 0x00000000efd00000|100%| E|CS|TAMS 0x00000000efc00000| PB 0x00000000efc00000| Complete 
| 253|0x00000000efd00000, 0x00000000efe00000, 0x00000000efe00000|100%| E|CS|TAMS 0x00000000efd00000| PB 0x00000000efd00000| Complete 
| 254|0x00000000efe00000, 0x00000000eff00000, 0x00000000eff00000|100%| E|CS|TAMS 0x00000000efe00000| PB 0x00000000efe00000| Complete 
| 255|0x00000000eff00000, 0x00000000f0000000, 0x00000000f0000000|100%| E|  |TAMS 0x00000000eff00000| PB 0x00000000eff00000| Complete 

Card table byte_map: [0x000002bb9d050000,0x000002bb9d150000] _byte_map_base: 0x000002bb9c950000

Marking Bits: (CMBitMap*) 0x000002bb8591e610
 Bits: [0x000002bb9d250000, 0x000002bb9da50000)

Polling page: 0x000002bb838b0000

Metaspace:

Usage:
  Non-class:     23.57 MB used.
      Class:      4.16 MB used.
       Both:     27.73 MB used.

Virtual space:
  Non-class space:       64.00 MB reserved,      24.19 MB ( 38%) committed,  1 nodes.
      Class space:      308.00 MB reserved,       4.69 MB (  2%) committed,  1 nodes.
             Both:      372.00 MB reserved,      28.88 MB (  8%) committed. 

Chunk freelists:
   Non-Class:  3.48 MB
       Class:  3.34 MB
        Both:  6.83 MB

MaxMetaspaceSize: 384.00 MB
CompressedClassSpaceSize: 308.00 MB
Initial GC threshold: 21.00 MB
Current GC threshold: 35.12 MB
CDS: on
MetaspaceReclaimPolicy: balanced
 - commit_granule_bytes: 65536.
 - commit_granule_words: 8192.
 - virtual_space_node_default_size: 8388608.
 - enlarge_chunks_in_place: 1.
 - new_chunks_are_fully_committed: 0.
 - uncommit_free_chunks: 1.
 - use_allocation_guard: 0.


Internal statistics:

num_allocs_failed_limit: 3.
num_arena_births: 1960.
num_arena_deaths: 0.
num_vsnodes_births: 2.
num_vsnodes_deaths: 0.
num_space_committed: 462.
num_space_uncommitted: 0.
num_chunks_returned_to_freelist: 3.
num_chunks_taken_from_freelist: 3224.
num_chunk_merges: 3.
num_chunk_splits: 2113.
num_chunks_enlarged: 1342.
num_inconsistent_stats: 0.

CodeHeap 'non-profiled nmethods': size=120000Kb used=2100Kb max_used=2100Kb free=117899Kb
 bounds [0x000002bb956f0000, 0x000002bb95960000, 0x000002bb9cc20000]
CodeHeap 'profiled nmethods': size=120000Kb used=7610Kb max_used=7610Kb free=112389Kb
 bounds [0x000002bb8dc20000, 0x000002bb8e390000, 0x000002bb95150000]
CodeHeap 'non-nmethods': size=5760Kb used=1693Kb max_used=1716Kb free=4066Kb
 bounds [0x000002bb95150000, 0x000002bb953c0000, 0x000002bb956f0000]
 total_blobs=4383 nmethods=3811 adapters=482
 compilation: enabled
              stopped_count=0, restarted_count=0
 full_count=0

Compilation events (20 events):
Event: 115.155 Thread 0x000002bba04c5de0 nmethod 3807 0x000002bb8e38c610 code [0x000002bb8e38c7a0, 0x000002bb8e38ca40]
Event: 115.155 Thread 0x000002bba04c5de0 3808       3       org.gradle.launcher.daemon.registry.DaemonInfo$Serializer::read (77 bytes)
Event: 115.168 Thread 0x000002bba04c5de0 nmethod 3808 0x000002bb8e38cb10 code [0x000002bb8e38cd80, 0x000002bb8e38dae8]
Event: 115.168 Thread 0x000002bba04c5de0 3809       3       org.gradle.launcher.daemon.context.DefaultDaemonContext$Serializer::read (6 bytes)
Event: 115.169 Thread 0x000002bba04c5de0 nmethod 3809 0x000002bb8e38df10 code [0x000002bb8e38e0a0, 0x000002bb8e38e1e0]
Event: 115.169 Thread 0x000002bba04c5de0 3810       3       java.util.concurrent.ThreadPoolExecutor::workerCountOf (5 bytes)
Event: 115.169 Thread 0x000002bba04c5de0 nmethod 3810 0x000002bb8e38e290 code [0x000002bb8e38e420, 0x000002bb8e38e518]
Event: 119.688 Thread 0x000002bba04c5de0 3811       3       java.util.concurrent.locks.AbstractQueuedSynchronizer$ConditionObject::signal (34 bytes)
Event: 119.691 Thread 0x000002bba04c5de0 nmethod 3811 0x000002bb8e38e590 code [0x000002bb8e38e740, 0x000002bb8e38ea88]
Event: 119.903 Thread 0x000002bba04c51d0 3812       4       java.util.concurrent.locks.AbstractQueuedSynchronizer$ConditionObject::awaitNanos (207 bytes)
Event: 119.972 Thread 0x000002bba04c51d0 nmethod 3812 0x000002bb958f8910 code [0x000002bb958f8b60, 0x000002bb958f9d98]
Event: 120.686 Thread 0x000002bba04c5de0 3813       1       org.gradle.internal.concurrent.AbstractManagedExecutor::access$100 (5 bytes)
Event: 120.699 Thread 0x000002bba04c5de0 nmethod 3813 0x000002bb958faa10 code [0x000002bb958fab80, 0x000002bb958fac30]
Event: 120.743 Thread 0x000002bba04c51d0 3814       4       java.util.HashMap::put (13 bytes)
Event: 120.765 Thread 0x000002bba04c51d0 nmethod 3814 0x000002bb958fad10 code [0x000002bb958faec0, 0x000002bb958fb740]
Event: 121.960 Thread 0x000002bba04c51d0 3815   !   4       java.util.concurrent.LinkedBlockingQueue::poll (128 bytes)
Event: 121.990 Thread 0x000002bba04c51d0 nmethod 3815 0x000002bb958fbd10 code [0x000002bb958fbf00, 0x000002bb958fc858]
Event: 121.991 Thread 0x000002bba04c51d0 3816       4       org.gradle.launcher.daemon.server.exec.DaemonConnectionBackedEventConsumer$ForwardEvents::moreMessagesToSend (35 bytes)
Event: 121.993 Thread 0x000002bba04c51d0 nmethod 3816 0x000002bb958fcf90 code [0x000002bb958fd100, 0x000002bb958fd1c0]
Event: 122.698 Thread 0x000002bba04c51d0 3817       4       javax.management.ObjectName::construct (1135 bytes)

GC Heap History (6 events):
Event: 13.630 GC heap before
{Heap before GC invocations=0 (full 0):
 garbage-first heap   total 262144K, used 26624K [0x00000000e0000000, 0x0000000100000000)
  region size 1024K, 23 young (23552K), 0 survivors (0K)
 Metaspace       used 3122K, committed 3264K, reserved 380928K
  class space    used 396K, committed 448K, reserved 315392K
}
Event: 13.711 GC heap after
{Heap after GC invocations=1 (full 0):
 garbage-first heap   total 262144K, used 10469K [0x00000000e0000000, 0x0000000100000000)
  region size 1024K, 3 young (3072K), 3 survivors (3072K)
 Metaspace       used 3122K, committed 3264K, reserved 380928K
  class space    used 396K, committed 448K, reserved 315392K
}
Event: 19.015 GC heap before
{Heap before GC invocations=1 (full 0):
 garbage-first heap   total 262144K, used 36069K [0x00000000e0000000, 0x0000000100000000)
  region size 1024K, 28 young (28672K), 3 survivors (3072K)
 Metaspace       used 4059K, committed 4224K, reserved 380928K
  class space    used 493K, committed 576K, reserved 315392K
}
Event: 19.021 GC heap after
{Heap after GC invocations=2 (full 0):
 garbage-first heap   total 262144K, used 11329K [0x00000000e0000000, 0x0000000100000000)
  region size 1024K, 1 young (1024K), 1 survivors (1024K)
 Metaspace       used 4059K, committed 4224K, reserved 380928K
  class space    used 493K, committed 576K, reserved 315392K
}
Event: 39.668 GC heap before
{Heap before GC invocations=2 (full 0):
 garbage-first heap   total 262144K, used 121921K [0x00000000e0000000, 0x0000000100000000)
  region size 1024K, 110 young (112640K), 1 survivors (1024K)
 Metaspace       used 20786K, committed 21504K, reserved 380928K
  class space    used 3038K, committed 3392K, reserved 315392K
}
Event: 39.790 GC heap after
{Heap after GC invocations=3 (full 0):
 garbage-first heap   total 262144K, used 23238K [0x00000000e0000000, 0x0000000100000000)
  region size 1024K, 13 young (13312K), 13 survivors (13312K)
 Metaspace       used 20786K, committed 21504K, reserved 380928K
  class space    used 3038K, committed 3392K, reserved 315392K
}

Dll operation events (15 events):
Event: 0.167 Loaded shared library C:\Users\touby\.jdks\corretto-20.0.2.1\bin\java.dll
Event: 0.633 Loaded shared library C:\Users\touby\.jdks\corretto-20.0.2.1\bin\jsvml.dll
Event: 1.721 Loaded shared library C:\Users\touby\.jdks\corretto-20.0.2.1\bin\zip.dll
Event: 1.807 Loaded shared library C:\Users\touby\.jdks\corretto-20.0.2.1\bin\instrument.dll
Event: 1.832 Loaded shared library C:\Users\touby\.jdks\corretto-20.0.2.1\bin\net.dll
Event: 1.884 Loaded shared library C:\Users\touby\.jdks\corretto-20.0.2.1\bin\nio.dll
Event: 2.175 Loaded shared library C:\Users\touby\.jdks\corretto-20.0.2.1\bin\zip.dll
Event: 8.872 Loaded shared library C:\Users\touby\.jdks\corretto-20.0.2.1\bin\jimage.dll
Event: 10.081 Loaded shared library C:\Users\touby\.jdks\corretto-20.0.2.1\bin\verify.dll
Event: 12.229 Loaded shared library C:\Users\touby\.gradle\native\c067742578af261105cb4f569cf0c3c89f3d7b1fecec35dd04571415982c5e48\windows-amd64\native-platform.dll
Event: 12.323 Loaded shared library C:\Users\touby\.gradle\native\38dada09dfb8b06ba9b0570ebf7e218e3eb74d4ef43ca46872605cf95ebc2f47\windows-amd64\native-platform-file-events.dll
Event: 22.495 Loaded shared library C:\Users\touby\.jdks\corretto-20.0.2.1\bin\management.dll
Event: 22.511 Loaded shared library C:\Users\touby\.jdks\corretto-20.0.2.1\bin\management_ext.dll
Event: 24.150 Loaded shared library C:\Users\touby\.jdks\corretto-20.0.2.1\bin\extnet.dll
Event: 29.111 Loaded shared library C:\Users\touby\.jdks\corretto-20.0.2.1\bin\sunmscapi.dll

Deoptimization events (20 events):
Event: 44.029 Thread 0x000002bbb8c67fb0 DEOPT PACKING pc=0x000002bb958c862c sp=0x000000cd116f9480
Event: 44.029 Thread 0x000002bbb8c67fb0 DEOPT UNPACKING pc=0x000002bb9516d2a2 sp=0x000000cd116f9430 mode 2
Event: 45.108 Thread 0x000002bbb98a4200 DEOPT PACKING pc=0x000002bb8e109259 sp=0x000000cd112fe590
Event: 45.108 Thread 0x000002bbb98a4200 DEOPT UNPACKING pc=0x000002bb951be462 sp=0x000000cd112fdad0 mode 0
Event: 77.759 Thread 0x000002bbb8c67fb0 Uncommon trap: trap_request=0xffffff45 fr.pc=0x000002bb9588edfc relative=0x000000000000039c
Event: 77.760 Thread 0x000002bbb8c67fb0 Uncommon trap: reason=unstable_if action=reinterpret pc=0x000002bb9588edfc method=jdk.internal.org.objectweb.asm.MethodWriter.visitFieldInsn(ILjava/lang/String;Ljava/lang/String;Ljava/lang/String;)V @ 223 c2
Event: 77.797 Thread 0x000002bbb8c67fb0 DEOPT PACKING pc=0x000002bb9588edfc sp=0x000000cd116f8660
Event: 77.801 Thread 0x000002bbb8c67fb0 DEOPT UNPACKING pc=0x000002bb9516d2a2 sp=0x000000cd116f85e0 mode 2
Event: 85.226 Thread 0x000002bbb8c67fb0 Uncommon trap: trap_request=0xfffffff4 fr.pc=0x000002bb95830e64 relative=0x0000000000000844
Event: 85.226 Thread 0x000002bbb8c67fb0 Uncommon trap: reason=null_check action=make_not_entrant pc=0x000002bb95830e64 method=java.util.ArrayList.add(Ljava/lang/Object;[Ljava/lang/Object;I)V @ 14 c2
Event: 85.226 Thread 0x000002bbb8c67fb0 DEOPT PACKING pc=0x000002bb95830e64 sp=0x000000cd116f9d50
Event: 85.226 Thread 0x000002bbb8c67fb0 DEOPT UNPACKING pc=0x000002bb9516d2a2 sp=0x000000cd116f9cb8 mode 2
Event: 107.580 Thread 0x000002bbb8c66520 Uncommon trap: trap_request=0xffffff45 fr.pc=0x000002bb958157a4 relative=0x0000000000000444
Event: 107.580 Thread 0x000002bbb8c66520 Uncommon trap: reason=unstable_if action=reinterpret pc=0x000002bb958157a4 method=java.io.BufferedInputStream.read()I @ 4 c2
Event: 107.580 Thread 0x000002bbb8c66520 DEOPT PACKING pc=0x000002bb958157a4 sp=0x000000cd11afe1f0
Event: 107.582 Thread 0x000002bbb8c66520 DEOPT UNPACKING pc=0x000002bb9516d2a2 sp=0x000000cd11afe1a8 mode 2
Event: 107.754 Thread 0x000002bbb8c66520 Uncommon trap: trap_request=0xffffffde fr.pc=0x000002bb958f2040 relative=0x0000000000000560
Event: 107.754 Thread 0x000002bbb8c66520 Uncommon trap: reason=class_check action=maybe_recompile pc=0x000002bb958f2040 method=java.io.BufferedInputStream.implRead([BII)I @ 101 c2
Event: 107.754 Thread 0x000002bbb8c66520 DEOPT PACKING pc=0x000002bb958f2040 sp=0x000000cd11afe1b0
Event: 107.755 Thread 0x000002bbb8c66520 DEOPT UNPACKING pc=0x000002bb9516d2a2 sp=0x000000cd11afe178 mode 2

Classes loaded (20 events):
Event: 44.316 Loading class java/io/StringReader
Event: 44.316 Loading class java/io/StringReader done
Event: 44.333 Loading class java/math/MutableBigInteger
Event: 44.334 Loading class java/math/MutableBigInteger done
Event: 82.633 Loading class java/nio/file/FileTreeWalker
Event: 82.751 Loading class java/nio/file/FileTreeWalker done
Event: 82.895 Loading class java/nio/file/FileTreeWalker$DirectoryNode
Event: 82.925 Loading class java/nio/file/FileTreeWalker$DirectoryNode done
Event: 82.937 Loading class java/nio/file/FileTreeWalker$Event
Event: 82.959 Loading class java/nio/file/FileTreeWalker$Event done
Event: 82.959 Loading class java/nio/file/FileTreeWalker$EventType
Event: 82.976 Loading class java/nio/file/FileTreeWalker$EventType done
Event: 82.995 Loading class java/nio/file/Files$3
Event: 83.021 Loading class java/nio/file/Files$3 done
Event: 83.274 Loading class java/nio/file/FileVisitResult
Event: 83.276 Loading class java/nio/file/FileVisitResult done
Event: 85.611 Loading class sun/nio/fs/WindowsPath$1
Event: 85.612 Loading class sun/nio/fs/WindowsPath$1 done
Event: 107.849 Loading class java/nio/charset/CharacterCodingException
Event: 107.851 Loading class java/nio/charset/CharacterCodingException done

Classes unloaded (0 events):
No events

Classes redefined (0 events):
No events

Internal exceptions (20 events):
Event: 43.395 Thread 0x000002bbb8c67fb0 Exception <a 'java/lang/NoSuchMethodError'{0x00000000ee0f1168}: 'java.lang.Object java.lang.invoke.DirectMethodHandle$Holder.invokeStatic(java.lang.Object, java.lang.Object, java.lang.Object, java.lang.Object, java.lang.Object, java.lang.Object, java.lang.Object, java.lang.Object, java.lang.Object, java.lang.Object, java.lang.Object, java.lang.Object, java.lang.Object, java.lang.Object, java.lang.Object, java.lang.Object, java.lang.Object, java.lang.Object, java.lang.Object, java.lang.Object, java.lang.Obj
Event: 43.606 Thread 0x000002bbb8c67fb0 Exception <a 'java/lang/NoSuchMethodError'{0x00000000edc6f138}: 'java.lang.Object java.lang.invoke.DirectMethodHandle$Holder.invokeVirtual(java.lang.Object, java.lang.Object, java.lang.Object, java.lang.Object, java.lang.Object, java.lang.Object, java.lang.Object, java.lang.Object, java.lang.Object, java.lang.Object, java.lang.Object, java.lang.Object, java.lang.Object, java.lang.Object, java.lang.Object)'> (0x00000000edc6f138) 
thrown [s\src\hotspot\share\interpreter\linkResolver.cpp, line 773]
Event: 43.934 Thread 0x000002bbb8c67fb0 Exception <a 'java/lang/IncompatibleClassChangeError'{0x00000000ed641718}: Found class java.lang.Object, but interface was expected> (0x00000000ed641718) 
thrown [s\src\hotspot\share\interpreter\linkResolver.cpp, line 840]
Event: 44.015 Thread 0x000002bbb8c67fb0 Exception <a 'java/lang/NoSuchMethodError'{0x00000000ed47eb40}: 'java.lang.Object java.lang.invoke.DirectMethodHandle$Holder.invokeVirtual(java.lang.Object, java.lang.Object, java.lang.Object, java.lang.Object, java.lang.Object, java.lang.Object, java.lang.Object, java.lang.Object, java.lang.Object, java.lang.Object, java.lang.Object, java.lang.Object, java.lang.Object, java.lang.Object, java.lang.Object, java.lang.Object, java.lang.Object, java.lang.Object, java.lang.Object, java.lang.Object, java.lang.Ob
Event: 44.016 Thread 0x000002bbb8c67fb0 Exception <a 'java/lang/NoSuchMethodError'{0x00000000ed485c10}: 'java.lang.Object java.lang.invoke.DirectMethodHandle$Holder.invokeSpecial(java.lang.Object, java.lang.Object, java.lang.Object, java.lang.Object, java.lang.Object, java.lang.Object, java.lang.Object, java.lang.Object, java.lang.Object, java.lang.Object, java.lang.Object, java.lang.Object, java.lang.Object, java.lang.Object, java.lang.Object, java.lang.Object, java.lang.Object, java.lang.Object, java.lang.Object, java.lang.Object, java.lang.Ob
Event: 44.016 Thread 0x000002bbb8c67fb0 Exception <a 'java/lang/NoSuchMethodError'{0x00000000ed48bf88}: 'java.lang.Object java.lang.invoke.DelegatingMethodHandle$Holder.reinvoke_L(java.lang.Object, java.lang.Object, java.lang.Object, java.lang.Object, java.lang.Object, java.lang.Object, java.lang.Object, java.lang.Object, java.lang.Object, java.lang.Object, java.lang.Object, java.lang.Object, java.lang.Object, java.lang.Object, java.lang.Object, java.lang.Object, java.lang.Object, java.lang.Object, java.lang.Object, java.lang.Object, java.lang.O
Event: 44.028 Thread 0x000002bbb8c67fb0 Exception <a 'java/lang/NoSuchMethodError'{0x00000000ed366f60}: 'java.lang.Object java.lang.invoke.DirectMethodHandle$Holder.invokeStatic(java.lang.Object, java.lang.Object, java.lang.Object, java.lang.Object, java.lang.Object, java.lang.Object, java.lang.Object, java.lang.Object, java.lang.Object, java.lang.Object, java.lang.Object, java.lang.Object, java.lang.Object, java.lang.Object, java.lang.Object, java.lang.Object, java.lang.Object, java.lang.Object, java.lang.Object, java.lang.Object, java.lang.Obj
Event: 44.091 Thread 0x000002bbb8c67fb0 Exception <a 'java/lang/NoSuchMethodError'{0x00000000ed2a7780}: 'java.lang.Object java.lang.invoke.DirectMethodHandle$Holder.invokeVirtual(java.lang.Object, java.lang.Object, java.lang.Object, java.lang.Object, java.lang.Object, java.lang.Object, java.lang.Object, java.lang.Object, java.lang.Object, java.lang.Object, java.lang.Object, java.lang.Object, java.lang.Object, java.lang.Object, java.lang.Object, java.lang.Object, java.lang.Object, java.lang.Object, java.lang.Object, java.lang.Object)'> (0x0000000
Event: 44.091 Thread 0x000002bbb8c67fb0 Exception <a 'java/lang/NoSuchMethodError'{0x00000000ed2adb08}: 'java.lang.Object java.lang.invoke.DirectMethodHandle$Holder.invokeSpecial(java.lang.Object, java.lang.Object, java.lang.Object, java.lang.Object, java.lang.Object, java.lang.Object, java.lang.Object, java.lang.Object, java.lang.Object, java.lang.Object, java.lang.Object, java.lang.Object, java.lang.Object, java.lang.Object, java.lang.Object, java.lang.Object, java.lang.Object, java.lang.Object, java.lang.Object, java.lang.Object, java.lang.Ob
Event: 44.092 Thread 0x000002bbb8c67fb0 Exception <a 'java/lang/NoSuchMethodError'{0x00000000ed2b35b8}: 'java.lang.Object java.lang.invoke.DelegatingMethodHandle$Holder.reinvoke_L(java.lang.Object, java.lang.Object, java.lang.Object, java.lang.Object, java.lang.Object, java.lang.Object, java.lang.Object, java.lang.Object, java.lang.Object, java.lang.Object, java.lang.Object, java.lang.Object, java.lang.Object, java.lang.Object, java.lang.Object, java.lang.Object, java.lang.Object, java.lang.Object, java.lang.Object, java.lang.Object)'> (0x000000
Event: 44.151 Thread 0x000002bbb8c67fb0 Exception <a 'java/lang/NoSuchMethodError'{0x00000000ed1f6ae0}: 'java.lang.Object java.lang.invoke.DirectMethodHandle$Holder.newInvokeSpecial(java.lang.Object, java.lang.Object, java.lang.Object, java.lang.Object, java.lang.Object, java.lang.Object, java.lang.Object, java.lang.Object, java.lang.Object, java.lang.Object, java.lang.Object, java.lang.Object)'> (0x00000000ed1f6ae0) 
thrown [s\src\hotspot\share\interpreter\linkResolver.cpp, line 773]
Event: 77.305 Thread 0x000002bbb8c67fb0 Exception <a 'java/lang/NoSuchMethodError'{0x00000000ec925ea0}: 'int java.lang.invoke.DirectMethodHandle$Holder.invokeStaticInit(java.lang.Object, java.lang.Object, java.lang.Object)'> (0x00000000ec925ea0) 
thrown [s\src\hotspot\share\interpreter\linkResolver.cpp, line 773]
Event: 78.135 Thread 0x000002bbb8c67fb0 Exception <a 'java/lang/NoSuchMethodError'{0x00000000ec93b128}: 'java.lang.Object java.lang.invoke.DirectMethodHandle$Holder.newInvokeSpecial(java.lang.Object, java.lang.Object, long)'> (0x00000000ec93b128) 
thrown [s\src\hotspot\share\interpreter\linkResolver.cpp, line 773]
Event: 78.194 Thread 0x000002bbb8c67fb0 Exception <a 'java/lang/NoSuchMethodError'{0x00000000ec93f470}: 'java.lang.Object java.lang.invoke.Invokers$Holder.linkToTargetMethod(java.lang.Object, long, java.lang.Object)'> (0x00000000ec93f470) 
thrown [s\src\hotspot\share\interpreter\linkResolver.cpp, line 773]
Event: 84.862 Thread 0x000002bbb8c67fb0 Exception <a 'java/lang/NoSuchMethodError'{0x00000000ec858900}: 'int java.lang.invoke.DirectMethodHandle$Holder.invokeInterface(java.lang.Object, java.lang.Object)'> (0x00000000ec858900) 
thrown [s\src\hotspot\share\interpreter\linkResolver.cpp, line 773]
Event: 85.218 Thread 0x000002bbb8c67fb0 Implicit null exception at 0x000002bb958306a3 to 0x000002bb95830e4c
Event: 85.241 Thread 0x000002bbb8c67fb0 Exception <a 'java/lang/NoSuchMethodError'{0x00000000ec8bbe48}: 'java.lang.Object java.lang.invoke.DirectMethodHandle$Holder.invokeStatic(java.lang.Object, java.lang.Object, int, java.lang.Object)'> (0x00000000ec8bbe48) 
thrown [s\src\hotspot\share\interpreter\linkResolver.cpp, line 773]
Event: 85.310 Thread 0x000002bbb8c67fb0 Exception <a 'java/lang/NoSuchMethodError'{0x00000000ec8c38d8}: 'java.lang.Object java.lang.invoke.DirectMethodHandle$Holder.newInvokeSpecial(java.lang.Object, java.lang.Object, int, java.lang.Object)'> (0x00000000ec8c38d8) 
thrown [s\src\hotspot\share\interpreter\linkResolver.cpp, line 773]
Event: 85.379 Thread 0x000002bbb8c67fb0 Exception <a 'java/lang/NoSuchMethodError'{0x00000000ec8c7ee8}: 'java.lang.Object java.lang.invoke.DirectMethodHandle$Holder.invokeSpecial(java.lang.Object, java.lang.Object, java.lang.Object, int, java.lang.Object)'> (0x00000000ec8c7ee8) 
thrown [s\src\hotspot\share\interpreter\linkResolver.cpp, line 773]
Event: 107.580 Thread 0x000002bbb8c66520 Implicit null exception at 0x000002bb958153a3 to 0x000002bb95815790

VM Operations (20 events):
Event: 104.408 Executing VM operation: Cleanup
Event: 104.408 Executing VM operation: Cleanup done
Event: 106.430 Executing VM operation: Cleanup
Event: 106.478 Executing VM operation: Cleanup done
Event: 107.485 Executing VM operation: HandshakeAllThreads
Event: 107.493 Executing VM operation: HandshakeAllThreads done
Event: 107.551 Executing VM operation: HandshakeAllThreads
Event: 107.559 Executing VM operation: HandshakeAllThreads done
Event: 107.559 Executing VM operation: Cleanup
Event: 107.560 Executing VM operation: Cleanup done
Event: 108.577 Executing VM operation: Cleanup
Event: 108.579 Executing VM operation: Cleanup done
Event: 115.628 Executing VM operation: Cleanup
Event: 115.629 Executing VM operation: Cleanup done
Event: 120.560 Executing VM operation: HandshakeAllThreads
Event: 120.584 Executing VM operation: HandshakeAllThreads done
Event: 120.584 Executing VM operation: Cleanup
Event: 120.585 Executing VM operation: Cleanup done
Event: 122.607 Executing VM operation: Cleanup
Event: 122.608 Executing VM operation: Cleanup done

Events (20 events):
Event: 29.939 Thread 0x000002bbb8c65530 Thread added: 0x000002bbb8c65530
Event: 33.523 Thread 0x000002bbb8c66520 Thread added: 0x000002bbb8c66520
Event: 33.958 Thread 0x000002bbb8c65a80 Thread added: 0x000002bbb8c65a80
Event: 34.506 Thread 0x000002bbb8c65fd0 Thread added: 0x000002bbb8c65fd0
Event: 35.337 Thread 0x000002bbbae22e40 Thread added: 0x000002bbbae22e40
Event: 35.338 Thread 0x000002bbbb25c5d0 Thread added: 0x000002bbbb25c5d0
Event: 35.527 Thread 0x000002bbbb25c5d0 Thread exited: 0x000002bbbb25c5d0
Event: 35.570 Thread 0x000002bbbae22e40 Thread exited: 0x000002bbbae22e40
Event: 36.590 Thread 0x000002bbb8c66a70 Thread added: 0x000002bbb8c66a70
Event: 37.180 Thread 0x000002bbbb0cd030 Thread added: 0x000002bbbb0cd030
Event: 38.879 Thread 0x000002bbbb0cd030 Thread exited: 0x000002bbbb0cd030
Event: 40.284 Thread 0x000002bbb8c66fc0 Thread added: 0x000002bbb8c66fc0
Event: 40.308 Thread 0x000002bbbc3fcdd0 Thread added: 0x000002bbbc3fcdd0
Event: 41.367 Thread 0x000002bbbc3f78d0 Thread added: 0x000002bbbc3f78d0
Event: 41.789 Thread 0x000002bbbc3fc880 Thread added: 0x000002bbbc3fc880
Event: 41.950 Thread 0x000002bbbc3f98b0 Thread added: 0x000002bbbc3f98b0
Event: 42.154 Thread 0x000002bbbc3f9e00 Thread added: 0x000002bbbc3f9e00
Event: 43.160 Thread 0x000002bbbc3f5e40 Thread added: 0x000002bbbc3f5e40
Event: 43.721 Thread 0x000002bbbc3f88c0 Thread added: 0x000002bbbc3f88c0
Event: 85.519 Thread 0x000002bbbc3f7380 Thread added: 0x000002bbbc3f7380


Dynamic libraries:
0x00007ff62ffe0000 - 0x00007ff62ffee000 	C:\Users\touby\.jdks\corretto-20.0.2.1\bin\java.exe
0x00007ffe08770000 - 0x00007ffe08987000 	C:\WINDOWS\SYSTEM32\ntdll.dll
0x00007ffe06af0000 - 0x00007ffe06bb4000 	C:\WINDOWS\System32\KERNEL32.DLL
0x00007ffe05ea0000 - 0x00007ffe06246000 	C:\WINDOWS\System32\KERNELBASE.dll
0x00007ffe063a0000 - 0x00007ffe064b1000 	C:\WINDOWS\System32\ucrtbase.dll
0x00007ffde0c90000 - 0x00007ffde0ca7000 	C:\Users\touby\.jdks\corretto-20.0.2.1\bin\jli.dll
0x00007ffde0930000 - 0x00007ffde094b000 	C:\Users\touby\.jdks\corretto-20.0.2.1\bin\VCRUNTIME140.dll
0x00007ffe071d0000 - 0x00007ffe0737e000 	C:\WINDOWS\System32\USER32.dll
0x00007ffe062f0000 - 0x00007ffe06316000 	C:\WINDOWS\System32\win32u.dll
0x00007ffe06980000 - 0x00007ffe069a9000 	C:\WINDOWS\System32\GDI32.dll
0x00007ffe05d80000 - 0x00007ffe05e98000 	C:\WINDOWS\System32\gdi32full.dll
0x00007ffe06250000 - 0x00007ffe062ea000 	C:\WINDOWS\System32\msvcp_win.dll
0x00007ffde5cd0000 - 0x00007ffde5f63000 	C:\WINDOWS\WinSxS\amd64_microsoft.windows.common-controls_6595b64144ccf1df_6.0.22621.2506_none_270c5ae97388e100\COMCTL32.dll
0x00007ffe06540000 - 0x00007ffe065e7000 	C:\WINDOWS\System32\msvcrt.dll
0x00007ffe065f0000 - 0x00007ffe06621000 	C:\WINDOWS\System32\IMM32.DLL
0x00007ffe00620000 - 0x00007ffe0062c000 	C:\Users\touby\.jdks\corretto-20.0.2.1\bin\vcruntime140_1.dll
0x00007ffddbbd0000 - 0x00007ffddbc5e000 	C:\Users\touby\.jdks\corretto-20.0.2.1\bin\msvcp140.dll
0x00007ffda1d70000 - 0x00007ffda2a74000 	C:\Users\touby\.jdks\corretto-20.0.2.1\bin\server\jvm.dll
0x00007ffe07110000 - 0x00007ffe071c1000 	C:\WINDOWS\System32\ADVAPI32.dll
0x00007ffe08380000 - 0x00007ffe08425000 	C:\WINDOWS\System32\sechost.dll
0x00007ffe08530000 - 0x00007ffe08647000 	C:\WINDOWS\System32\RPCRT4.dll
0x00007ffdfc5b0000 - 0x00007ffdfc5e4000 	C:\WINDOWS\SYSTEM32\WINMM.dll
0x00007ffde3e70000 - 0x00007ffde3e79000 	C:\WINDOWS\SYSTEM32\WSOCK32.dll
0x00007ffe067f0000 - 0x00007ffe06861000 	C:\WINDOWS\System32\WS2_32.dll
0x00007ffdf99b0000 - 0x00007ffdf99ba000 	C:\WINDOWS\SYSTEM32\VERSION.dll
0x00007ffe04aa0000 - 0x00007ffe04ab8000 	C:\WINDOWS\SYSTEM32\kernel.appcore.dll
0x00007ffdf9c20000 - 0x00007ffdf9c2a000 	C:\Users\touby\.jdks\corretto-20.0.2.1\bin\jimage.dll
0x00007ffe02e30000 - 0x00007ffe03063000 	C:\WINDOWS\SYSTEM32\DBGHELP.DLL
0x00007ffe06d80000 - 0x00007ffe07109000 	C:\WINDOWS\System32\combase.dll
0x00007ffe08650000 - 0x00007ffe08727000 	C:\WINDOWS\System32\OLEAUT32.dll
0x00007ffdd9410000 - 0x00007ffdd9442000 	C:\WINDOWS\SYSTEM32\dbgcore.DLL
0x00007ffe06320000 - 0x00007ffe0639a000 	C:\WINDOWS\System32\bcryptPrimitives.dll
0x00007ffdec2a0000 - 0x00007ffdec2ae000 	C:\Users\touby\.jdks\corretto-20.0.2.1\bin\instrument.dll
0x00007ffde0720000 - 0x00007ffde0746000 	C:\Users\touby\.jdks\corretto-20.0.2.1\bin\java.dll
0x00007ffdb9a30000 - 0x00007ffdb9b07000 	C:\Users\touby\.jdks\corretto-20.0.2.1\bin\jsvml.dll
0x00007ffe07850000 - 0x00007ffe080aa000 	C:\WINDOWS\System32\SHELL32.dll
0x00007ffe039b0000 - 0x00007ffe042a6000 	C:\WINDOWS\SYSTEM32\windows.storage.dll
0x00007ffe03870000 - 0x00007ffe039ae000 	C:\WINDOWS\SYSTEM32\wintypes.dll
0x00007ffe08430000 - 0x00007ffe08523000 	C:\WINDOWS\System32\SHCORE.dll
0x00007ffe064d0000 - 0x00007ffe0652e000 	C:\WINDOWS\System32\shlwapi.dll
0x00007ffe05a10000 - 0x00007ffe05a36000 	C:\WINDOWS\SYSTEM32\profapi.dll
0x00007ffde02e0000 - 0x00007ffde02f8000 	C:\Users\touby\.jdks\corretto-20.0.2.1\bin\zip.dll
0x00007ffddbee0000 - 0x00007ffddbef3000 	C:\Users\touby\.jdks\corretto-20.0.2.1\bin\net.dll
0x00007ffdff350000 - 0x00007ffdff487000 	C:\WINDOWS\SYSTEM32\WINHTTP.dll
0x00007ffe04f10000 - 0x00007ffe04f79000 	C:\WINDOWS\system32\mswsock.dll
0x00007ffddbaa0000 - 0x00007ffddbab6000 	C:\Users\touby\.jdks\corretto-20.0.2.1\bin\nio.dll
0x00007ffdec1d0000 - 0x00007ffdec1e0000 	C:\Users\touby\.jdks\corretto-20.0.2.1\bin\verify.dll
0x00007ffdec210000 - 0x00007ffdec237000 	C:\Users\touby\.gradle\native\c067742578af261105cb4f569cf0c3c89f3d7b1fecec35dd04571415982c5e48\windows-amd64\native-platform.dll
0x00007ffdb98e0000 - 0x00007ffdb9a24000 	C:\Users\touby\.gradle\native\38dada09dfb8b06ba9b0570ebf7e218e3eb74d4ef43ca46872605cf95ebc2f47\windows-amd64\native-platform-file-events.dll
0x00007ffdec100000 - 0x00007ffdec10a000 	C:\Users\touby\.jdks\corretto-20.0.2.1\bin\management.dll
0x00007ffde4440000 - 0x00007ffde444b000 	C:\Users\touby\.jdks\corretto-20.0.2.1\bin\management_ext.dll
0x00007ffe06530000 - 0x00007ffe06538000 	C:\WINDOWS\System32\PSAPI.DLL
0x00007ffe051b0000 - 0x00007ffe051cb000 	C:\WINDOWS\SYSTEM32\CRYPTSP.dll
0x00007ffe04a00000 - 0x00007ffe04a35000 	C:\WINDOWS\system32\rsaenh.dll
0x00007ffe04fc0000 - 0x00007ffe04fec000 	C:\WINDOWS\SYSTEM32\USERENV.dll
0x00007ffe05380000 - 0x00007ffe053a8000 	C:\WINDOWS\SYSTEM32\bcrypt.dll
0x00007ffe05120000 - 0x00007ffe0512c000 	C:\WINDOWS\SYSTEM32\CRYPTBASE.dll
0x00007ffe04510000 - 0x00007ffe0453d000 	C:\WINDOWS\SYSTEM32\IPHLPAPI.DLL
0x00007ffe06870000 - 0x00007ffe06879000 	C:\WINDOWS\System32\NSI.dll
0x00007ffdfe210000 - 0x00007ffdfe229000 	C:\WINDOWS\SYSTEM32\dhcpcsvc6.DLL
0x00007ffdfe0e0000 - 0x00007ffdfe0ff000 	C:\WINDOWS\SYSTEM32\dhcpcsvc.DLL
0x00007ffe04580000 - 0x00007ffe04679000 	C:\WINDOWS\SYSTEM32\DNSAPI.dll
0x00007ffde40b0000 - 0x00007ffde40b7000 	C:\Users\touby\.jdks\corretto-20.0.2.1\bin\extnet.dll
0x00007ffde3fd0000 - 0x00007ffde3fde000 	C:\Users\touby\.jdks\corretto-20.0.2.1\bin\sunmscapi.dll
0x00007ffe05c10000 - 0x00007ffe05d76000 	C:\WINDOWS\System32\CRYPT32.dll
0x00007ffe05350000 - 0x00007ffe0537d000 	C:\WINDOWS\SYSTEM32\ncrypt.dll
0x00007ffe05310000 - 0x00007ffe05347000 	C:\WINDOWS\SYSTEM32\NTASN1.dll
0x00007ffe00500000 - 0x00007ffe00508000 	C:\WINDOWS\system32\wshunix.dll

dbghelp: loaded successfully - version: 4.0.5 - missing functions: none
symbol engine: initialized successfully - sym options: 0x614 - pdb path: .;C:\Users\touby\.jdks\corretto-20.0.2.1\bin;C:\WINDOWS\SYSTEM32;C:\WINDOWS\WinSxS\amd64_microsoft.windows.common-controls_6595b64144ccf1df_6.0.22621.2506_none_270c5ae97388e100;C:\Users\touby\.jdks\corretto-20.0.2.1\bin\server;C:\Users\touby\.gradle\native\c067742578af261105cb4f569cf0c3c89f3d7b1fecec35dd04571415982c5e48\windows-amd64;C:\Users\touby\.gradle\native\38dada09dfb8b06ba9b0570ebf7e218e3eb74d4ef43ca46872605cf95ebc2f47\windows-amd64

VM Arguments:
jvm_args: --add-opens=java.base/java.util=ALL-UNNAMED --add-opens=java.base/java.lang=ALL-UNNAMED --add-opens=java.base/java.lang.invoke=ALL-UNNAMED --add-opens=java.prefs/java.util.prefs=ALL-UNNAMED --add-opens=java.base/java.nio.charset=ALL-UNNAMED --add-opens=java.base/java.net=ALL-UNNAMED --add-opens=java.base/java.util.concurrent.atomic=ALL-UNNAMED -XX:MaxMetaspaceSize=384m -XX:+HeapDumpOnOutOfMemoryError -Xms256m -Xmx512m -Dfile.encoding=windows-1252 -Duser.country=CA -Duser.language=en -Duser.variant -javaagent:C:\Users\touby\.gradle\wrapper\dists\gradle-8.5-bin\5t9huq95ubn472n8rpzujfbqh\gradle-8.5\lib\agents\gradle-instrumentation-agent-8.5.jar 
java_command: org.gradle.launcher.daemon.bootstrap.GradleDaemon 8.5
java_class_path (initial): C:\Users\touby\.gradle\wrapper\dists\gradle-8.5-bin\5t9huq95ubn472n8rpzujfbqh\gradle-8.5\lib\gradle-launcher-8.5.jar
Launcher Type: SUN_STANDARD

[Global flags]
     intx CICompilerCount                          = 4                                         {product} {ergonomic}
   size_t CompressedClassSpaceSize                 = 322961408                                 {product} {ergonomic}
     uint ConcGCThreads                            = 2                                         {product} {ergonomic}
     uint G1ConcRefinementThreads                  = 8                                         {product} {ergonomic}
   size_t G1HeapRegionSize                         = 1048576                                   {product} {ergonomic}
    uintx GCDrainStackTargetSize                   = 64                                        {product} {ergonomic}
     bool HeapDumpOnOutOfMemoryError               = true                                   {manageable} {command line}
   size_t InitialHeapSize                          = 268435456                                 {product} {command line}
   size_t MarkStackSize                            = 4194304                                   {product} {ergonomic}
   size_t MaxHeapSize                              = 536870912                                 {product} {command line}
   size_t MaxMetaspaceSize                         = 402653184                                 {product} {command line}
   size_t MaxNewSize                               = 321912832                                 {product} {ergonomic}
   size_t MinHeapDeltaBytes                        = 1048576                                   {product} {ergonomic}
   size_t MinHeapSize                              = 268435456                                 {product} {command line}
    uintx NonNMethodCodeHeapSize                   = 5839372                                {pd product} {ergonomic}
    uintx NonProfiledCodeHeapSize                  = 122909434                              {pd product} {ergonomic}
    uintx ProfiledCodeHeapSize                     = 122909434                              {pd product} {ergonomic}
    uintx ReservedCodeCacheSize                    = 251658240                              {pd product} {ergonomic}
     bool SegmentedCodeCache                       = true                                      {product} {ergonomic}
   size_t SoftMaxHeapSize                          = 536870912                              {manageable} {ergonomic}
     bool UseCompressedClassPointers               = true                           {product lp64_product} {ergonomic}
     bool UseCompressedOops                        = true                           {product lp64_product} {ergonomic}
     bool UseG1GC                                  = true                                      {product} {ergonomic}
     bool UseLargePagesIndividualAllocation        = false                                  {pd product} {ergonomic}

Logging:
Log output configuration:
 #0: stdout all=warning uptime,level,tags foldmultilines=false
 #1: stderr all=off uptime,level,tags foldmultilines=false

Environment Variables:
PATH=C:\Program Files (x86)\Common Files\Oracle\Java\javapath;C:\WINDOWS\system32;C:\WINDOWS;C:\WINDOWS\System32\Wbem;C:\WINDOWS\System32\WindowsPowerShell\v1.0\;C:\WINDOWS\System32\OpenSSH\;C:\Program Files\Git\cmd;C:\xampp\php;C:\ProgramData\ComposerSetup\bin;C:\Program Files\nodejs\;C:\Program Files\Microsoft SQL Server\150\Tools\Binn\;C:\Program Files\Microsoft SQL Server\Client SDK\ODBC\170\Tools\Binn\;C:\Program Files\dotnet\;C:\Program Files\Docker\Docker\resources\bin;C:\Users\touby\AppData\Local\Microsoft\WindowsApps;;C:\Users\touby\AppData\Local\Programs\Microsoft VS Code\bin;C:\Program Files\JetBrains\PhpStorm 2023.2.4\bin;;C:\Users\touby\AppData\Roaming\Composer\vendor\bin;C:\Users\touby\AppData\Roaming\npm;C:\Program Files (x86)\Brackets\;C:\Users\touby\.dotnet\tools
USERNAME=touby
OS=Windows_NT
PROCESSOR_IDENTIFIER=Intel64 Family 6 Model 140 Stepping 2, GenuineIntel
TMP=C:\Users\touby\AppData\Local\Temp
TEMP=C:\Users\touby\AppData\Local\Temp




---------------  S Y S T E M  ---------------

OS:
 Windows 11 , 64 bit Build 22621 (10.0.22621.2506)
OS uptime: 0 days 9:27 hours
Hyper-V role detected

CPU: total 8 (initial active 8) (4 cores per cpu, 2 threads per core) family 6 model 140 stepping 2 microcode 0x2c, cx8, cmov, fxsr, ht, mmx, 3dnowpref, sse, sse2, sse3, ssse3, sse4.1, sse4.2, popcnt, lzcnt, tsc, tscinvbit, avx, avx2, aes, erms, clmul, bmi1, bmi2, adx, avx512f, avx512dq, avx512cd, avx512bw, avx512vl, sha, fma, vzeroupper, avx512_vpopcntdq, avx512_vpclmulqdq, avx512_vaes, avx512_vnni, clflush, clflushopt, clwb, avx512_vbmi2, avx512_vbmi, hv, rdtscp, rdpid, fsrm, gfni, avx512_bitalg, f16c, cet_ibt, cet_ss, avx512_ifma

Memory: 4k page, system-wide physical 7941M (19M free)
TotalPageFile size 32517M (AvailPageFile size 18M)
current process WorkingSet (physical memory assigned to process): 16M, peak: 210M
current process commit charge ("private bytes"): 414M, peak: 437M

vm_info: OpenJDK 64-Bit Server VM (20.0.2.1+10-FR) for windows-amd64 JRE (20.0.2.1+10-FR), built on 2023-08-19T09:18:31Z by "Administrator" with unknown MS VC++:1937

END.
