#
# There is insufficient memory for the Java Runtime Environment to continue.
# Native memory allocation (malloc) failed to allocate 987728 bytes for Chunk::new
# Possible reasons:
#   The system is out of physical RAM or swap space
#   The process is running with CompressedOops enabled, and the Java Heap may be blocking the growth of the native heap
# Possible solutions:
#   Reduce memory load on the system
#   Increase physical memory or swap space
#   Check if swap backing store is full
#   Decrease Java heap size (-Xmx/-Xms)
#   Decrease number of Java threads
#   Decrease Java thread stack sizes (-Xss)
#   Set larger code cache with -XX:ReservedCodeCacheSize=
#   JVM is running with Unscaled Compressed Oops mode in which the Java heap is
#     placed in the first 4GB address space. The Java Heap base address is the
#     maximum limit for the native heap growth. Please use -XX:HeapBaseMinAddress
#     to set the Java Heap base and to place the Java Heap above 4GB virtual address.
# This output file may be truncated or incomplete.
#
#  Out of Memory Error (arena.cpp:184), pid=13196, tid=31980
#
# JRE version: OpenJDK Runtime Environment Corretto-20.0.2.10.1 (20.0.2.1+10) (build 20.0.2.1+10-FR)
# Java VM: OpenJDK 64-Bit Server VM Corretto-20.0.2.10.1 (20.0.2.1+10-FR, mixed mode, sharing, tiered, compressed oops, compressed class ptrs, g1 gc, windows-amd64)
# No core dump will be written. Minidumps are not enabled by default on client versions of Windows
#

---------------  S U M M A R Y ------------

Command Line: --add-opens=java.base/java.util=ALL-UNNAMED --add-opens=java.base/java.lang=ALL-UNNAMED --add-opens=java.base/java.lang.invoke=ALL-UNNAMED --add-opens=java.prefs/java.util.prefs=ALL-UNNAMED --add-opens=java.base/java.nio.charset=ALL-UNNAMED --add-opens=java.base/java.net=ALL-UNNAMED --add-opens=java.base/java.util.concurrent.atomic=ALL-UNNAMED -XX:MaxMetaspaceSize=384m -XX:+HeapDumpOnOutOfMemoryError -Xms256m -Xmx512m -Dfile.encoding=windows-1252 -Duser.country=CA -Duser.language=en -Duser.variant -javaagent:C:\Users\touby\.gradle\wrapper\dists\gradle-8.5-bin\5t9huq95ubn472n8rpzujfbqh\gradle-8.5\lib\agents\gradle-instrumentation-agent-8.5.jar org.gradle.launcher.daemon.bootstrap.GradleDaemon 8.5

Host: 11th Gen Intel(R) Core(TM) i5-1155G7 @ 2.50GHz, 8 cores, 7G,  Windows 11 , 64 bit Build 22621 (10.0.22621.2506)
Time: Fri Dec 15 09:56:16 2023 Eastern Standard Time elapsed time: 120.755566 seconds (0d 0h 2m 0s)

---------------  T H R E A D  ---------------

Current thread (0x0000029efe3d99e0):  JavaThread "C2 CompilerThread0" daemon [_thread_in_native, id=31980, stack(0x000000def9300000,0x000000def9400000)]


Current CompileTask:
C2: 120757 3794       4       javax.management.ObjectName::construct (1135 bytes)

Stack: [0x000000def9300000,0x000000def9400000]
Native frames: (J=compiled Java code, j=interpreted, Vv=VM code, C=native code)
V  [jvm.dll+0x6ba11a]
V  [jvm.dll+0x8968da]
V  [jvm.dll+0x898665]
V  [jvm.dll+0x898d53]
V  [jvm.dll+0x27f9ff]
V  [jvm.dll+0xc3771]
V  [jvm.dll+0xc3a95]
V  [jvm.dll+0x3b8f3c]
V  [jvm.dll+0x1e46b9]
V  [jvm.dll+0x2491db]
V  [jvm.dll+0x24847f]
V  [jvm.dll+0x1cbc81]
V  [jvm.dll+0x257f49]
V  [jvm.dll+0x256610]
V  [jvm.dll+0x3f0155]
V  [jvm.dll+0x843859]
V  [jvm.dll+0x6b8d9b]
C  [ucrtbase.dll+0x29363]
C  [KERNEL32.DLL+0x1257d]
C  [ntdll.dll+0x5aa58]


---------------  P R O C E S S  ---------------

Threads class SMR info:
_java_thread_list=0x0000029eb2e19950, length=34, elements={
0x0000029efaa6d060, 0x0000029efe3c75c0, 0x0000029efe3c83c0, 0x0000029efe3d1ca0,
0x0000029efe3d5860, 0x0000029efe3d61a0, 0x0000029efe3d8430, 0x0000029efe3d99e0,
0x0000029efe3dc910, 0x0000029efe390210, 0x0000029eaf9dbaa0, 0x0000029eb0309450,
0x0000029eb040e0c0, 0x0000029eafb2f7e0, 0x0000029eb0248890, 0x0000029eb0247df0,
0x0000029eb0247350, 0x0000029eb0248340, 0x0000029eb0246e00, 0x0000029eb02478a0,
0x0000029eb02468b0, 0x0000029eb0248de0, 0x0000029eb02458c0, 0x0000029eb0245e10,
0x0000029eb0246360, 0x0000029eb20c9d50, 0x0000029eb20c6830, 0x0000029eb20c6d80,
0x0000029eb20c72d0, 0x0000029eb20c7820, 0x0000029eb20c8810, 0x0000029eb20c7d70,
0x0000029eb20ca7f0, 0x0000029eb20c5840
}

Java Threads: ( => current thread )
  0x0000029efaa6d060 JavaThread "main" [_thread_blocked, id=31832, stack(0x000000def8600000,0x000000def8700000)]
  0x0000029efe3c75c0 JavaThread "Reference Handler" daemon [_thread_blocked, id=31952, stack(0x000000def8d00000,0x000000def8e00000)]
  0x0000029efe3c83c0 JavaThread "Finalizer" daemon [_thread_blocked, id=31956, stack(0x000000def8e00000,0x000000def8f00000)]
  0x0000029efe3d1ca0 JavaThread "Signal Dispatcher" daemon [_thread_blocked, id=31960, stack(0x000000def8f00000,0x000000def9000000)]
  0x0000029efe3d5860 JavaThread "Attach Listener" daemon [_thread_blocked, id=31964, stack(0x000000def9000000,0x000000def9100000)]
  0x0000029efe3d61a0 JavaThread "Service Thread" daemon [_thread_blocked, id=31968, stack(0x000000def9100000,0x000000def9200000)]
  0x0000029efe3d8430 JavaThread "Monitor Deflation Thread" daemon [_thread_blocked, id=31976, stack(0x000000def9200000,0x000000def9300000)]
=>0x0000029efe3d99e0 JavaThread "C2 CompilerThread0" daemon [_thread_in_native, id=31980, stack(0x000000def9300000,0x000000def9400000)]
  0x0000029efe3dc910 JavaThread "C1 CompilerThread0" daemon [_thread_blocked, id=31984, stack(0x000000def9400000,0x000000def9500000)]
  0x0000029efe390210 JavaThread "Common-Cleaner" daemon [_thread_blocked, id=32028, stack(0x000000def9500000,0x000000def9600000)]
  0x0000029eaf9dbaa0 JavaThread "Notification Thread" daemon [_thread_blocked, id=32096, stack(0x000000def9600000,0x000000def9700000)]
  0x0000029eb0309450 JavaThread "Daemon health stats" [_thread_blocked, id=28644, stack(0x000000def9d00000,0x000000def9e00000)]
  0x0000029eb040e0c0 JavaThread "Incoming local TCP Connector on port 57975" [_thread_in_native, id=32128, stack(0x000000def9e00000,0x000000def9f00000)]
  0x0000029eafb2f7e0 JavaThread "Daemon periodic checks" [_thread_blocked, id=32312, stack(0x000000def9f00000,0x000000defa000000)]
  0x0000029eb0248890 JavaThread "Daemon" [_thread_blocked, id=32392, stack(0x000000defa000000,0x000000defa100000)]
  0x0000029eb0247df0 JavaThread "Handler for socket connection from /127.0.0.1:57975 to /127.0.0.1:57981" [_thread_in_native, id=32396, stack(0x000000defa100000,0x000000defa200000)]
  0x0000029eb0247350 JavaThread "Cancel handler" [_thread_blocked, id=32692, stack(0x000000defa200000,0x000000defa300000)]
  0x0000029eb0248340 JavaThread "Daemon worker" [_thread_blocked, id=32668, stack(0x000000defa300000,0x000000defa400000)]
  0x0000029eb0246e00 JavaThread "Asynchronous log dispatcher for DefaultDaemonConnection: socket connection from /127.0.0.1:57975 to /127.0.0.1:57981" [_thread_blocked, id=32132, stack(0x000000defa400000,0x000000defa500000)]
  0x0000029eb02478a0 JavaThread "Stdin handler" [_thread_blocked, id=29744, stack(0x000000defa500000,0x000000defa600000)]
  0x0000029eb02468b0 JavaThread "Daemon client event forwarder" [_thread_blocked, id=28196, stack(0x000000defa600000,0x000000defa700000)]
  0x0000029eb0248de0 JavaThread "Cache worker for journal cache (C:\Users\touby\.gradle\caches\journal-1)" [_thread_blocked, id=32288, stack(0x000000defa700000,0x000000defa800000)]
  0x0000029eb02458c0 JavaThread "File lock request listener" [_thread_in_native, id=31300, stack(0x000000defa800000,0x000000defa900000)]
  0x0000029eb0245e10 JavaThread "File lock release action executor" [_thread_blocked, id=32244, stack(0x000000defa900000,0x000000defaa00000)]
  0x0000029eb0246360 JavaThread "Cache worker for file hash cache (C:\Users\touby\.gradle\caches\8.5\fileHashes)" [_thread_blocked, id=31124, stack(0x000000defaa00000,0x000000defab00000)]
  0x0000029eb20c9d50 JavaThread "File watcher server" daemon [_thread_in_native, id=23040, stack(0x000000defae00000,0x000000defaf00000)]
  0x0000029eb20c6830 JavaThread "File watcher consumer" daemon [_thread_blocked, id=10840, stack(0x000000defaf00000,0x000000defb000000)]
  0x0000029eb20c6d80 JavaThread "Cache worker for checksums cache (C:\Users\touby\Desktop\GBC\Semester5\COMP3095 - Web Application Development Usin Java\Assignments\Assignment2\assignment_02_submission\GBC_SpringSocial-28\comment-service\.gradle\8.5\checksums)" [_thread_blocked, id=29688, stack(0x000000defb000000,0x000000defb100000)]
  0x0000029eb20c72d0 JavaThread "Cache worker for file hash cache (C:\Users\touby\Desktop\GBC\Semester5\COMP3095 - Web Application Development Usin Java\Assignments\Assignment2\assignment_02_submission\GBC_SpringSocial-28\comment-service\.gradle\8.5\fileHashes)" [_thread_blocked, id=30232, stack(0x000000defb100000,0x000000defb200000)]
  0x0000029eb20c7820 JavaThread "Cache worker for cache directory md-supplier (C:\Users\touby\.gradle\caches\8.5\md-supplier)" [_thread_blocked, id=32792, stack(0x000000defb200000,0x000000defb300000)]
  0x0000029eb20c8810 JavaThread "Cache worker for cache directory md-rule (C:\Users\touby\.gradle\caches\8.5\md-rule)" [_thread_blocked, id=32800, stack(0x000000defb300000,0x000000defb400000)]
  0x0000029eb20c7d70 JavaThread "Cache worker for file content cache (C:\Users\touby\.gradle\caches\8.5\fileContent)" [_thread_blocked, id=32872, stack(0x000000defb500000,0x000000defb600000)]
  0x0000029eb20ca7f0 JavaThread "Cache worker for execution history cache (C:\Users\touby\.gradle\caches\8.5\executionHistory)" [_thread_blocked, id=32904, stack(0x000000defb400000,0x000000defb500000)]
  0x0000029eb20c5840 JavaThread "jar transforms" [_thread_blocked, id=33848, stack(0x000000def8300000,0x000000def8400000)]

Other Threads:
  0x0000029efe3a7aa0 VMThread "VM Thread" [stack: 0x000000def8c00000,0x000000def8d00000] [id=31936]
  0x0000029eaf9fc310 WatcherThread "VM Periodic Task Thread" [stack: 0x000000def9700000,0x000000def9800000] [id=32108]
  0x0000029efaa9ed70 WorkerThread "GC Thread#0" [stack: 0x000000def8700000,0x000000def8800000] [id=31872]
  0x0000029eafc0fd30 WorkerThread "GC Thread#1" [stack: 0x000000def9800000,0x000000def9900000] [id=32460]
  0x0000029eaf9f2dc0 WorkerThread "GC Thread#2" [stack: 0x000000def9900000,0x000000def9a00000] [id=32464]
  0x0000029eaf9f3090 WorkerThread "GC Thread#3" [stack: 0x000000def9a00000,0x000000def9b00000] [id=32468]
  0x0000029eaf87b4c0 WorkerThread "GC Thread#4" [stack: 0x000000def9b00000,0x000000def9c00000] [id=32472]
  0x0000029eaf87b1f0 WorkerThread "GC Thread#5" [stack: 0x000000def9c00000,0x000000def9d00000] [id=32476]
  0x0000029eb0234a90 WorkerThread "GC Thread#6" [stack: 0x000000defab00000,0x000000defac00000] [id=29052]
  0x0000029eb0234d60 WorkerThread "GC Thread#7" [stack: 0x000000defac00000,0x000000defad00000] [id=29120]
  0x0000029efaaa3b90 ConcurrentGCThread "G1 Main Marker" [stack: 0x000000def8800000,0x000000def8900000] [id=31876]
  0x0000029efaaa44d0 WorkerThread "G1 Conc#0" [stack: 0x000000def8900000,0x000000def8a00000] [id=31880]
  0x0000029eb0237a60 WorkerThread "G1 Conc#1" [stack: 0x000000defad00000,0x000000defae00000] [id=26436]
  0x0000029efab2e920 ConcurrentGCThread "G1 Refine#0" [stack: 0x000000def8a00000,0x000000def8b00000] [id=31892]
  0x0000029efe261930 ConcurrentGCThread "G1 Service" [stack: 0x000000def8b00000,0x000000def8c00000] [id=31896]

Threads with active compile tasks:
C2 CompilerThread0   120905 3794       4       javax.management.ObjectName::construct (1135 bytes)

VM state: not at safepoint (normal execution)

VM Mutex/Monitor currently owned by a thread: None

Heap address: 0x00000000e0000000, size: 512 MB, Compressed Oops mode: 32-bit

CDS archive(s) mapped at: [0x0000029e97400000-0x0000029e98060000-0x0000029e98060000), size 12976128, SharedBaseAddress: 0x0000029e97400000, ArchiveRelocationMode: 1.
Compressed class space mapped at: 0x0000029e98400000-0x0000029eab800000, reserved size: 322961408
Narrow klass base: 0x0000029e97400000, Narrow klass shift: 0, Narrow klass range: 0x100000000

GC Precious Log:
 CardTable entry size: 512
 Card Set container configuration: InlinePtr #cards 5 size 8 Array Of Cards #cards 12 size 40 Howl #buckets 4 coarsen threshold 1843 Howl Bitmap #cards 512 size 80 coarsen threshold 460 Card regions per heap region 1 cards per card region 2048
 CPUs: 8 total, 8 available
 Memory: 7941M
 Large Page Support: Disabled
 NUMA Support: Disabled
 Compressed Oops: Enabled (32-bit)
 Heap Region Size: 1M
 Heap Min Capacity: 256M
 Heap Initial Capacity: 256M
 Heap Max Capacity: 512M
 Pre-touch: Disabled
 Parallel Workers: 8
 Concurrent Workers: 2
 Concurrent Refinement Workers: 8
 Periodic GC: Disabled

Heap:
 garbage-first heap   total 262144K, used 84052K [0x00000000e0000000, 0x0000000100000000)
  region size 1024K, 73 young (74752K), 12 survivors (12288K)
 Metaspace       used 28431K, committed 29632K, reserved 380928K
  class space    used 4271K, committed 4864K, reserved 315392K

Heap Regions: E=young(eden), S=young(survivor), O=old, HS=humongous(starts), HC=humongous(continues), CS=collection set, F=free, OA=open archive, CA=closed archive, TAMS=top-at-mark-start, PB=parsable bottom
|   0|0x00000000e0000000, 0x00000000e0100000, 0x00000000e0100000|100%|HS|  |TAMS 0x00000000e0000000| PB 0x00000000e0000000| Complete 
|   1|0x00000000e0100000, 0x00000000e0200000, 0x00000000e0200000|100%|HC|  |TAMS 0x00000000e0100000| PB 0x00000000e0100000| Complete 
|   2|0x00000000e0200000, 0x00000000e0300000, 0x00000000e0300000|100%|HC|  |TAMS 0x00000000e0200000| PB 0x00000000e0200000| Complete 
|   3|0x00000000e0300000, 0x00000000e0400000, 0x00000000e0400000|100%|HC|  |TAMS 0x00000000e0300000| PB 0x00000000e0300000| Complete 
|   4|0x00000000e0400000, 0x00000000e0500000, 0x00000000e0500000|100%| O|  |TAMS 0x00000000e0400000| PB 0x00000000e0400000| Untracked 
|   5|0x00000000e0500000, 0x00000000e0600000, 0x00000000e0600000|100%| O|  |TAMS 0x00000000e0500000| PB 0x00000000e0500000| Untracked 
|   6|0x00000000e0600000, 0x00000000e0700000, 0x00000000e0700000|100%| O|  |TAMS 0x00000000e0600000| PB 0x00000000e0600000| Untracked 
|   7|0x00000000e0700000, 0x00000000e0800000, 0x00000000e0800000|100%| O|  |TAMS 0x00000000e0700000| PB 0x00000000e0700000| Untracked 
|   8|0x00000000e0800000, 0x00000000e0900000, 0x00000000e0900000|100%| O|  |TAMS 0x00000000e0800000| PB 0x00000000e0800000| Untracked 
|   9|0x00000000e0900000, 0x00000000e0a00000, 0x00000000e0a00000|100%| O|  |TAMS 0x00000000e0900000| PB 0x00000000e0900000| Untracked 
|  10|0x00000000e0a00000, 0x00000000e0a26000, 0x00000000e0b00000| 14%| O|  |TAMS 0x00000000e0a00000| PB 0x00000000e0a00000| Untracked 
|  11|0x00000000e0b00000, 0x00000000e0b00000, 0x00000000e0c00000|  0%| F|  |TAMS 0x00000000e0b00000| PB 0x00000000e0b00000| Untracked 
|  12|0x00000000e0c00000, 0x00000000e0c00000, 0x00000000e0d00000|  0%| F|  |TAMS 0x00000000e0c00000| PB 0x00000000e0c00000| Untracked 
|  13|0x00000000e0d00000, 0x00000000e0d00000, 0x00000000e0e00000|  0%| F|  |TAMS 0x00000000e0d00000| PB 0x00000000e0d00000| Untracked 
|  14|0x00000000e0e00000, 0x00000000e0e00000, 0x00000000e0f00000|  0%| F|  |TAMS 0x00000000e0e00000| PB 0x00000000e0e00000| Untracked 
|  15|0x00000000e0f00000, 0x00000000e0f00000, 0x00000000e1000000|  0%| F|  |TAMS 0x00000000e0f00000| PB 0x00000000e0f00000| Untracked 
|  16|0x00000000e1000000, 0x00000000e1000000, 0x00000000e1100000|  0%| F|  |TAMS 0x00000000e1000000| PB 0x00000000e1000000| Untracked 
|  17|0x00000000e1100000, 0x00000000e1100000, 0x00000000e1200000|  0%| F|  |TAMS 0x00000000e1100000| PB 0x00000000e1100000| Untracked 
|  18|0x00000000e1200000, 0x00000000e1200000, 0x00000000e1300000|  0%| F|  |TAMS 0x00000000e1200000| PB 0x00000000e1200000| Untracked 
|  19|0x00000000e1300000, 0x00000000e1300000, 0x00000000e1400000|  0%| F|  |TAMS 0x00000000e1300000| PB 0x00000000e1300000| Untracked 
|  20|0x00000000e1400000, 0x00000000e1400000, 0x00000000e1500000|  0%| F|  |TAMS 0x00000000e1400000| PB 0x00000000e1400000| Untracked 
|  21|0x00000000e1500000, 0x00000000e1500000, 0x00000000e1600000|  0%| F|  |TAMS 0x00000000e1500000| PB 0x00000000e1500000| Untracked 
|  22|0x00000000e1600000, 0x00000000e1600000, 0x00000000e1700000|  0%| F|  |TAMS 0x00000000e1600000| PB 0x00000000e1600000| Untracked 
|  23|0x00000000e1700000, 0x00000000e1700000, 0x00000000e1800000|  0%| F|  |TAMS 0x00000000e1700000| PB 0x00000000e1700000| Untracked 
|  24|0x00000000e1800000, 0x00000000e1800000, 0x00000000e1900000|  0%| F|  |TAMS 0x00000000e1800000| PB 0x00000000e1800000| Untracked 
|  25|0x00000000e1900000, 0x00000000e1900000, 0x00000000e1a00000|  0%| F|  |TAMS 0x00000000e1900000| PB 0x00000000e1900000| Untracked 
|  26|0x00000000e1a00000, 0x00000000e1a00000, 0x00000000e1b00000|  0%| F|  |TAMS 0x00000000e1a00000| PB 0x00000000e1a00000| Untracked 
|  27|0x00000000e1b00000, 0x00000000e1b00000, 0x00000000e1c00000|  0%| F|  |TAMS 0x00000000e1b00000| PB 0x00000000e1b00000| Untracked 
|  28|0x00000000e1c00000, 0x00000000e1c00000, 0x00000000e1d00000|  0%| F|  |TAMS 0x00000000e1c00000| PB 0x00000000e1c00000| Untracked 
|  29|0x00000000e1d00000, 0x00000000e1d00000, 0x00000000e1e00000|  0%| F|  |TAMS 0x00000000e1d00000| PB 0x00000000e1d00000| Untracked 
|  30|0x00000000e1e00000, 0x00000000e1e00000, 0x00000000e1f00000|  0%| F|  |TAMS 0x00000000e1e00000| PB 0x00000000e1e00000| Untracked 
|  31|0x00000000e1f00000, 0x00000000e1f00000, 0x00000000e2000000|  0%| F|  |TAMS 0x00000000e1f00000| PB 0x00000000e1f00000| Untracked 
|  32|0x00000000e2000000, 0x00000000e2000000, 0x00000000e2100000|  0%| F|  |TAMS 0x00000000e2000000| PB 0x00000000e2000000| Untracked 
|  33|0x00000000e2100000, 0x00000000e2100000, 0x00000000e2200000|  0%| F|  |TAMS 0x00000000e2100000| PB 0x00000000e2100000| Untracked 
|  34|0x00000000e2200000, 0x00000000e2200000, 0x00000000e2300000|  0%| F|  |TAMS 0x00000000e2200000| PB 0x00000000e2200000| Untracked 
|  35|0x00000000e2300000, 0x00000000e2300000, 0x00000000e2400000|  0%| F|  |TAMS 0x00000000e2300000| PB 0x00000000e2300000| Untracked 
|  36|0x00000000e2400000, 0x00000000e2400000, 0x00000000e2500000|  0%| F|  |TAMS 0x00000000e2400000| PB 0x00000000e2400000| Untracked 
|  37|0x00000000e2500000, 0x00000000e2500000, 0x00000000e2600000|  0%| F|  |TAMS 0x00000000e2500000| PB 0x00000000e2500000| Untracked 
|  38|0x00000000e2600000, 0x00000000e2600000, 0x00000000e2700000|  0%| F|  |TAMS 0x00000000e2600000| PB 0x00000000e2600000| Untracked 
|  39|0x00000000e2700000, 0x00000000e2700000, 0x00000000e2800000|  0%| F|  |TAMS 0x00000000e2700000| PB 0x00000000e2700000| Untracked 
|  40|0x00000000e2800000, 0x00000000e2800000, 0x00000000e2900000|  0%| F|  |TAMS 0x00000000e2800000| PB 0x00000000e2800000| Untracked 
|  41|0x00000000e2900000, 0x00000000e2900000, 0x00000000e2a00000|  0%| F|  |TAMS 0x00000000e2900000| PB 0x00000000e2900000| Untracked 
|  42|0x00000000e2a00000, 0x00000000e2a00000, 0x00000000e2b00000|  0%| F|  |TAMS 0x00000000e2a00000| PB 0x00000000e2a00000| Untracked 
|  43|0x00000000e2b00000, 0x00000000e2b00000, 0x00000000e2c00000|  0%| F|  |TAMS 0x00000000e2b00000| PB 0x00000000e2b00000| Untracked 
|  44|0x00000000e2c00000, 0x00000000e2c00000, 0x00000000e2d00000|  0%| F|  |TAMS 0x00000000e2c00000| PB 0x00000000e2c00000| Untracked 
|  45|0x00000000e2d00000, 0x00000000e2d00000, 0x00000000e2e00000|  0%| F|  |TAMS 0x00000000e2d00000| PB 0x00000000e2d00000| Untracked 
|  46|0x00000000e2e00000, 0x00000000e2e00000, 0x00000000e2f00000|  0%| F|  |TAMS 0x00000000e2e00000| PB 0x00000000e2e00000| Untracked 
|  47|0x00000000e2f00000, 0x00000000e2f00000, 0x00000000e3000000|  0%| F|  |TAMS 0x00000000e2f00000| PB 0x00000000e2f00000| Untracked 
|  48|0x00000000e3000000, 0x00000000e3000000, 0x00000000e3100000|  0%| F|  |TAMS 0x00000000e3000000| PB 0x00000000e3000000| Untracked 
|  49|0x00000000e3100000, 0x00000000e3100000, 0x00000000e3200000|  0%| F|  |TAMS 0x00000000e3100000| PB 0x00000000e3100000| Untracked 
|  50|0x00000000e3200000, 0x00000000e3200000, 0x00000000e3300000|  0%| F|  |TAMS 0x00000000e3200000| PB 0x00000000e3200000| Untracked 
|  51|0x00000000e3300000, 0x00000000e3300000, 0x00000000e3400000|  0%| F|  |TAMS 0x00000000e3300000| PB 0x00000000e3300000| Untracked 
|  52|0x00000000e3400000, 0x00000000e3400000, 0x00000000e3500000|  0%| F|  |TAMS 0x00000000e3400000| PB 0x00000000e3400000| Untracked 
|  53|0x00000000e3500000, 0x00000000e3500000, 0x00000000e3600000|  0%| F|  |TAMS 0x00000000e3500000| PB 0x00000000e3500000| Untracked 
|  54|0x00000000e3600000, 0x00000000e3600000, 0x00000000e3700000|  0%| F|  |TAMS 0x00000000e3600000| PB 0x00000000e3600000| Untracked 
|  55|0x00000000e3700000, 0x00000000e3700000, 0x00000000e3800000|  0%| F|  |TAMS 0x00000000e3700000| PB 0x00000000e3700000| Untracked 
|  56|0x00000000e3800000, 0x00000000e3800000, 0x00000000e3900000|  0%| F|  |TAMS 0x00000000e3800000| PB 0x00000000e3800000| Untracked 
|  57|0x00000000e3900000, 0x00000000e3900000, 0x00000000e3a00000|  0%| F|  |TAMS 0x00000000e3900000| PB 0x00000000e3900000| Untracked 
|  58|0x00000000e3a00000, 0x00000000e3a00000, 0x00000000e3b00000|  0%| F|  |TAMS 0x00000000e3a00000| PB 0x00000000e3a00000| Untracked 
|  59|0x00000000e3b00000, 0x00000000e3b00000, 0x00000000e3c00000|  0%| F|  |TAMS 0x00000000e3b00000| PB 0x00000000e3b00000| Untracked 
|  60|0x00000000e3c00000, 0x00000000e3c00000, 0x00000000e3d00000|  0%| F|  |TAMS 0x00000000e3c00000| PB 0x00000000e3c00000| Untracked 
|  61|0x00000000e3d00000, 0x00000000e3d00000, 0x00000000e3e00000|  0%| F|  |TAMS 0x00000000e3d00000| PB 0x00000000e3d00000| Untracked 
|  62|0x00000000e3e00000, 0x00000000e3e00000, 0x00000000e3f00000|  0%| F|  |TAMS 0x00000000e3e00000| PB 0x00000000e3e00000| Untracked 
|  63|0x00000000e3f00000, 0x00000000e3f00000, 0x00000000e4000000|  0%| F|  |TAMS 0x00000000e3f00000| PB 0x00000000e3f00000| Untracked 
|  64|0x00000000e4000000, 0x00000000e4000000, 0x00000000e4100000|  0%| F|  |TAMS 0x00000000e4000000| PB 0x00000000e4000000| Untracked 
|  65|0x00000000e4100000, 0x00000000e4100000, 0x00000000e4200000|  0%| F|  |TAMS 0x00000000e4100000| PB 0x00000000e4100000| Untracked 
|  66|0x00000000e4200000, 0x00000000e4200000, 0x00000000e4300000|  0%| F|  |TAMS 0x00000000e4200000| PB 0x00000000e4200000| Untracked 
|  67|0x00000000e4300000, 0x00000000e4300000, 0x00000000e4400000|  0%| F|  |TAMS 0x00000000e4300000| PB 0x00000000e4300000| Untracked 
|  68|0x00000000e4400000, 0x00000000e4400000, 0x00000000e4500000|  0%| F|  |TAMS 0x00000000e4400000| PB 0x00000000e4400000| Untracked 
|  69|0x00000000e4500000, 0x00000000e4500000, 0x00000000e4600000|  0%| F|  |TAMS 0x00000000e4500000| PB 0x00000000e4500000| Untracked 
|  70|0x00000000e4600000, 0x00000000e4600000, 0x00000000e4700000|  0%| F|  |TAMS 0x00000000e4600000| PB 0x00000000e4600000| Untracked 
|  71|0x00000000e4700000, 0x00000000e4700000, 0x00000000e4800000|  0%| F|  |TAMS 0x00000000e4700000| PB 0x00000000e4700000| Untracked 
|  72|0x00000000e4800000, 0x00000000e4800000, 0x00000000e4900000|  0%| F|  |TAMS 0x00000000e4800000| PB 0x00000000e4800000| Untracked 
|  73|0x00000000e4900000, 0x00000000e4900000, 0x00000000e4a00000|  0%| F|  |TAMS 0x00000000e4900000| PB 0x00000000e4900000| Untracked 
|  74|0x00000000e4a00000, 0x00000000e4a00000, 0x00000000e4b00000|  0%| F|  |TAMS 0x00000000e4a00000| PB 0x00000000e4a00000| Untracked 
|  75|0x00000000e4b00000, 0x00000000e4b00000, 0x00000000e4c00000|  0%| F|  |TAMS 0x00000000e4b00000| PB 0x00000000e4b00000| Untracked 
|  76|0x00000000e4c00000, 0x00000000e4c00000, 0x00000000e4d00000|  0%| F|  |TAMS 0x00000000e4c00000| PB 0x00000000e4c00000| Untracked 
|  77|0x00000000e4d00000, 0x00000000e4d00000, 0x00000000e4e00000|  0%| F|  |TAMS 0x00000000e4d00000| PB 0x00000000e4d00000| Untracked 
|  78|0x00000000e4e00000, 0x00000000e4e00000, 0x00000000e4f00000|  0%| F|  |TAMS 0x00000000e4e00000| PB 0x00000000e4e00000| Untracked 
|  79|0x00000000e4f00000, 0x00000000e4f00000, 0x00000000e5000000|  0%| F|  |TAMS 0x00000000e4f00000| PB 0x00000000e4f00000| Untracked 
|  80|0x00000000e5000000, 0x00000000e5000000, 0x00000000e5100000|  0%| F|  |TAMS 0x00000000e5000000| PB 0x00000000e5000000| Untracked 
|  81|0x00000000e5100000, 0x00000000e5100000, 0x00000000e5200000|  0%| F|  |TAMS 0x00000000e5100000| PB 0x00000000e5100000| Untracked 
|  82|0x00000000e5200000, 0x00000000e5200000, 0x00000000e5300000|  0%| F|  |TAMS 0x00000000e5200000| PB 0x00000000e5200000| Untracked 
|  83|0x00000000e5300000, 0x00000000e5300000, 0x00000000e5400000|  0%| F|  |TAMS 0x00000000e5300000| PB 0x00000000e5300000| Untracked 
|  84|0x00000000e5400000, 0x00000000e5400000, 0x00000000e5500000|  0%| F|  |TAMS 0x00000000e5400000| PB 0x00000000e5400000| Untracked 
|  85|0x00000000e5500000, 0x00000000e5500000, 0x00000000e5600000|  0%| F|  |TAMS 0x00000000e5500000| PB 0x00000000e5500000| Untracked 
|  86|0x00000000e5600000, 0x00000000e5600000, 0x00000000e5700000|  0%| F|  |TAMS 0x00000000e5600000| PB 0x00000000e5600000| Untracked 
|  87|0x00000000e5700000, 0x00000000e5700000, 0x00000000e5800000|  0%| F|  |TAMS 0x00000000e5700000| PB 0x00000000e5700000| Untracked 
|  88|0x00000000e5800000, 0x00000000e5800000, 0x00000000e5900000|  0%| F|  |TAMS 0x00000000e5800000| PB 0x00000000e5800000| Untracked 
|  89|0x00000000e5900000, 0x00000000e5900000, 0x00000000e5a00000|  0%| F|  |TAMS 0x00000000e5900000| PB 0x00000000e5900000| Untracked 
|  90|0x00000000e5a00000, 0x00000000e5a00000, 0x00000000e5b00000|  0%| F|  |TAMS 0x00000000e5a00000| PB 0x00000000e5a00000| Untracked 
|  91|0x00000000e5b00000, 0x00000000e5b00000, 0x00000000e5c00000|  0%| F|  |TAMS 0x00000000e5b00000| PB 0x00000000e5b00000| Untracked 
|  92|0x00000000e5c00000, 0x00000000e5c00000, 0x00000000e5d00000|  0%| F|  |TAMS 0x00000000e5c00000| PB 0x00000000e5c00000| Untracked 
|  93|0x00000000e5d00000, 0x00000000e5d00000, 0x00000000e5e00000|  0%| F|  |TAMS 0x00000000e5d00000| PB 0x00000000e5d00000| Untracked 
|  94|0x00000000e5e00000, 0x00000000e5e00000, 0x00000000e5f00000|  0%| F|  |TAMS 0x00000000e5e00000| PB 0x00000000e5e00000| Untracked 
|  95|0x00000000e5f00000, 0x00000000e5f00000, 0x00000000e6000000|  0%| F|  |TAMS 0x00000000e5f00000| PB 0x00000000e5f00000| Untracked 
|  96|0x00000000e6000000, 0x00000000e6000000, 0x00000000e6100000|  0%| F|  |TAMS 0x00000000e6000000| PB 0x00000000e6000000| Untracked 
|  97|0x00000000e6100000, 0x00000000e6100000, 0x00000000e6200000|  0%| F|  |TAMS 0x00000000e6100000| PB 0x00000000e6100000| Untracked 
|  98|0x00000000e6200000, 0x00000000e6200000, 0x00000000e6300000|  0%| F|  |TAMS 0x00000000e6200000| PB 0x00000000e6200000| Untracked 
|  99|0x00000000e6300000, 0x00000000e6300000, 0x00000000e6400000|  0%| F|  |TAMS 0x00000000e6300000| PB 0x00000000e6300000| Untracked 
| 100|0x00000000e6400000, 0x00000000e6400000, 0x00000000e6500000|  0%| F|  |TAMS 0x00000000e6400000| PB 0x00000000e6400000| Untracked 
| 101|0x00000000e6500000, 0x00000000e6500000, 0x00000000e6600000|  0%| F|  |TAMS 0x00000000e6500000| PB 0x00000000e6500000| Untracked 
| 102|0x00000000e6600000, 0x00000000e6600000, 0x00000000e6700000|  0%| F|  |TAMS 0x00000000e6600000| PB 0x00000000e6600000| Untracked 
| 103|0x00000000e6700000, 0x00000000e6700000, 0x00000000e6800000|  0%| F|  |TAMS 0x00000000e6700000| PB 0x00000000e6700000| Untracked 
| 104|0x00000000e6800000, 0x00000000e6800000, 0x00000000e6900000|  0%| F|  |TAMS 0x00000000e6800000| PB 0x00000000e6800000| Untracked 
| 105|0x00000000e6900000, 0x00000000e6900000, 0x00000000e6a00000|  0%| F|  |TAMS 0x00000000e6900000| PB 0x00000000e6900000| Untracked 
| 106|0x00000000e6a00000, 0x00000000e6a00000, 0x00000000e6b00000|  0%| F|  |TAMS 0x00000000e6a00000| PB 0x00000000e6a00000| Untracked 
| 107|0x00000000e6b00000, 0x00000000e6b00000, 0x00000000e6c00000|  0%| F|  |TAMS 0x00000000e6b00000| PB 0x00000000e6b00000| Untracked 
| 108|0x00000000e6c00000, 0x00000000e6c00000, 0x00000000e6d00000|  0%| F|  |TAMS 0x00000000e6c00000| PB 0x00000000e6c00000| Untracked 
| 109|0x00000000e6d00000, 0x00000000e6d00000, 0x00000000e6e00000|  0%| F|  |TAMS 0x00000000e6d00000| PB 0x00000000e6d00000| Untracked 
| 110|0x00000000e6e00000, 0x00000000e6e00000, 0x00000000e6f00000|  0%| F|  |TAMS 0x00000000e6e00000| PB 0x00000000e6e00000| Untracked 
| 111|0x00000000e6f00000, 0x00000000e6f00000, 0x00000000e7000000|  0%| F|  |TAMS 0x00000000e6f00000| PB 0x00000000e6f00000| Untracked 
| 112|0x00000000e7000000, 0x00000000e7000000, 0x00000000e7100000|  0%| F|  |TAMS 0x00000000e7000000| PB 0x00000000e7000000| Untracked 
| 113|0x00000000e7100000, 0x00000000e7100000, 0x00000000e7200000|  0%| F|  |TAMS 0x00000000e7100000| PB 0x00000000e7100000| Untracked 
| 114|0x00000000e7200000, 0x00000000e7200000, 0x00000000e7300000|  0%| F|  |TAMS 0x00000000e7200000| PB 0x00000000e7200000| Untracked 
| 115|0x00000000e7300000, 0x00000000e7300000, 0x00000000e7400000|  0%| F|  |TAMS 0x00000000e7300000| PB 0x00000000e7300000| Untracked 
| 116|0x00000000e7400000, 0x00000000e7400000, 0x00000000e7500000|  0%| F|  |TAMS 0x00000000e7400000| PB 0x00000000e7400000| Untracked 
| 117|0x00000000e7500000, 0x00000000e7500000, 0x00000000e7600000|  0%| F|  |TAMS 0x00000000e7500000| PB 0x00000000e7500000| Untracked 
| 118|0x00000000e7600000, 0x00000000e7600000, 0x00000000e7700000|  0%| F|  |TAMS 0x00000000e7600000| PB 0x00000000e7600000| Untracked 
| 119|0x00000000e7700000, 0x00000000e7700000, 0x00000000e7800000|  0%| F|  |TAMS 0x00000000e7700000| PB 0x00000000e7700000| Untracked 
| 120|0x00000000e7800000, 0x00000000e7800000, 0x00000000e7900000|  0%| F|  |TAMS 0x00000000e7800000| PB 0x00000000e7800000| Untracked 
| 121|0x00000000e7900000, 0x00000000e7900000, 0x00000000e7a00000|  0%| F|  |TAMS 0x00000000e7900000| PB 0x00000000e7900000| Untracked 
| 122|0x00000000e7a00000, 0x00000000e7a00000, 0x00000000e7b00000|  0%| F|  |TAMS 0x00000000e7a00000| PB 0x00000000e7a00000| Untracked 
| 123|0x00000000e7b00000, 0x00000000e7b00000, 0x00000000e7c00000|  0%| F|  |TAMS 0x00000000e7b00000| PB 0x00000000e7b00000| Untracked 
| 124|0x00000000e7c00000, 0x00000000e7c00000, 0x00000000e7d00000|  0%| F|  |TAMS 0x00000000e7c00000| PB 0x00000000e7c00000| Untracked 
| 125|0x00000000e7d00000, 0x00000000e7d00000, 0x00000000e7e00000|  0%| F|  |TAMS 0x00000000e7d00000| PB 0x00000000e7d00000| Untracked 
| 126|0x00000000e7e00000, 0x00000000e7e00000, 0x00000000e7f00000|  0%| F|  |TAMS 0x00000000e7e00000| PB 0x00000000e7e00000| Untracked 
| 127|0x00000000e7f00000, 0x00000000e7f00000, 0x00000000e8000000|  0%| F|  |TAMS 0x00000000e7f00000| PB 0x00000000e7f00000| Untracked 
| 128|0x00000000e8000000, 0x00000000e8000000, 0x00000000e8100000|  0%| F|  |TAMS 0x00000000e8000000| PB 0x00000000e8000000| Untracked 
| 129|0x00000000e8100000, 0x00000000e8100000, 0x00000000e8200000|  0%| F|  |TAMS 0x00000000e8100000| PB 0x00000000e8100000| Untracked 
| 130|0x00000000e8200000, 0x00000000e8200000, 0x00000000e8300000|  0%| F|  |TAMS 0x00000000e8200000| PB 0x00000000e8200000| Untracked 
| 131|0x00000000e8300000, 0x00000000e8300000, 0x00000000e8400000|  0%| F|  |TAMS 0x00000000e8300000| PB 0x00000000e8300000| Untracked 
| 132|0x00000000e8400000, 0x00000000e8400000, 0x00000000e8500000|  0%| F|  |TAMS 0x00000000e8400000| PB 0x00000000e8400000| Untracked 
| 133|0x00000000e8500000, 0x00000000e8500000, 0x00000000e8600000|  0%| F|  |TAMS 0x00000000e8500000| PB 0x00000000e8500000| Untracked 
| 134|0x00000000e8600000, 0x00000000e8600000, 0x00000000e8700000|  0%| F|  |TAMS 0x00000000e8600000| PB 0x00000000e8600000| Untracked 
| 135|0x00000000e8700000, 0x00000000e8700000, 0x00000000e8800000|  0%| F|  |TAMS 0x00000000e8700000| PB 0x00000000e8700000| Untracked 
| 136|0x00000000e8800000, 0x00000000e8800000, 0x00000000e8900000|  0%| F|  |TAMS 0x00000000e8800000| PB 0x00000000e8800000| Untracked 
| 137|0x00000000e8900000, 0x00000000e89ef3d0, 0x00000000e8a00000| 93%| S|CS|TAMS 0x00000000e8900000| PB 0x00000000e8900000| Complete 
| 138|0x00000000e8a00000, 0x00000000e8b00000, 0x00000000e8b00000|100%| S|CS|TAMS 0x00000000e8a00000| PB 0x00000000e8a00000| Complete 
| 139|0x00000000e8b00000, 0x00000000e8c00000, 0x00000000e8c00000|100%| S|CS|TAMS 0x00000000e8b00000| PB 0x00000000e8b00000| Complete 
| 140|0x00000000e8c00000, 0x00000000e8d00000, 0x00000000e8d00000|100%| S|CS|TAMS 0x00000000e8c00000| PB 0x00000000e8c00000| Complete 
| 141|0x00000000e8d00000, 0x00000000e8e00000, 0x00000000e8e00000|100%| S|CS|TAMS 0x00000000e8d00000| PB 0x00000000e8d00000| Complete 
| 142|0x00000000e8e00000, 0x00000000e8f00000, 0x00000000e8f00000|100%| S|CS|TAMS 0x00000000e8e00000| PB 0x00000000e8e00000| Complete 
| 143|0x00000000e8f00000, 0x00000000e9000000, 0x00000000e9000000|100%| S|CS|TAMS 0x00000000e8f00000| PB 0x00000000e8f00000| Complete 
| 144|0x00000000e9000000, 0x00000000e9100000, 0x00000000e9100000|100%| S|CS|TAMS 0x00000000e9000000| PB 0x00000000e9000000| Complete 
| 145|0x00000000e9100000, 0x00000000e9200000, 0x00000000e9200000|100%| S|CS|TAMS 0x00000000e9100000| PB 0x00000000e9100000| Complete 
| 146|0x00000000e9200000, 0x00000000e9300000, 0x00000000e9300000|100%| S|CS|TAMS 0x00000000e9200000| PB 0x00000000e9200000| Complete 
| 147|0x00000000e9300000, 0x00000000e9400000, 0x00000000e9400000|100%| S|CS|TAMS 0x00000000e9300000| PB 0x00000000e9300000| Complete 
| 148|0x00000000e9400000, 0x00000000e9500000, 0x00000000e9500000|100%| S|CS|TAMS 0x00000000e9400000| PB 0x00000000e9400000| Complete 
| 149|0x00000000e9500000, 0x00000000e9500000, 0x00000000e9600000|  0%| F|  |TAMS 0x00000000e9500000| PB 0x00000000e9500000| Untracked 
| 150|0x00000000e9600000, 0x00000000e9600000, 0x00000000e9700000|  0%| F|  |TAMS 0x00000000e9600000| PB 0x00000000e9600000| Untracked 
| 151|0x00000000e9700000, 0x00000000e9700000, 0x00000000e9800000|  0%| F|  |TAMS 0x00000000e9700000| PB 0x00000000e9700000| Untracked 
| 152|0x00000000e9800000, 0x00000000e9800000, 0x00000000e9900000|  0%| F|  |TAMS 0x00000000e9800000| PB 0x00000000e9800000| Untracked 
| 153|0x00000000e9900000, 0x00000000e9900000, 0x00000000e9a00000|  0%| F|  |TAMS 0x00000000e9900000| PB 0x00000000e9900000| Untracked 
| 154|0x00000000e9a00000, 0x00000000e9a00000, 0x00000000e9b00000|  0%| F|  |TAMS 0x00000000e9a00000| PB 0x00000000e9a00000| Untracked 
| 155|0x00000000e9b00000, 0x00000000e9b00000, 0x00000000e9c00000|  0%| F|  |TAMS 0x00000000e9b00000| PB 0x00000000e9b00000| Untracked 
| 156|0x00000000e9c00000, 0x00000000e9c00000, 0x00000000e9d00000|  0%| F|  |TAMS 0x00000000e9c00000| PB 0x00000000e9c00000| Untracked 
| 157|0x00000000e9d00000, 0x00000000e9d00000, 0x00000000e9e00000|  0%| F|  |TAMS 0x00000000e9d00000| PB 0x00000000e9d00000| Untracked 
| 158|0x00000000e9e00000, 0x00000000e9e00000, 0x00000000e9f00000|  0%| F|  |TAMS 0x00000000e9e00000| PB 0x00000000e9e00000| Untracked 
| 159|0x00000000e9f00000, 0x00000000e9f00000, 0x00000000ea000000|  0%| F|  |TAMS 0x00000000e9f00000| PB 0x00000000e9f00000| Untracked 
| 160|0x00000000ea000000, 0x00000000ea000000, 0x00000000ea100000|  0%| F|  |TAMS 0x00000000ea000000| PB 0x00000000ea000000| Untracked 
| 161|0x00000000ea100000, 0x00000000ea100000, 0x00000000ea200000|  0%| F|  |TAMS 0x00000000ea100000| PB 0x00000000ea100000| Untracked 
| 162|0x00000000ea200000, 0x00000000ea200000, 0x00000000ea300000|  0%| F|  |TAMS 0x00000000ea200000| PB 0x00000000ea200000| Untracked 
| 163|0x00000000ea300000, 0x00000000ea300000, 0x00000000ea400000|  0%| F|  |TAMS 0x00000000ea300000| PB 0x00000000ea300000| Untracked 
| 164|0x00000000ea400000, 0x00000000ea400000, 0x00000000ea500000|  0%| F|  |TAMS 0x00000000ea400000| PB 0x00000000ea400000| Untracked 
| 165|0x00000000ea500000, 0x00000000ea500000, 0x00000000ea600000|  0%| F|  |TAMS 0x00000000ea500000| PB 0x00000000ea500000| Untracked 
| 166|0x00000000ea600000, 0x00000000ea600000, 0x00000000ea700000|  0%| F|  |TAMS 0x00000000ea600000| PB 0x00000000ea600000| Untracked 
| 167|0x00000000ea700000, 0x00000000ea700000, 0x00000000ea800000|  0%| F|  |TAMS 0x00000000ea700000| PB 0x00000000ea700000| Untracked 
| 168|0x00000000ea800000, 0x00000000ea800000, 0x00000000ea900000|  0%| F|  |TAMS 0x00000000ea800000| PB 0x00000000ea800000| Untracked 
| 169|0x00000000ea900000, 0x00000000ea900000, 0x00000000eaa00000|  0%| F|  |TAMS 0x00000000ea900000| PB 0x00000000ea900000| Untracked 
| 170|0x00000000eaa00000, 0x00000000eaa00000, 0x00000000eab00000|  0%| F|  |TAMS 0x00000000eaa00000| PB 0x00000000eaa00000| Untracked 
| 171|0x00000000eab00000, 0x00000000eab00000, 0x00000000eac00000|  0%| F|  |TAMS 0x00000000eab00000| PB 0x00000000eab00000| Untracked 
| 172|0x00000000eac00000, 0x00000000eac00000, 0x00000000ead00000|  0%| F|  |TAMS 0x00000000eac00000| PB 0x00000000eac00000| Untracked 
| 173|0x00000000ead00000, 0x00000000ead00000, 0x00000000eae00000|  0%| F|  |TAMS 0x00000000ead00000| PB 0x00000000ead00000| Untracked 
| 174|0x00000000eae00000, 0x00000000eae00000, 0x00000000eaf00000|  0%| F|  |TAMS 0x00000000eae00000| PB 0x00000000eae00000| Untracked 
| 175|0x00000000eaf00000, 0x00000000eaf00000, 0x00000000eb000000|  0%| F|  |TAMS 0x00000000eaf00000| PB 0x00000000eaf00000| Untracked 
| 176|0x00000000eb000000, 0x00000000eb000000, 0x00000000eb100000|  0%| F|  |TAMS 0x00000000eb000000| PB 0x00000000eb000000| Untracked 
| 177|0x00000000eb100000, 0x00000000eb100000, 0x00000000eb200000|  0%| F|  |TAMS 0x00000000eb100000| PB 0x00000000eb100000| Untracked 
| 178|0x00000000eb200000, 0x00000000eb200000, 0x00000000eb300000|  0%| F|  |TAMS 0x00000000eb200000| PB 0x00000000eb200000| Untracked 
| 179|0x00000000eb300000, 0x00000000eb300000, 0x00000000eb400000|  0%| F|  |TAMS 0x00000000eb300000| PB 0x00000000eb300000| Untracked 
| 180|0x00000000eb400000, 0x00000000eb400000, 0x00000000eb500000|  0%| F|  |TAMS 0x00000000eb400000| PB 0x00000000eb400000| Untracked 
| 181|0x00000000eb500000, 0x00000000eb500000, 0x00000000eb600000|  0%| F|  |TAMS 0x00000000eb500000| PB 0x00000000eb500000| Untracked 
| 182|0x00000000eb600000, 0x00000000eb600000, 0x00000000eb700000|  0%| F|  |TAMS 0x00000000eb600000| PB 0x00000000eb600000| Untracked 
| 183|0x00000000eb700000, 0x00000000eb700000, 0x00000000eb800000|  0%| F|  |TAMS 0x00000000eb700000| PB 0x00000000eb700000| Untracked 
| 184|0x00000000eb800000, 0x00000000eb800000, 0x00000000eb900000|  0%| F|  |TAMS 0x00000000eb800000| PB 0x00000000eb800000| Untracked 
| 185|0x00000000eb900000, 0x00000000eb900000, 0x00000000eba00000|  0%| F|  |TAMS 0x00000000eb900000| PB 0x00000000eb900000| Untracked 
| 186|0x00000000eba00000, 0x00000000eba00000, 0x00000000ebb00000|  0%| F|  |TAMS 0x00000000eba00000| PB 0x00000000eba00000| Untracked 
| 187|0x00000000ebb00000, 0x00000000ebb00000, 0x00000000ebc00000|  0%| F|  |TAMS 0x00000000ebb00000| PB 0x00000000ebb00000| Untracked 
| 188|0x00000000ebc00000, 0x00000000ebc00000, 0x00000000ebd00000|  0%| F|  |TAMS 0x00000000ebc00000| PB 0x00000000ebc00000| Untracked 
| 189|0x00000000ebd00000, 0x00000000ebd00000, 0x00000000ebe00000|  0%| F|  |TAMS 0x00000000ebd00000| PB 0x00000000ebd00000| Untracked 
| 190|0x00000000ebe00000, 0x00000000ebe00000, 0x00000000ebf00000|  0%| F|  |TAMS 0x00000000ebe00000| PB 0x00000000ebe00000| Untracked 
| 191|0x00000000ebf00000, 0x00000000ebf00000, 0x00000000ec000000|  0%| F|  |TAMS 0x00000000ebf00000| PB 0x00000000ebf00000| Untracked 
| 192|0x00000000ec000000, 0x00000000ec000000, 0x00000000ec100000|  0%| F|  |TAMS 0x00000000ec000000| PB 0x00000000ec000000| Untracked 
| 193|0x00000000ec100000, 0x00000000ec100000, 0x00000000ec200000|  0%| F|  |TAMS 0x00000000ec100000| PB 0x00000000ec100000| Untracked 
| 194|0x00000000ec200000, 0x00000000ec200000, 0x00000000ec300000|  0%| F|  |TAMS 0x00000000ec200000| PB 0x00000000ec200000| Untracked 
| 195|0x00000000ec300000, 0x00000000ec382010, 0x00000000ec400000| 50%| E|  |TAMS 0x00000000ec300000| PB 0x00000000ec300000| Complete 
| 196|0x00000000ec400000, 0x00000000ec500000, 0x00000000ec500000|100%| E|CS|TAMS 0x00000000ec400000| PB 0x00000000ec400000| Complete 
| 197|0x00000000ec500000, 0x00000000ec600000, 0x00000000ec600000|100%| E|CS|TAMS 0x00000000ec500000| PB 0x00000000ec500000| Complete 
| 198|0x00000000ec600000, 0x00000000ec700000, 0x00000000ec700000|100%| E|CS|TAMS 0x00000000ec600000| PB 0x00000000ec600000| Complete 
| 199|0x00000000ec700000, 0x00000000ec800000, 0x00000000ec800000|100%| E|CS|TAMS 0x00000000ec700000| PB 0x00000000ec700000| Complete 
| 200|0x00000000ec800000, 0x00000000ec900000, 0x00000000ec900000|100%| E|CS|TAMS 0x00000000ec800000| PB 0x00000000ec800000| Complete 
| 201|0x00000000ec900000, 0x00000000eca00000, 0x00000000eca00000|100%| E|CS|TAMS 0x00000000ec900000| PB 0x00000000ec900000| Complete 
| 202|0x00000000eca00000, 0x00000000ecb00000, 0x00000000ecb00000|100%| E|CS|TAMS 0x00000000eca00000| PB 0x00000000eca00000| Complete 
| 203|0x00000000ecb00000, 0x00000000ecc00000, 0x00000000ecc00000|100%| E|CS|TAMS 0x00000000ecb00000| PB 0x00000000ecb00000| Complete 
| 204|0x00000000ecc00000, 0x00000000ecd00000, 0x00000000ecd00000|100%| E|CS|TAMS 0x00000000ecc00000| PB 0x00000000ecc00000| Complete 
| 205|0x00000000ecd00000, 0x00000000ece00000, 0x00000000ece00000|100%| E|CS|TAMS 0x00000000ecd00000| PB 0x00000000ecd00000| Complete 
| 206|0x00000000ece00000, 0x00000000ecf00000, 0x00000000ecf00000|100%| E|CS|TAMS 0x00000000ece00000| PB 0x00000000ece00000| Complete 
| 207|0x00000000ecf00000, 0x00000000ed000000, 0x00000000ed000000|100%| E|CS|TAMS 0x00000000ecf00000| PB 0x00000000ecf00000| Complete 
| 208|0x00000000ed000000, 0x00000000ed100000, 0x00000000ed100000|100%| E|CS|TAMS 0x00000000ed000000| PB 0x00000000ed000000| Complete 
| 209|0x00000000ed100000, 0x00000000ed200000, 0x00000000ed200000|100%| E|CS|TAMS 0x00000000ed100000| PB 0x00000000ed100000| Complete 
| 210|0x00000000ed200000, 0x00000000ed300000, 0x00000000ed300000|100%| E|CS|TAMS 0x00000000ed200000| PB 0x00000000ed200000| Complete 
| 211|0x00000000ed300000, 0x00000000ed400000, 0x00000000ed400000|100%| E|CS|TAMS 0x00000000ed300000| PB 0x00000000ed300000| Complete 
| 212|0x00000000ed400000, 0x00000000ed500000, 0x00000000ed500000|100%| E|CS|TAMS 0x00000000ed400000| PB 0x00000000ed400000| Complete 
| 213|0x00000000ed500000, 0x00000000ed600000, 0x00000000ed600000|100%| E|CS|TAMS 0x00000000ed500000| PB 0x00000000ed500000| Complete 
| 214|0x00000000ed600000, 0x00000000ed700000, 0x00000000ed700000|100%| E|CS|TAMS 0x00000000ed600000| PB 0x00000000ed600000| Complete 
| 215|0x00000000ed700000, 0x00000000ed800000, 0x00000000ed800000|100%| E|CS|TAMS 0x00000000ed700000| PB 0x00000000ed700000| Complete 
| 216|0x00000000ed800000, 0x00000000ed900000, 0x00000000ed900000|100%| E|CS|TAMS 0x00000000ed800000| PB 0x00000000ed800000| Complete 
| 217|0x00000000ed900000, 0x00000000eda00000, 0x00000000eda00000|100%| E|CS|TAMS 0x00000000ed900000| PB 0x00000000ed900000| Complete 
| 218|0x00000000eda00000, 0x00000000edb00000, 0x00000000edb00000|100%| E|CS|TAMS 0x00000000eda00000| PB 0x00000000eda00000| Complete 
| 219|0x00000000edb00000, 0x00000000edc00000, 0x00000000edc00000|100%| E|CS|TAMS 0x00000000edb00000| PB 0x00000000edb00000| Complete 
| 220|0x00000000edc00000, 0x00000000edd00000, 0x00000000edd00000|100%| E|CS|TAMS 0x00000000edc00000| PB 0x00000000edc00000| Complete 
| 221|0x00000000edd00000, 0x00000000ede00000, 0x00000000ede00000|100%| E|CS|TAMS 0x00000000edd00000| PB 0x00000000edd00000| Complete 
| 222|0x00000000ede00000, 0x00000000edf00000, 0x00000000edf00000|100%| E|CS|TAMS 0x00000000ede00000| PB 0x00000000ede00000| Complete 
| 223|0x00000000edf00000, 0x00000000ee000000, 0x00000000ee000000|100%| E|CS|TAMS 0x00000000edf00000| PB 0x00000000edf00000| Complete 
| 224|0x00000000ee000000, 0x00000000ee100000, 0x00000000ee100000|100%| E|CS|TAMS 0x00000000ee000000| PB 0x00000000ee000000| Complete 
| 225|0x00000000ee100000, 0x00000000ee200000, 0x00000000ee200000|100%| E|CS|TAMS 0x00000000ee100000| PB 0x00000000ee100000| Complete 
| 226|0x00000000ee200000, 0x00000000ee300000, 0x00000000ee300000|100%| E|CS|TAMS 0x00000000ee200000| PB 0x00000000ee200000| Complete 
| 227|0x00000000ee300000, 0x00000000ee400000, 0x00000000ee400000|100%| E|CS|TAMS 0x00000000ee300000| PB 0x00000000ee300000| Complete 
| 228|0x00000000ee400000, 0x00000000ee500000, 0x00000000ee500000|100%| E|CS|TAMS 0x00000000ee400000| PB 0x00000000ee400000| Complete 
| 229|0x00000000ee500000, 0x00000000ee600000, 0x00000000ee600000|100%| E|CS|TAMS 0x00000000ee500000| PB 0x00000000ee500000| Complete 
| 230|0x00000000ee600000, 0x00000000ee700000, 0x00000000ee700000|100%| E|CS|TAMS 0x00000000ee600000| PB 0x00000000ee600000| Complete 
| 231|0x00000000ee700000, 0x00000000ee800000, 0x00000000ee800000|100%| E|CS|TAMS 0x00000000ee700000| PB 0x00000000ee700000| Complete 
| 232|0x00000000ee800000, 0x00000000ee900000, 0x00000000ee900000|100%| E|CS|TAMS 0x00000000ee800000| PB 0x00000000ee800000| Complete 
| 233|0x00000000ee900000, 0x00000000eea00000, 0x00000000eea00000|100%| E|CS|TAMS 0x00000000ee900000| PB 0x00000000ee900000| Complete 
| 234|0x00000000eea00000, 0x00000000eeb00000, 0x00000000eeb00000|100%| E|CS|TAMS 0x00000000eea00000| PB 0x00000000eea00000| Complete 
| 235|0x00000000eeb00000, 0x00000000eec00000, 0x00000000eec00000|100%| E|CS|TAMS 0x00000000eeb00000| PB 0x00000000eeb00000| Complete 
| 236|0x00000000eec00000, 0x00000000eed00000, 0x00000000eed00000|100%| E|CS|TAMS 0x00000000eec00000| PB 0x00000000eec00000| Complete 
| 237|0x00000000eed00000, 0x00000000eee00000, 0x00000000eee00000|100%| E|CS|TAMS 0x00000000eed00000| PB 0x00000000eed00000| Complete 
| 238|0x00000000eee00000, 0x00000000eef00000, 0x00000000eef00000|100%| E|CS|TAMS 0x00000000eee00000| PB 0x00000000eee00000| Complete 
| 239|0x00000000eef00000, 0x00000000ef000000, 0x00000000ef000000|100%| E|CS|TAMS 0x00000000eef00000| PB 0x00000000eef00000| Complete 
| 240|0x00000000ef000000, 0x00000000ef100000, 0x00000000ef100000|100%| E|CS|TAMS 0x00000000ef000000| PB 0x00000000ef000000| Complete 
| 241|0x00000000ef100000, 0x00000000ef200000, 0x00000000ef200000|100%| E|CS|TAMS 0x00000000ef100000| PB 0x00000000ef100000| Complete 
| 242|0x00000000ef200000, 0x00000000ef300000, 0x00000000ef300000|100%| E|CS|TAMS 0x00000000ef200000| PB 0x00000000ef200000| Complete 
| 243|0x00000000ef300000, 0x00000000ef400000, 0x00000000ef400000|100%| E|CS|TAMS 0x00000000ef300000| PB 0x00000000ef300000| Complete 
| 244|0x00000000ef400000, 0x00000000ef500000, 0x00000000ef500000|100%| E|CS|TAMS 0x00000000ef400000| PB 0x00000000ef400000| Complete 
| 245|0x00000000ef500000, 0x00000000ef600000, 0x00000000ef600000|100%| E|CS|TAMS 0x00000000ef500000| PB 0x00000000ef500000| Complete 
| 246|0x00000000ef600000, 0x00000000ef700000, 0x00000000ef700000|100%| E|CS|TAMS 0x00000000ef600000| PB 0x00000000ef600000| Complete 
| 247|0x00000000ef700000, 0x00000000ef800000, 0x00000000ef800000|100%| E|CS|TAMS 0x00000000ef700000| PB 0x00000000ef700000| Complete 
| 248|0x00000000ef800000, 0x00000000ef900000, 0x00000000ef900000|100%| E|CS|TAMS 0x00000000ef800000| PB 0x00000000ef800000| Complete 
| 249|0x00000000ef900000, 0x00000000efa00000, 0x00000000efa00000|100%| E|CS|TAMS 0x00000000ef900000| PB 0x00000000ef900000| Complete 
| 250|0x00000000efa00000, 0x00000000efb00000, 0x00000000efb00000|100%| E|CS|TAMS 0x00000000efa00000| PB 0x00000000efa00000| Complete 
| 251|0x00000000efb00000, 0x00000000efc00000, 0x00000000efc00000|100%| E|CS|TAMS 0x00000000efb00000| PB 0x00000000efb00000| Complete 
| 252|0x00000000efc00000, 0x00000000efd00000, 0x00000000efd00000|100%| E|CS|TAMS 0x00000000efc00000| PB 0x00000000efc00000| Complete 
| 253|0x00000000efd00000, 0x00000000efe00000, 0x00000000efe00000|100%| E|CS|TAMS 0x00000000efd00000| PB 0x00000000efd00000| Complete 
| 254|0x00000000efe00000, 0x00000000eff00000, 0x00000000eff00000|100%| E|CS|TAMS 0x00000000efe00000| PB 0x00000000efe00000| Complete 
| 255|0x00000000eff00000, 0x00000000f0000000, 0x00000000f0000000|100%| E|CS|TAMS 0x00000000eff00000| PB 0x00000000eff00000| Complete 

Card table byte_map: [0x0000029efaf60000,0x0000029efb060000] _byte_map_base: 0x0000029efa860000

Marking Bits: (CMBitMap*) 0x0000029efaa9f2b0
 Bits: [0x0000029efb160000, 0x0000029efb960000)

Polling page: 0x0000029ef8a40000

Metaspace:

Usage:
  Non-class:     23.59 MB used.
      Class:      4.17 MB used.
       Both:     27.77 MB used.

Virtual space:
  Non-class space:       64.00 MB reserved,      24.19 MB ( 38%) committed,  1 nodes.
      Class space:      308.00 MB reserved,       4.75 MB (  2%) committed,  1 nodes.
             Both:      372.00 MB reserved,      28.94 MB (  8%) committed. 

Chunk freelists:
   Non-Class:  3.44 MB
       Class:  3.29 MB
        Both:  6.73 MB

MaxMetaspaceSize: 384.00 MB
CompressedClassSpaceSize: 308.00 MB
Initial GC threshold: 21.00 MB
Current GC threshold: 35.12 MB
CDS: on
MetaspaceReclaimPolicy: balanced
 - commit_granule_bytes: 65536.
 - commit_granule_words: 8192.
 - virtual_space_node_default_size: 8388608.
 - enlarge_chunks_in_place: 1.
 - new_chunks_are_fully_committed: 0.
 - uncommit_free_chunks: 1.
 - use_allocation_guard: 0.


Internal statistics:

num_allocs_failed_limit: 3.
num_arena_births: 2008.
num_arena_deaths: 0.
num_vsnodes_births: 2.
num_vsnodes_deaths: 0.
num_space_committed: 463.
num_space_uncommitted: 0.
num_chunks_returned_to_freelist: 3.
num_chunks_taken_from_freelist: 3294.
num_chunk_merges: 3.
num_chunk_splits: 2147.
num_chunks_enlarged: 1365.
num_inconsistent_stats: 0.

CodeHeap 'non-profiled nmethods': size=120000Kb used=2066Kb max_used=2066Kb free=117933Kb
 bounds [0x0000029e8fd40000, 0x0000029e8ffb0000, 0x0000029e97270000]
CodeHeap 'profiled nmethods': size=120000Kb used=7630Kb max_used=7630Kb free=112369Kb
 bounds [0x0000029e88270000, 0x0000029e889f0000, 0x0000029e8f7a0000]
CodeHeap 'non-nmethods': size=5760Kb used=1695Kb max_used=1713Kb free=4064Kb
 bounds [0x0000029e8f7a0000, 0x0000029e8fa10000, 0x0000029e8fd40000]
 total_blobs=4364 nmethods=3791 adapters=482
 compilation: enabled
              stopped_count=0, restarted_count=0
 full_count=0

Compilation events (20 events):
Event: 116.293 Thread 0x0000029efe3dc910 nmethod 3786 0x0000029e889dd790 code [0x0000029e889ddb20, 0x0000029e889df8c0]
Event: 116.639 Thread 0x0000029efe3d99e0 3787       4       java.util.concurrent.locks.AbstractQueuedSynchronizer$ConditionObject::unlinkCancelledWaiters (91 bytes)
Event: 116.643 Thread 0x0000029efe3d99e0 nmethod 3787 0x0000029e8ff41090 code [0x0000029e8ff41200, 0x0000029e8ff414a8]
Event: 117.117 Thread 0x0000029efe3d99e0 3788   !   4       java.util.concurrent.locks.LockSupport::parkNanos (56 bytes)
Event: 117.121 Thread 0x0000029efe3d99e0 nmethod 3788 0x0000029e8ff41610 code [0x0000029e8ff417a0, 0x0000029e8ff41a08]
Event: 117.393 Thread 0x0000029efe3d99e0 3789       4       java.io.DataInputStream::readUTF (5 bytes)
Event: 117.395 Thread 0x0000029efe3d99e0 nmethod 3789 0x0000029e8ff41b10 code [0x0000029e8ff41c80, 0x0000029e8ff41d28]
Event: 118.724 Thread 0x0000029efe3dc910 3790       3       java.util.concurrent.locks.AbstractQueuedSynchronizer$ConditionObject::signal (34 bytes)
Event: 118.726 Thread 0x0000029efe3dc910 nmethod 3790 0x0000029e889e0310 code [0x0000029e889e04c0, 0x0000029e889e0808]
Event: 118.948 Thread 0x0000029efe3dc910 3791       3       java.io.BufferedInputStream::<init> (56 bytes)
Event: 118.958 Thread 0x0000029efe3dc910 nmethod 3791 0x0000029e889e0910 code [0x0000029e889e0b40, 0x0000029e889e1690]
Event: 118.958 Thread 0x0000029efe3d99e0 3792   !   4       java.io.BufferedInputStream::read (69 bytes)
Event: 119.026 Thread 0x0000029efe3d99e0 nmethod 3792 0x0000029e8ff41e10 code [0x0000029e8ff42060, 0x0000029e8ff42ef8]
Event: 119.026 Thread 0x0000029efe3d99e0 3793       4       java.io.BufferedInputStream::implRead (113 bytes)
Event: 119.044 Thread 0x0000029efe3d99e0 nmethod 3793 0x0000029e8ff43990 code [0x0000029e8ff43b80, 0x0000029e8ff442b0]
Event: 119.926 Thread 0x0000029efe3d99e0 3794       4       javax.management.ObjectName::construct (1135 bytes)
Event: 120.611 Thread 0x0000029efe3dc910 3795       3       java.net.DatagramPacket::<init> (8 bytes)
Event: 120.638 Thread 0x0000029efe3dc910 nmethod 3795 0x0000029e889e1a10 code [0x0000029e889e1bc0, 0x0000029e889e1dc0]
Event: 120.638 Thread 0x0000029efe3dc910 3796       3       java.net.DatagramPacket::<init> (12 bytes)
Event: 120.662 Thread 0x0000029efe3dc910 nmethod 3796 0x0000029e889e1f10 code [0x0000029e889e20a0, 0x0000029e889e2230]

GC Heap History (6 events):
Event: 13.582 GC heap before
{Heap before GC invocations=0 (full 0):
 garbage-first heap   total 262144K, used 26624K [0x00000000e0000000, 0x0000000100000000)
  region size 1024K, 23 young (23552K), 0 survivors (0K)
 Metaspace       used 3099K, committed 3264K, reserved 380928K
  class space    used 395K, committed 448K, reserved 315392K
}
Event: 13.633 GC heap after
{Heap after GC invocations=1 (full 0):
 garbage-first heap   total 262144K, used 10240K [0x00000000e0000000, 0x0000000100000000)
  region size 1024K, 3 young (3072K), 3 survivors (3072K)
 Metaspace       used 3099K, committed 3264K, reserved 380928K
  class space    used 395K, committed 448K, reserved 315392K
}
Event: 19.401 GC heap before
{Heap before GC invocations=1 (full 0):
 garbage-first heap   total 262144K, used 38912K [0x00000000e0000000, 0x0000000100000000)
  region size 1024K, 32 young (32768K), 3 survivors (3072K)
 Metaspace       used 4065K, committed 4224K, reserved 380928K
  class space    used 493K, committed 576K, reserved 315392K
}
Event: 19.408 GC heap after
{Heap after GC invocations=2 (full 0):
 garbage-first heap   total 262144K, used 11155K [0x00000000e0000000, 0x0000000100000000)
  region size 1024K, 1 young (1024K), 1 survivors (1024K)
 Metaspace       used 4065K, committed 4224K, reserved 380928K
  class space    used 493K, committed 576K, reserved 315392K
}
Event: 39.729 GC heap before
{Heap before GC invocations=2 (full 0):
 garbage-first heap   total 262144K, used 119699K [0x00000000e0000000, 0x0000000100000000)
  region size 1024K, 107 young (109568K), 1 survivors (1024K)
 Metaspace       used 20777K, committed 21504K, reserved 380928K
  class space    used 3038K, committed 3392K, reserved 315392K
}
Event: 39.766 GC heap after
{Heap after GC invocations=3 (full 0):
 garbage-first heap   total 262144K, used 22612K [0x00000000e0000000, 0x0000000100000000)
  region size 1024K, 12 young (12288K), 12 survivors (12288K)
 Metaspace       used 20777K, committed 21504K, reserved 380928K
  class space    used 3038K, committed 3392K, reserved 315392K
}

Dll operation events (15 events):
Event: 0.109 Loaded shared library C:\Users\touby\.jdks\corretto-20.0.2.1\bin\java.dll
Event: 0.277 Loaded shared library C:\Users\touby\.jdks\corretto-20.0.2.1\bin\jsvml.dll
Event: 1.199 Loaded shared library C:\Users\touby\.jdks\corretto-20.0.2.1\bin\zip.dll
Event: 1.233 Loaded shared library C:\Users\touby\.jdks\corretto-20.0.2.1\bin\instrument.dll
Event: 1.286 Loaded shared library C:\Users\touby\.jdks\corretto-20.0.2.1\bin\net.dll
Event: 1.295 Loaded shared library C:\Users\touby\.jdks\corretto-20.0.2.1\bin\nio.dll
Event: 1.312 Loaded shared library C:\Users\touby\.jdks\corretto-20.0.2.1\bin\zip.dll
Event: 9.240 Loaded shared library C:\Users\touby\.jdks\corretto-20.0.2.1\bin\jimage.dll
Event: 10.156 Loaded shared library C:\Users\touby\.jdks\corretto-20.0.2.1\bin\verify.dll
Event: 12.338 Loaded shared library C:\Users\touby\.gradle\native\c067742578af261105cb4f569cf0c3c89f3d7b1fecec35dd04571415982c5e48\windows-amd64\native-platform.dll
Event: 12.398 Loaded shared library C:\Users\touby\.gradle\native\38dada09dfb8b06ba9b0570ebf7e218e3eb74d4ef43ca46872605cf95ebc2f47\windows-amd64\native-platform-file-events.dll
Event: 22.572 Loaded shared library C:\Users\touby\.jdks\corretto-20.0.2.1\bin\management.dll
Event: 22.588 Loaded shared library C:\Users\touby\.jdks\corretto-20.0.2.1\bin\management_ext.dll
Event: 24.226 Loaded shared library C:\Users\touby\.jdks\corretto-20.0.2.1\bin\extnet.dll
Event: 26.364 Loaded shared library C:\Users\touby\.jdks\corretto-20.0.2.1\bin\sunmscapi.dll

Deoptimization events (20 events):
Event: 42.854 Thread 0x0000029eb0248340 Uncommon trap: trap_request=0xffffffbe fr.pc=0x0000029e8ff1bd1c relative=0x000000000000103c
Event: 42.854 Thread 0x0000029eb0248340 Uncommon trap: reason=profile_predicate action=maybe_recompile pc=0x0000029e8ff1bd1c method=java.lang.invoke.InvokerBytecodeGenerator.<init>(Ljava/lang/String;Ljava/lang/String;Ljava/lang/invoke/LambdaForm;Ljava/lang/invoke/MethodType;)V @ 33 c2
Event: 42.854 Thread 0x0000029eb0248340 DEOPT PACKING pc=0x0000029e8ff1bd1c sp=0x000000defa3f9120
Event: 42.854 Thread 0x0000029eb0248340 DEOPT UNPACKING pc=0x0000029e8f7bd2a2 sp=0x000000defa3f90d0 mode 2
Event: 42.854 Thread 0x0000029eb0248340 Uncommon trap: trap_request=0xffffffbe fr.pc=0x0000029e8ff1bd1c relative=0x000000000000103c
Event: 42.854 Thread 0x0000029eb0248340 Uncommon trap: reason=profile_predicate action=maybe_recompile pc=0x0000029e8ff1bd1c method=java.lang.invoke.InvokerBytecodeGenerator.<init>(Ljava/lang/String;Ljava/lang/String;Ljava/lang/invoke/LambdaForm;Ljava/lang/invoke/MethodType;)V @ 33 c2
Event: 42.854 Thread 0x0000029eb0248340 DEOPT PACKING pc=0x0000029e8ff1bd1c sp=0x000000defa3f9540
Event: 42.854 Thread 0x0000029eb0248340 DEOPT UNPACKING pc=0x0000029e8f7bd2a2 sp=0x000000defa3f94f0 mode 2
Event: 62.952 Thread 0x0000029eb0248340 Uncommon trap: trap_request=0xffffff45 fr.pc=0x0000029e8fee14fc relative=0x000000000000039c
Event: 62.952 Thread 0x0000029eb0248340 Uncommon trap: reason=unstable_if action=reinterpret pc=0x0000029e8fee14fc method=jdk.internal.org.objectweb.asm.MethodWriter.visitFieldInsn(ILjava/lang/String;Ljava/lang/String;Ljava/lang/String;)V @ 223 c2
Event: 62.952 Thread 0x0000029eb0248340 DEOPT PACKING pc=0x0000029e8fee14fc sp=0x000000defa3f84e0
Event: 62.952 Thread 0x0000029eb0248340 DEOPT UNPACKING pc=0x0000029e8f7bd2a2 sp=0x000000defa3f8488 mode 2
Event: 63.595 Thread 0x0000029eb0248340 Uncommon trap: trap_request=0xfffffff4 fr.pc=0x0000029e8fec60e4 relative=0x0000000000000844
Event: 63.595 Thread 0x0000029eb0248340 Uncommon trap: reason=null_check action=make_not_entrant pc=0x0000029e8fec60e4 method=java.util.ArrayList.add(Ljava/lang/Object;[Ljava/lang/Object;I)V @ 14 c2
Event: 63.595 Thread 0x0000029eb0248340 DEOPT PACKING pc=0x0000029e8fec60e4 sp=0x000000defa3f9cf0
Event: 63.595 Thread 0x0000029eb0248340 DEOPT UNPACKING pc=0x0000029e8f7bd2a2 sp=0x000000defa3f9c58 mode 2
Event: 67.797 Thread 0x0000029eb0248de0 Uncommon trap: trap_request=0xffffff45 fr.pc=0x0000029e8fe4bf24 relative=0x0000000000000444
Event: 67.798 Thread 0x0000029eb0248de0 Uncommon trap: reason=unstable_if action=reinterpret pc=0x0000029e8fe4bf24 method=java.io.BufferedInputStream.read()I @ 4 c2
Event: 67.798 Thread 0x0000029eb0248de0 DEOPT PACKING pc=0x0000029e8fe4bf24 sp=0x000000defa7fe190
Event: 67.798 Thread 0x0000029eb0248de0 DEOPT UNPACKING pc=0x0000029e8f7bd2a2 sp=0x000000defa7fe148 mode 2

Classes loaded (20 events):
Event: 43.284 Loading class java/io/StringReader
Event: 43.285 Loading class java/io/StringReader done
Event: 43.318 Loading class java/math/MutableBigInteger
Event: 43.319 Loading class java/math/MutableBigInteger done
Event: 63.312 Loading class java/nio/file/FileTreeWalker
Event: 63.317 Loading class java/nio/file/FileTreeWalker done
Event: 63.324 Loading class java/nio/file/FileTreeWalker$DirectoryNode
Event: 63.327 Loading class java/nio/file/FileTreeWalker$DirectoryNode done
Event: 63.327 Loading class java/nio/file/FileTreeWalker$Event
Event: 63.329 Loading class java/nio/file/FileTreeWalker$Event done
Event: 63.329 Loading class java/nio/file/FileTreeWalker$EventType
Event: 63.331 Loading class java/nio/file/FileTreeWalker$EventType done
Event: 63.331 Loading class java/nio/file/Files$3
Event: 63.332 Loading class java/nio/file/Files$3 done
Event: 63.338 Loading class java/nio/file/FileVisitResult
Event: 63.340 Loading class java/nio/file/FileVisitResult done
Event: 63.731 Loading class sun/nio/fs/WindowsPath$1
Event: 63.733 Loading class sun/nio/fs/WindowsPath$1 done
Event: 67.879 Loading class java/nio/charset/CharacterCodingException
Event: 67.887 Loading class java/nio/charset/CharacterCodingException done

Classes unloaded (0 events):
No events

Classes redefined (0 events):
No events

Internal exceptions (20 events):
Event: 42.183 Thread 0x0000029eb0248340 Exception <a 'java/lang/NoSuchMethodError'{0x00000000edf13250}: 'java.lang.Object java.lang.invoke.DirectMethodHandle$Holder.invokeStatic(java.lang.Object, java.lang.Object, java.lang.Object, java.lang.Object, java.lang.Object, java.lang.Object, java.lang.Object, java.lang.Object, java.lang.Object, java.lang.Object, java.lang.Object, java.lang.Object, java.lang.Object, java.lang.Object, java.lang.Object, java.lang.Object, java.lang.Object, java.lang.Object, java.lang.Object, java.lang.Object, java.lang.Obj
Event: 42.509 Thread 0x0000029eb0248340 Exception <a 'java/lang/NoSuchMethodError'{0x00000000edca4648}: 'java.lang.Object java.lang.invoke.DirectMethodHandle$Holder.invokeVirtual(java.lang.Object, java.lang.Object, java.lang.Object, java.lang.Object, java.lang.Object, java.lang.Object, java.lang.Object, java.lang.Object, java.lang.Object, java.lang.Object, java.lang.Object, java.lang.Object, java.lang.Object, java.lang.Object, java.lang.Object)'> (0x00000000edca4648) 
thrown [s\src\hotspot\share\interpreter\linkResolver.cpp, line 773]
Event: 42.784 Thread 0x0000029eb0248340 Exception <a 'java/lang/IncompatibleClassChangeError'{0x00000000ed641718}: Found class java.lang.Object, but interface was expected> (0x00000000ed641718) 
thrown [s\src\hotspot\share\interpreter\linkResolver.cpp, line 840]
Event: 42.891 Thread 0x0000029eb0248340 Exception <a 'java/lang/NoSuchMethodError'{0x00000000ed47ed80}: 'java.lang.Object java.lang.invoke.DirectMethodHandle$Holder.invokeVirtual(java.lang.Object, java.lang.Object, java.lang.Object, java.lang.Object, java.lang.Object, java.lang.Object, java.lang.Object, java.lang.Object, java.lang.Object, java.lang.Object, java.lang.Object, java.lang.Object, java.lang.Object, java.lang.Object, java.lang.Object, java.lang.Object, java.lang.Object, java.lang.Object, java.lang.Object, java.lang.Object, java.lang.Ob
Event: 42.892 Thread 0x0000029eb0248340 Exception <a 'java/lang/NoSuchMethodError'{0x00000000ed485e70}: 'java.lang.Object java.lang.invoke.DirectMethodHandle$Holder.invokeSpecial(java.lang.Object, java.lang.Object, java.lang.Object, java.lang.Object, java.lang.Object, java.lang.Object, java.lang.Object, java.lang.Object, java.lang.Object, java.lang.Object, java.lang.Object, java.lang.Object, java.lang.Object, java.lang.Object, java.lang.Object, java.lang.Object, java.lang.Object, java.lang.Object, java.lang.Object, java.lang.Object, java.lang.Ob
Event: 42.893 Thread 0x0000029eb0248340 Exception <a 'java/lang/NoSuchMethodError'{0x00000000ed48c1e8}: 'java.lang.Object java.lang.invoke.DelegatingMethodHandle$Holder.reinvoke_L(java.lang.Object, java.lang.Object, java.lang.Object, java.lang.Object, java.lang.Object, java.lang.Object, java.lang.Object, java.lang.Object, java.lang.Object, java.lang.Object, java.lang.Object, java.lang.Object, java.lang.Object, java.lang.Object, java.lang.Object, java.lang.Object, java.lang.Object, java.lang.Object, java.lang.Object, java.lang.Object, java.lang.O
Event: 42.964 Thread 0x0000029eb0248340 Exception <a 'java/lang/NoSuchMethodError'{0x00000000ed366fd0}: 'java.lang.Object java.lang.invoke.DirectMethodHandle$Holder.invokeStatic(java.lang.Object, java.lang.Object, java.lang.Object, java.lang.Object, java.lang.Object, java.lang.Object, java.lang.Object, java.lang.Object, java.lang.Object, java.lang.Object, java.lang.Object, java.lang.Object, java.lang.Object, java.lang.Object, java.lang.Object, java.lang.Object, java.lang.Object, java.lang.Object, java.lang.Object, java.lang.Object, java.lang.Obj
Event: 43.108 Thread 0x0000029eb0248340 Exception <a 'java/lang/NoSuchMethodError'{0x00000000ed2a66a0}: 'java.lang.Object java.lang.invoke.DirectMethodHandle$Holder.invokeVirtual(java.lang.Object, java.lang.Object, java.lang.Object, java.lang.Object, java.lang.Object, java.lang.Object, java.lang.Object, java.lang.Object, java.lang.Object, java.lang.Object, java.lang.Object, java.lang.Object, java.lang.Object, java.lang.Object, java.lang.Object, java.lang.Object, java.lang.Object, java.lang.Object, java.lang.Object, java.lang.Object)'> (0x0000000
Event: 43.110 Thread 0x0000029eb0248340 Exception <a 'java/lang/NoSuchMethodError'{0x00000000ed2ac9b8}: 'java.lang.Object java.lang.invoke.DirectMethodHandle$Holder.invokeSpecial(java.lang.Object, java.lang.Object, java.lang.Object, java.lang.Object, java.lang.Object, java.lang.Object, java.lang.Object, java.lang.Object, java.lang.Object, java.lang.Object, java.lang.Object, java.lang.Object, java.lang.Object, java.lang.Object, java.lang.Object, java.lang.Object, java.lang.Object, java.lang.Object, java.lang.Object, java.lang.Object, java.lang.Ob
Event: 43.111 Thread 0x0000029eb0248340 Exception <a 'java/lang/NoSuchMethodError'{0x00000000ed2b23f8}: 'java.lang.Object java.lang.invoke.DelegatingMethodHandle$Holder.reinvoke_L(java.lang.Object, java.lang.Object, java.lang.Object, java.lang.Object, java.lang.Object, java.lang.Object, java.lang.Object, java.lang.Object, java.lang.Object, java.lang.Object, java.lang.Object, java.lang.Object, java.lang.Object, java.lang.Object, java.lang.Object, java.lang.Object, java.lang.Object, java.lang.Object, java.lang.Object, java.lang.Object)'> (0x000000
Event: 43.147 Thread 0x0000029eb0248340 Exception <a 'java/lang/NoSuchMethodError'{0x00000000ed1f6630}: 'java.lang.Object java.lang.invoke.DirectMethodHandle$Holder.newInvokeSpecial(java.lang.Object, java.lang.Object, java.lang.Object, java.lang.Object, java.lang.Object, java.lang.Object, java.lang.Object, java.lang.Object, java.lang.Object, java.lang.Object, java.lang.Object, java.lang.Object)'> (0x00000000ed1f6630) 
thrown [s\src\hotspot\share\interpreter\linkResolver.cpp, line 773]
Event: 62.941 Thread 0x0000029eb0248340 Exception <a 'java/lang/NoSuchMethodError'{0x00000000eca54168}: 'int java.lang.invoke.DirectMethodHandle$Holder.invokeStaticInit(java.lang.Object, java.lang.Object, java.lang.Object)'> (0x00000000eca54168) 
thrown [s\src\hotspot\share\interpreter\linkResolver.cpp, line 773]
Event: 62.953 Thread 0x0000029eb0248340 Exception <a 'java/lang/NoSuchMethodError'{0x00000000eca693f0}: 'java.lang.Object java.lang.invoke.DirectMethodHandle$Holder.newInvokeSpecial(java.lang.Object, java.lang.Object, long)'> (0x00000000eca693f0) 
thrown [s\src\hotspot\share\interpreter\linkResolver.cpp, line 773]
Event: 62.955 Thread 0x0000029eb0248340 Exception <a 'java/lang/NoSuchMethodError'{0x00000000eca6d738}: 'java.lang.Object java.lang.invoke.Invokers$Holder.linkToTargetMethod(java.lang.Object, long, java.lang.Object)'> (0x00000000eca6d738) 
thrown [s\src\hotspot\share\interpreter\linkResolver.cpp, line 773]
Event: 63.483 Thread 0x0000029eb0248340 Exception <a 'java/lang/NoSuchMethodError'{0x00000000ec9c1098}: 'int java.lang.invoke.DirectMethodHandle$Holder.invokeInterface(java.lang.Object, java.lang.Object)'> (0x00000000ec9c1098) 
thrown [s\src\hotspot\share\interpreter\linkResolver.cpp, line 773]
Event: 63.595 Thread 0x0000029eb0248340 Implicit null exception at 0x0000029e8fec5923 to 0x0000029e8fec60cc
Event: 63.596 Thread 0x0000029eb0248340 Exception <a 'java/lang/NoSuchMethodError'{0x00000000ec9e9438}: 'java.lang.Object java.lang.invoke.DirectMethodHandle$Holder.invokeStatic(java.lang.Object, java.lang.Object, int, java.lang.Object)'> (0x00000000ec9e9438) 
thrown [s\src\hotspot\share\interpreter\linkResolver.cpp, line 773]
Event: 63.624 Thread 0x0000029eb0248340 Exception <a 'java/lang/NoSuchMethodError'{0x00000000ec9f0ec8}: 'java.lang.Object java.lang.invoke.DirectMethodHandle$Holder.newInvokeSpecial(java.lang.Object, java.lang.Object, int, java.lang.Object)'> (0x00000000ec9f0ec8) 
thrown [s\src\hotspot\share\interpreter\linkResolver.cpp, line 773]
Event: 63.630 Thread 0x0000029eb0248340 Exception <a 'java/lang/NoSuchMethodError'{0x00000000ec9f54d8}: 'java.lang.Object java.lang.invoke.DirectMethodHandle$Holder.invokeSpecial(java.lang.Object, java.lang.Object, java.lang.Object, int, java.lang.Object)'> (0x00000000ec9f54d8) 
thrown [s\src\hotspot\share\interpreter\linkResolver.cpp, line 773]
Event: 67.796 Thread 0x0000029eb0248de0 Implicit null exception at 0x0000029e8fe4bb23 to 0x0000029e8fe4bf10

VM Operations (20 events):
Event: 75.943 Executing VM operation: Cleanup
Event: 75.944 Executing VM operation: Cleanup done
Event: 82.018 Executing VM operation: Cleanup
Event: 82.019 Executing VM operation: Cleanup done
Event: 87.064 Executing VM operation: Cleanup
Event: 87.064 Executing VM operation: Cleanup done
Event: 88.065 Executing VM operation: Cleanup
Event: 88.065 Executing VM operation: Cleanup done
Event: 96.132 Executing VM operation: Cleanup
Event: 96.133 Executing VM operation: Cleanup done
Event: 106.226 Executing VM operation: Cleanup
Event: 106.226 Executing VM operation: Cleanup done
Event: 107.235 Executing VM operation: Cleanup
Event: 107.252 Executing VM operation: Cleanup done
Event: 116.328 Executing VM operation: Cleanup
Event: 116.328 Executing VM operation: Cleanup done
Event: 120.348 Executing VM operation: HandshakeAllThreads
Event: 120.370 Executing VM operation: HandshakeAllThreads done
Event: 120.370 Executing VM operation: Cleanup
Event: 120.370 Executing VM operation: Cleanup done

Events (20 events):
Event: 29.199 Thread 0x0000029eb0246e00 Thread added: 0x0000029eb0246e00
Event: 29.220 Thread 0x0000029eb02478a0 Thread added: 0x0000029eb02478a0
Event: 29.231 Thread 0x0000029eb02468b0 Thread added: 0x0000029eb02468b0
Event: 31.451 Thread 0x0000029eb0248de0 Thread added: 0x0000029eb0248de0
Event: 31.466 Thread 0x0000029eb02458c0 Thread added: 0x0000029eb02458c0
Event: 32.042 Thread 0x0000029eb0245e10 Thread added: 0x0000029eb0245e10
Event: 35.299 Thread 0x0000029eb0246360 Thread added: 0x0000029eb0246360
Event: 36.555 Thread 0x0000029eb1d61d20 Thread added: 0x0000029eb1d61d20
Event: 38.290 Thread 0x0000029eb1d61d20 Thread exited: 0x0000029eb1d61d20
Event: 40.165 Thread 0x0000029eb20c9d50 Thread added: 0x0000029eb20c9d50
Event: 40.239 Thread 0x0000029eb20c6830 Thread added: 0x0000029eb20c6830
Event: 41.219 Thread 0x0000029eb20c6d80 Thread added: 0x0000029eb20c6d80
Event: 41.466 Thread 0x0000029eb20c72d0 Thread added: 0x0000029eb20c72d0
Event: 41.541 Thread 0x0000029eb20c7820 Thread added: 0x0000029eb20c7820
Event: 41.585 Thread 0x0000029eb20c8810 Thread added: 0x0000029eb20c8810
Event: 41.587 Thread 0x0000029eb3dcf060 Thread added: 0x0000029eb3dcf060
Event: 42.094 Thread 0x0000029eb20c7d70 Thread added: 0x0000029eb20c7d70
Event: 42.270 Thread 0x0000029eb3dcf060 Thread exited: 0x0000029eb3dcf060
Event: 42.605 Thread 0x0000029eb20ca7f0 Thread added: 0x0000029eb20ca7f0
Event: 63.636 Thread 0x0000029eb20c5840 Thread added: 0x0000029eb20c5840


Dynamic libraries:
0x00007ff62ffe0000 - 0x00007ff62ffee000 	C:\Users\touby\.jdks\corretto-20.0.2.1\bin\java.exe
0x00007ffe08770000 - 0x00007ffe08987000 	C:\WINDOWS\SYSTEM32\ntdll.dll
0x00007ffe06af0000 - 0x00007ffe06bb4000 	C:\WINDOWS\System32\KERNEL32.DLL
0x00007ffe05ea0000 - 0x00007ffe06246000 	C:\WINDOWS\System32\KERNELBASE.dll
0x00007ffe063a0000 - 0x00007ffe064b1000 	C:\WINDOWS\System32\ucrtbase.dll
0x00007ffde0c90000 - 0x00007ffde0ca7000 	C:\Users\touby\.jdks\corretto-20.0.2.1\bin\jli.dll
0x00007ffe071d0000 - 0x00007ffe0737e000 	C:\WINDOWS\System32\USER32.dll
0x00007ffe062f0000 - 0x00007ffe06316000 	C:\WINDOWS\System32\win32u.dll
0x00007ffe06980000 - 0x00007ffe069a9000 	C:\WINDOWS\System32\GDI32.dll
0x00007ffe05d80000 - 0x00007ffe05e98000 	C:\WINDOWS\System32\gdi32full.dll
0x00007ffe06250000 - 0x00007ffe062ea000 	C:\WINDOWS\System32\msvcp_win.dll
0x00007ffde0930000 - 0x00007ffde094b000 	C:\Users\touby\.jdks\corretto-20.0.2.1\bin\VCRUNTIME140.dll
0x00007ffde5cd0000 - 0x00007ffde5f63000 	C:\WINDOWS\WinSxS\amd64_microsoft.windows.common-controls_6595b64144ccf1df_6.0.22621.2506_none_270c5ae97388e100\COMCTL32.dll
0x00007ffe06540000 - 0x00007ffe065e7000 	C:\WINDOWS\System32\msvcrt.dll
0x00007ffe065f0000 - 0x00007ffe06621000 	C:\WINDOWS\System32\IMM32.DLL
0x00007ffe00620000 - 0x00007ffe0062c000 	C:\Users\touby\.jdks\corretto-20.0.2.1\bin\vcruntime140_1.dll
0x00007ffddbbd0000 - 0x00007ffddbc5e000 	C:\Users\touby\.jdks\corretto-20.0.2.1\bin\msvcp140.dll
0x00007ffda1d70000 - 0x00007ffda2a74000 	C:\Users\touby\.jdks\corretto-20.0.2.1\bin\server\jvm.dll
0x00007ffe07110000 - 0x00007ffe071c1000 	C:\WINDOWS\System32\ADVAPI32.dll
0x00007ffe08380000 - 0x00007ffe08425000 	C:\WINDOWS\System32\sechost.dll
0x00007ffe08530000 - 0x00007ffe08647000 	C:\WINDOWS\System32\RPCRT4.dll
0x00007ffdf99b0000 - 0x00007ffdf99ba000 	C:\WINDOWS\SYSTEM32\VERSION.dll
0x00007ffdfc5b0000 - 0x00007ffdfc5e4000 	C:\WINDOWS\SYSTEM32\WINMM.dll
0x00007ffde3e70000 - 0x00007ffde3e79000 	C:\WINDOWS\SYSTEM32\WSOCK32.dll
0x00007ffe067f0000 - 0x00007ffe06861000 	C:\WINDOWS\System32\WS2_32.dll
0x00007ffe04aa0000 - 0x00007ffe04ab8000 	C:\WINDOWS\SYSTEM32\kernel.appcore.dll
0x00007ffdf9c20000 - 0x00007ffdf9c2a000 	C:\Users\touby\.jdks\corretto-20.0.2.1\bin\jimage.dll
0x00007ffe02e30000 - 0x00007ffe03063000 	C:\WINDOWS\SYSTEM32\DBGHELP.DLL
0x00007ffe06d80000 - 0x00007ffe07109000 	C:\WINDOWS\System32\combase.dll
0x00007ffe08650000 - 0x00007ffe08727000 	C:\WINDOWS\System32\OLEAUT32.dll
0x00007ffdd9410000 - 0x00007ffdd9442000 	C:\WINDOWS\SYSTEM32\dbgcore.DLL
0x00007ffe06320000 - 0x00007ffe0639a000 	C:\WINDOWS\System32\bcryptPrimitives.dll
0x00007ffdec2a0000 - 0x00007ffdec2ae000 	C:\Users\touby\.jdks\corretto-20.0.2.1\bin\instrument.dll
0x00007ffde0720000 - 0x00007ffde0746000 	C:\Users\touby\.jdks\corretto-20.0.2.1\bin\java.dll
0x00007ffdb9a30000 - 0x00007ffdb9b07000 	C:\Users\touby\.jdks\corretto-20.0.2.1\bin\jsvml.dll
0x00007ffe07850000 - 0x00007ffe080aa000 	C:\WINDOWS\System32\SHELL32.dll
0x00007ffe039b0000 - 0x00007ffe042a6000 	C:\WINDOWS\SYSTEM32\windows.storage.dll
0x00007ffe03870000 - 0x00007ffe039ae000 	C:\WINDOWS\SYSTEM32\wintypes.dll
0x00007ffe08430000 - 0x00007ffe08523000 	C:\WINDOWS\System32\SHCORE.dll
0x00007ffe064d0000 - 0x00007ffe0652e000 	C:\WINDOWS\System32\shlwapi.dll
0x00007ffe05a10000 - 0x00007ffe05a36000 	C:\WINDOWS\SYSTEM32\profapi.dll
0x00007ffde02e0000 - 0x00007ffde02f8000 	C:\Users\touby\.jdks\corretto-20.0.2.1\bin\zip.dll
0x00007ffddbee0000 - 0x00007ffddbef3000 	C:\Users\touby\.jdks\corretto-20.0.2.1\bin\net.dll
0x00007ffdff350000 - 0x00007ffdff487000 	C:\WINDOWS\SYSTEM32\WINHTTP.dll
0x00007ffe04f10000 - 0x00007ffe04f79000 	C:\WINDOWS\system32\mswsock.dll
0x00007ffddbaa0000 - 0x00007ffddbab6000 	C:\Users\touby\.jdks\corretto-20.0.2.1\bin\nio.dll
0x00007ffdec1d0000 - 0x00007ffdec1e0000 	C:\Users\touby\.jdks\corretto-20.0.2.1\bin\verify.dll
0x00007ffdec210000 - 0x00007ffdec237000 	C:\Users\touby\.gradle\native\c067742578af261105cb4f569cf0c3c89f3d7b1fecec35dd04571415982c5e48\windows-amd64\native-platform.dll
0x00007ffdb98e0000 - 0x00007ffdb9a24000 	C:\Users\touby\.gradle\native\38dada09dfb8b06ba9b0570ebf7e218e3eb74d4ef43ca46872605cf95ebc2f47\windows-amd64\native-platform-file-events.dll
0x00007ffdec100000 - 0x00007ffdec10a000 	C:\Users\touby\.jdks\corretto-20.0.2.1\bin\management.dll
0x00007ffde4440000 - 0x00007ffde444b000 	C:\Users\touby\.jdks\corretto-20.0.2.1\bin\management_ext.dll
0x00007ffe06530000 - 0x00007ffe06538000 	C:\WINDOWS\System32\PSAPI.DLL
0x00007ffe051b0000 - 0x00007ffe051cb000 	C:\WINDOWS\SYSTEM32\CRYPTSP.dll
0x00007ffe04a00000 - 0x00007ffe04a35000 	C:\WINDOWS\system32\rsaenh.dll
0x00007ffe04fc0000 - 0x00007ffe04fec000 	C:\WINDOWS\SYSTEM32\USERENV.dll
0x00007ffe05380000 - 0x00007ffe053a8000 	C:\WINDOWS\SYSTEM32\bcrypt.dll
0x00007ffe05120000 - 0x00007ffe0512c000 	C:\WINDOWS\SYSTEM32\CRYPTBASE.dll
0x00007ffe04510000 - 0x00007ffe0453d000 	C:\WINDOWS\SYSTEM32\IPHLPAPI.DLL
0x00007ffe06870000 - 0x00007ffe06879000 	C:\WINDOWS\System32\NSI.dll
0x00007ffdfe210000 - 0x00007ffdfe229000 	C:\WINDOWS\SYSTEM32\dhcpcsvc6.DLL
0x00007ffdfe0e0000 - 0x00007ffdfe0ff000 	C:\WINDOWS\SYSTEM32\dhcpcsvc.DLL
0x00007ffe04580000 - 0x00007ffe04679000 	C:\WINDOWS\SYSTEM32\DNSAPI.dll
0x00007ffde40b0000 - 0x00007ffde40b7000 	C:\Users\touby\.jdks\corretto-20.0.2.1\bin\extnet.dll
0x00007ffde3fd0000 - 0x00007ffde3fde000 	C:\Users\touby\.jdks\corretto-20.0.2.1\bin\sunmscapi.dll
0x00007ffe05c10000 - 0x00007ffe05d76000 	C:\WINDOWS\System32\CRYPT32.dll
0x00007ffe05350000 - 0x00007ffe0537d000 	C:\WINDOWS\SYSTEM32\ncrypt.dll
0x00007ffe05310000 - 0x00007ffe05347000 	C:\WINDOWS\SYSTEM32\NTASN1.dll
0x00007ffe00500000 - 0x00007ffe00508000 	C:\WINDOWS\system32\wshunix.dll

dbghelp: loaded successfully - version: 4.0.5 - missing functions: none
symbol engine: initialized successfully - sym options: 0x614 - pdb path: .;C:\Users\touby\.jdks\corretto-20.0.2.1\bin;C:\WINDOWS\SYSTEM32;C:\WINDOWS\WinSxS\amd64_microsoft.windows.common-controls_6595b64144ccf1df_6.0.22621.2506_none_270c5ae97388e100;C:\Users\touby\.jdks\corretto-20.0.2.1\bin\server;C:\Users\touby\.gradle\native\c067742578af261105cb4f569cf0c3c89f3d7b1fecec35dd04571415982c5e48\windows-amd64;C:\Users\touby\.gradle\native\38dada09dfb8b06ba9b0570ebf7e218e3eb74d4ef43ca46872605cf95ebc2f47\windows-amd64

VM Arguments:
jvm_args: --add-opens=java.base/java.util=ALL-UNNAMED --add-opens=java.base/java.lang=ALL-UNNAMED --add-opens=java.base/java.lang.invoke=ALL-UNNAMED --add-opens=java.prefs/java.util.prefs=ALL-UNNAMED --add-opens=java.base/java.nio.charset=ALL-UNNAMED --add-opens=java.base/java.net=ALL-UNNAMED --add-opens=java.base/java.util.concurrent.atomic=ALL-UNNAMED -XX:MaxMetaspaceSize=384m -XX:+HeapDumpOnOutOfMemoryError -Xms256m -Xmx512m -Dfile.encoding=windows-1252 -Duser.country=CA -Duser.language=en -Duser.variant -javaagent:C:\Users\touby\.gradle\wrapper\dists\gradle-8.5-bin\5t9huq95ubn472n8rpzujfbqh\gradle-8.5\lib\agents\gradle-instrumentation-agent-8.5.jar 
java_command: org.gradle.launcher.daemon.bootstrap.GradleDaemon 8.5
java_class_path (initial): C:\Users\touby\.gradle\wrapper\dists\gradle-8.5-bin\5t9huq95ubn472n8rpzujfbqh\gradle-8.5\lib\gradle-launcher-8.5.jar
Launcher Type: SUN_STANDARD

[Global flags]
     intx CICompilerCount                          = 4                                         {product} {ergonomic}
   size_t CompressedClassSpaceSize                 = 322961408                                 {product} {ergonomic}
     uint ConcGCThreads                            = 2                                         {product} {ergonomic}
     uint G1ConcRefinementThreads                  = 8                                         {product} {ergonomic}
   size_t G1HeapRegionSize                         = 1048576                                   {product} {ergonomic}
    uintx GCDrainStackTargetSize                   = 64                                        {product} {ergonomic}
     bool HeapDumpOnOutOfMemoryError               = true                                   {manageable} {command line}
   size_t InitialHeapSize                          = 268435456                                 {product} {command line}
   size_t MarkStackSize                            = 4194304                                   {product} {ergonomic}
   size_t MaxHeapSize                              = 536870912                                 {product} {command line}
   size_t MaxMetaspaceSize                         = 402653184                                 {product} {command line}
   size_t MaxNewSize                               = 321912832                                 {product} {ergonomic}
   size_t MinHeapDeltaBytes                        = 1048576                                   {product} {ergonomic}
   size_t MinHeapSize                              = 268435456                                 {product} {command line}
    uintx NonNMethodCodeHeapSize                   = 5839372                                {pd product} {ergonomic}
    uintx NonProfiledCodeHeapSize                  = 122909434                              {pd product} {ergonomic}
    uintx ProfiledCodeHeapSize                     = 122909434                              {pd product} {ergonomic}
    uintx ReservedCodeCacheSize                    = 251658240                              {pd product} {ergonomic}
     bool SegmentedCodeCache                       = true                                      {product} {ergonomic}
   size_t SoftMaxHeapSize                          = 536870912                              {manageable} {ergonomic}
     bool UseCompressedClassPointers               = true                           {product lp64_product} {ergonomic}
     bool UseCompressedOops                        = true                           {product lp64_product} {ergonomic}
     bool UseG1GC                                  = true                                      {product} {ergonomic}
     bool UseLargePagesIndividualAllocation        = false                                  {pd product} {ergonomic}

Logging:
Log output configuration:
 #0: stdout all=warning uptime,level,tags foldmultilines=false
 #1: stderr all=off uptime,level,tags foldmultilines=false

Environment Variables:
PATH=C:\Program Files (x86)\Common Files\Oracle\Java\javapath;C:\WINDOWS\system32;C:\WINDOWS;C:\WINDOWS\System32\Wbem;C:\WINDOWS\System32\WindowsPowerShell\v1.0\;C:\WINDOWS\System32\OpenSSH\;C:\Program Files\Git\cmd;C:\xampp\php;C:\ProgramData\ComposerSetup\bin;C:\Program Files\nodejs\;C:\Program Files\Microsoft SQL Server\150\Tools\Binn\;C:\Program Files\Microsoft SQL Server\Client SDK\ODBC\170\Tools\Binn\;C:\Program Files\dotnet\;C:\Program Files\Docker\Docker\resources\bin;C:\Users\touby\AppData\Local\Microsoft\WindowsApps;;C:\Users\touby\AppData\Local\Programs\Microsoft VS Code\bin;C:\Program Files\JetBrains\PhpStorm 2023.2.4\bin;;C:\Users\touby\AppData\Roaming\Composer\vendor\bin;C:\Users\touby\AppData\Roaming\npm;C:\Program Files (x86)\Brackets\;C:\Users\touby\.dotnet\tools
USERNAME=touby
OS=Windows_NT
PROCESSOR_IDENTIFIER=Intel64 Family 6 Model 140 Stepping 2, GenuineIntel
TMP=C:\Users\touby\AppData\Local\Temp
TEMP=C:\Users\touby\AppData\Local\Temp




---------------  S Y S T E M  ---------------

OS:
 Windows 11 , 64 bit Build 22621 (10.0.22621.2506)
OS uptime: 0 days 9:26 hours
Hyper-V role detected

CPU: total 8 (initial active 8) (4 cores per cpu, 2 threads per core) family 6 model 140 stepping 2 microcode 0x2c, cx8, cmov, fxsr, ht, mmx, 3dnowpref, sse, sse2, sse3, ssse3, sse4.1, sse4.2, popcnt, lzcnt, tsc, tscinvbit, avx, avx2, aes, erms, clmul, bmi1, bmi2, adx, avx512f, avx512dq, avx512cd, avx512bw, avx512vl, sha, fma, vzeroupper, avx512_vpopcntdq, avx512_vpclmulqdq, avx512_vaes, avx512_vnni, clflush, clflushopt, clwb, avx512_vbmi2, avx512_vbmi, hv, rdtscp, rdpid, fsrm, gfni, avx512_bitalg, f16c, cet_ibt, cet_ss, avx512_ifma

Memory: 4k page, system-wide physical 7941M (6M free)
TotalPageFile size 32517M (AvailPageFile size 2M)
current process WorkingSet (physical memory assigned to process): 26M, peak: 208M
current process commit charge ("private bytes"): 421M, peak: 436M

vm_info: OpenJDK 64-Bit Server VM (20.0.2.1+10-FR) for windows-amd64 JRE (20.0.2.1+10-FR), built on 2023-08-19T09:18:31Z by "Administrator" with unknown MS VC++:1937

END.
